Fri, 10 Feb 2017 02:13:11 GMT ::1 - POST /api/getURLandID HTTP/1.1 200 115 - 933.758 ms
Fri, 10 Feb 2017 02:13:15 GMT ::1 - POST /api/checkCodeValidity HTTP/1.1 200 128 - 35.526 ms
Fri, 10 Feb 2017 02:31:39 GMT ::1 - POST /api/checkCodeValidity HTTP/1.1 200 128 - 5.432 ms
Fri, 10 Feb 2017 02:32:46 GMT ::1 - POST /api/checkCodeValidity HTTP/1.1 200 128 - 3.177 ms
Fri, 10 Feb 2017 02:35:26 GMT ::1 - POST /api/checkCodeValidity HTTP/1.1 200 128 - 4.370 ms
Fri, 10 Feb 2017 02:36:00 GMT ::1 - POST /api/checkCodeValidity HTTP/1.1 200 128 - 6.728 ms
Fri, 10 Feb 2017 02:36:52 GMT ::1 - POST /api/checkCodeValidity HTTP/1.1 200 128 - 4.755 ms
Fri, 10 Feb 2017 02:44:43 GMT ::1 - POST /api/checkCodeValidity HTTP/1.1 200 15 - 3.258 ms
Fri, 10 Feb 2017 02:46:56 GMT ::1 - POST /api/getURLandID HTTP/1.1 - - - - ms
Fri, 10 Feb 2017 02:47:55 GMT ::1 - POST /api/getURLandID HTTP/1.1 200 115 - 74.279 ms
Fri, 10 Feb 2017 02:47:58 GMT ::1 - POST /api/checkCodeValidity HTTP/1.1 200 128 - 3.075 ms
Fri, 10 Feb 2017 02:52:24 GMT ::1 - POST /api/checkCodeValidity HTTP/1.1 200 128 - 3.546 ms
Fri, 10 Feb 2017 02:58:59 GMT ::1 - POST /api/checkCodeValidity HTTP/1.1 200 128 - 3.667 ms
Sun, 12 Feb 2017 16:23:35 GMT ::1 - POST /api/getURLandID HTTP/1.1 - - - - ms
Sun, 12 Feb 2017 16:26:54 GMT ::1 - POST /api/getURLandID HTTP/1.1 - - - - ms
Sun, 12 Feb 2017 16:27:54 GMT ::1 - POST /api/getURLandID HTTP/1.1 200 115 - 191.121 ms
Sun, 12 Feb 2017 16:27:58 GMT ::1 - POST /api/checkCodeValidity HTTP/1.1 200 128 - 13.099 ms
Sun, 12 Feb 2017 16:35:05 GMT ::1 - POST /api/checkCodeValidity HTTP/1.1 200 128 - 5.172 ms
Sun, 12 Feb 2017 16:35:19 GMT ::1 - POST /api/checkCodeValidity HTTP/1.1 200 128 - 3.701 ms
Sun, 12 Feb 2017 16:35:36 GMT ::1 - POST /api/checkCodeValidity HTTP/1.1 200 128 - 7.255 ms
Sun, 12 Feb 2017 16:38:58 GMT ::1 - PUT /api/payments/58a08d0a6ac7ca0a14bc8104 HTTP/1.1 200 347 - 213.323 ms
Sun, 12 Feb 2017 16:38:58 GMT ::1 - GET /api/payments HTTP/1.1 200 362 - 59.530 ms
Sun, 12 Feb 2017 16:39:13 GMT ::1 - POST /api/checkCodeValidity HTTP/1.1 200 128 - 4.982 ms
Sun, 12 Feb 2017 16:39:35 GMT ::1 - PUT /api/payments/58a08d0a6ac7ca0a14bc8104 HTTP/1.1 200 347 - 43.247 ms
Sun, 12 Feb 2017 16:39:35 GMT ::1 - GET /api/payments HTTP/1.1 200 362 - 136.655 ms
Sun, 12 Feb 2017 16:40:17 GMT ::1 - POST /api/checkCodeValidity HTTP/1.1 200 128 - 5.333 ms
Sun, 12 Feb 2017 16:40:39 GMT ::1 - GET /api/payments HTTP/1.1 200 362 - 16.214 ms
Sun, 12 Feb 2017 16:40:39 GMT ::1 - PUT /api/payments/58a08d0a6ac7ca0a14bc8104 HTTP/1.1 200 347 - 59.572 ms
Sun, 12 Feb 2017 16:50:38 GMT ::1 - POST /api/getURLandID HTTP/1.1 200 115 - 31.059 ms
Sun, 12 Feb 2017 16:50:41 GMT ::1 - POST /api/checkCodeValidity HTTP/1.1 200 128 - 3.353 ms
Sun, 12 Feb 2017 16:51:01 GMT ::1 - PUT /api/payments/58a0925e6ac7ca0a14bc8105 HTTP/1.1 200 346 - 40.785 ms
Sun, 12 Feb 2017 16:51:01 GMT ::1 - GET /api/payments HTTP/1.1 200 709 - 47.033 ms
Sun, 12 Feb 2017 16:54:14 GMT ::1 - POST /api/checkCodeValidity HTTP/1.1 200 128 - 7.348 ms
Sun, 12 Feb 2017 16:54:34 GMT ::1 - PUT /api/payments/58a0925e6ac7ca0a14bc8105 HTTP/1.1 200 347 - 74.510 ms
Sun, 12 Feb 2017 16:54:34 GMT ::1 - GET /api/payments HTTP/1.1 200 710 - 11.623 ms
Sun, 12 Feb 2017 16:57:31 GMT ::1 - POST /api/checkCodeValidity HTTP/1.1 200 128 - 4.630 ms
Sun, 12 Feb 2017 16:57:51 GMT ::1 - GET /api/payments HTTP/1.1 200 710 - 32.786 ms
Sun, 12 Feb 2017 16:57:51 GMT ::1 - PUT /api/payments/58a0925e6ac7ca0a14bc8105 HTTP/1.1 200 347 - 79.348 ms
Sun, 12 Feb 2017 17:07:59 GMT ::1 - POST /api/checkCodeValidity HTTP/1.1 200 15 - 3.451 ms
Sun, 12 Feb 2017 17:08:03 GMT ::1 - POST /api/checkCodeValidity HTTP/1.1 200 15 - 5.810 ms
Sun, 12 Feb 2017 17:08:58 GMT ::1 - POST /api/getURLandID HTTP/1.1 200 115 - 27.175 ms
Sun, 12 Feb 2017 17:09:01 GMT ::1 - POST /api/checkCodeValidity HTTP/1.1 200 128 - 3.360 ms
Sun, 12 Feb 2017 17:09:25 GMT ::1 - PUT /api/payments/58a096aa6ac7ca0a14bc8106 HTTP/1.1 200 347 - 41.247 ms
Sun, 12 Feb 2017 17:09:25 GMT ::1 - GET /api/payments HTTP/1.1 200 1058 - 20.888 ms
Sun, 12 Feb 2017 17:11:42 GMT ::1 - POST /api/checkCodeValidity HTTP/1.1 200 128 - 3.176 ms
Sun, 12 Feb 2017 17:12:09 GMT ::1 - PUT /api/payments/58a096aa6ac7ca0a14bc8106 HTTP/1.1 200 347 - 33.622 ms
Sun, 12 Feb 2017 17:12:09 GMT ::1 - GET /api/payments HTTP/1.1 200 1058 - 11.326 ms
Sun, 12 Feb 2017 17:18:48 GMT ::1 - POST /api/checkCodeValidity HTTP/1.1 200 128 - 7.783 ms
Sun, 12 Feb 2017 17:19:06 GMT ::1 - PUT /api/payments/58a096aa6ac7ca0a14bc8106 HTTP/1.1 200 347 - 34.720 ms
Sun, 12 Feb 2017 17:19:06 GMT ::1 - GET /api/payments HTTP/1.1 200 1058 - 17.402 ms
Sun, 12 Feb 2017 17:19:39 GMT ::1 - POST /api/checkCodeValidity HTTP/1.1 200 128 - 4.262 ms
Sun, 12 Feb 2017 17:20:53 GMT ::1 - POST /api/checkCodeValidity HTTP/1.1 200 15 - 3.418 ms
Sun, 12 Feb 2017 17:20:56 GMT ::1 - POST /api/checkCodeValidity HTTP/1.1 200 15 - 6.556 ms
Sun, 12 Feb 2017 18:37:43 GMT ::1 - POST /api/getURLandID HTTP/1.1 200 115 - 79.610 ms
Sun, 12 Feb 2017 18:37:46 GMT ::1 - POST /api/checkCodeValidity HTTP/1.1 200 15 - 3.064 ms
Sun, 12 Feb 2017 18:38:59 GMT ::1 - POST /api/getURLandID HTTP/1.1 200 115 - 69.799 ms
Sun, 12 Feb 2017 18:39:02 GMT ::1 - POST /api/checkCodeValidity HTTP/1.1 200 128 - 5.108 ms
Sun, 12 Feb 2017 18:39:22 GMT ::1 - PUT /api/payments/58a0abc36ac7ca0a14bc8108 HTTP/1.1 200 347 - 76.872 ms
Sun, 12 Feb 2017 18:39:22 GMT ::1 - GET /api/payments HTTP/1.1 200 362 - 8.925 ms
Sun, 12 Feb 2017 18:39:53 GMT ::1 - POST /api/checkCodeValidity HTTP/1.1 200 128 - 3.039 ms
Sun, 12 Feb 2017 18:40:13 GMT ::1 - PUT /api/payments/58a0abc36ac7ca0a14bc8108 HTTP/1.1 200 347 - 29.345 ms
Sun, 12 Feb 2017 18:40:13 GMT ::1 - GET /api/payments HTTP/1.1 200 362 - 43.417 ms
Sun, 12 Feb 2017 18:40:40 GMT ::1 - POST /api/checkCodeValidity HTTP/1.1 200 128 - 4.259 ms
Sun, 12 Feb 2017 18:41:22 GMT ::1 - POST /api/checkCodeValidity HTTP/1.1 200 128 - 7.236 ms
Sun, 12 Feb 2017 18:43:47 GMT ::1 - POST /api/checkCodeValidity HTTP/1.1 200 128 - 3.561 ms
Sun, 12 Feb 2017 18:44:16 GMT ::1 - GET /api/payments HTTP/1.1 200 362 - 66.529 ms
Sun, 12 Feb 2017 18:44:16 GMT ::1 - PUT /api/payments/58a0abc36ac7ca0a14bc8108 HTTP/1.1 200 347 - 118.422 ms
Sun, 12 Feb 2017 18:47:06 GMT ::1 - POST /api/checkCodeValidity HTTP/1.1 200 128 - 3.330 ms
Sun, 12 Feb 2017 21:58:53 GMT ::1 - POST /api/getURLandID HTTP/1.1 200 115 - 345.492 ms
Sun, 12 Feb 2017 21:58:55 GMT ::1 - POST /api/checkCodeValidity HTTP/1.1 200 128 - 8.622 ms
Sun, 12 Feb 2017 21:59:25 GMT ::1 - GET /api/payments HTTP/1.1 200 527 - 28.998 ms
Sun, 12 Feb 2017 21:59:25 GMT ::1 - PUT /api/payments/58a0da9da4e3a4116012a74b HTTP/1.1 200 345 - 172.286 ms
Sun, 12 Feb 2017 21:59:34 GMT ::1 - POST /api/checkCodeValidity HTTP/1.1 200 128 - 4.491 ms
Sun, 12 Feb 2017 22:05:56 GMT ::1 - POST /api/checkCodeValidity HTTP/1.1 200 128 - 3.172 ms
Sun, 12 Feb 2017 22:06:23 GMT ::1 - PUT /api/payments/58a0da9da4e3a4116012a74b HTTP/1.1 200 345 - 54.507 ms
Sun, 12 Feb 2017 22:06:23 GMT ::1 - GET /api/payments HTTP/1.1 200 708 - 9.910 ms
Sun, 12 Feb 2017 22:13:45 GMT ::1 - POST /api/checkCodeValidity HTTP/1.1 200 128 - 5.243 ms
Sun, 12 Feb 2017 22:19:06 GMT ::1 - POST /api/checkCodeValidity HTTP/1.1 200 128 - 3.036 ms
Sun, 12 Feb 2017 22:19:27 GMT ::1 - PUT /api/payments/58a0da9da4e3a4116012a74b HTTP/1.1 200 346 - 56.679 ms
Sun, 12 Feb 2017 22:19:27 GMT ::1 - GET /api/payments HTTP/1.1 200 709 - 24.329 ms
Sun, 12 Feb 2017 22:24:31 GMT ::1 - POST /api/checkCodeValidity HTTP/1.1 200 128 - 3.352 ms
Sun, 12 Feb 2017 22:28:35 GMT ::1 - POST /api/checkCodeValidity HTTP/1.1 200 128 - 3.057 ms
Sun, 12 Feb 2017 22:29:54 GMT ::1 - GET /api/payments HTTP/1.1 200 709 - 14.306 ms
Sun, 12 Feb 2017 22:29:54 GMT ::1 - PUT /api/payments/58a0da9da4e3a4116012a74b HTTP/1.1 200 347 - 52.590 ms
Sun, 12 Feb 2017 22:56:37 GMT ::1 - POST /api/getURLandID HTTP/1.1 200 115 - 49.019 ms
Sun, 12 Feb 2017 22:56:39 GMT ::1 - POST /api/checkCodeValidity HTTP/1.1 200 15 - 37.260 ms
Sun, 12 Feb 2017 22:57:46 GMT ::1 - POST /api/getURLandID HTTP/1.1 200 115 - 79.192 ms
Sun, 12 Feb 2017 22:57:48 GMT ::1 - POST /api/checkCodeValidity HTTP/1.1 200 128 - 2.996 ms
Sun, 12 Feb 2017 22:58:03 GMT ::1 - PUT /api/payments/58a0e86aa4e3a4116012a74d HTTP/1.1 200 347 - 45.814 ms
Sun, 12 Feb 2017 22:58:03 GMT ::1 - GET /api/payments HTTP/1.1 200 362 - 10.093 ms
Sun, 12 Feb 2017 22:59:01 GMT ::1 - POST /api/checkCodeValidity HTTP/1.1 200 128 - 2.811 ms
Sun, 12 Feb 2017 22:59:16 GMT ::1 - PUT /api/payments/58a0e86aa4e3a4116012a74d HTTP/1.1 200 347 - 42.498 ms
Sun, 12 Feb 2017 22:59:16 GMT ::1 - GET /api/payments HTTP/1.1 200 362 - 24.425 ms
Sun, 12 Feb 2017 22:59:40 GMT ::1 - POST /api/checkCodeValidity HTTP/1.1 200 128 - 3.903 ms
Sun, 12 Feb 2017 22:59:44 GMT ::1 - POST /api/checkCodeValidity HTTP/1.1 200 128 - 3.423 ms
Sun, 12 Feb 2017 22:59:56 GMT ::1 - PUT /api/payments/58a0e86aa4e3a4116012a74d HTTP/1.1 200 347 - 30.292 ms
Sun, 12 Feb 2017 22:59:56 GMT ::1 - GET /api/payments HTTP/1.1 200 362 - 21.839 ms
Sun, 12 Feb 2017 23:02:47 GMT ::1 - POST /api/checkCodeValidity HTTP/1.1 200 128 - 3.063 ms
Sun, 12 Feb 2017 23:03:06 GMT ::1 - GET /api/payments HTTP/1.1 200 362 - 18.871 ms
Sun, 12 Feb 2017 23:03:06 GMT ::1 - PUT /api/payments/58a0e86aa4e3a4116012a74d HTTP/1.1 200 347 - 49.778 ms
Sun, 12 Feb 2017 23:04:24 GMT ::1 - POST /api/checkCodeValidity HTTP/1.1 200 128 - 5.357 ms
Sun, 12 Feb 2017 23:04:40 GMT ::1 - PUT /api/payments/58a0e86aa4e3a4116012a74d HTTP/1.1 200 347 - 36.207 ms
Sun, 12 Feb 2017 23:04:40 GMT ::1 - GET /api/payments HTTP/1.1 200 362 - 13.859 ms
Sun, 12 Feb 2017 23:07:15 GMT ::1 - POST /api/checkCodeValidity HTTP/1.1 200 128 - 1.651 ms
Sun, 12 Feb 2017 23:07:40 GMT ::1 - PUT /api/payments/58a0e86aa4e3a4116012a74d HTTP/1.1 200 347 - 67.701 ms
Sun, 12 Feb 2017 23:07:40 GMT ::1 - GET /api/payments HTTP/1.1 200 362 - 7.711 ms
Sun, 12 Feb 2017 23:08:58 GMT ::1 - POST /api/checkCodeValidity HTTP/1.1 200 128 - 1.803 ms
Sun, 12 Feb 2017 23:09:15 GMT ::1 - PUT /api/payments/58a0e86aa4e3a4116012a74d HTTP/1.1 200 347 - 44.974 ms
Sun, 12 Feb 2017 23:09:15 GMT ::1 - GET /api/payments HTTP/1.1 200 362 - 8.502 ms
Sun, 12 Feb 2017 23:09:53 GMT ::1 - POST /api/checkCodeValidity HTTP/1.1 200 128 - 2.161 ms
Sun, 12 Feb 2017 23:10:08 GMT ::1 - PUT /api/payments/58a0e86aa4e3a4116012a74d HTTP/1.1 200 347 - 32.752 ms
Sun, 12 Feb 2017 23:10:08 GMT ::1 - GET /api/payments HTTP/1.1 200 362 - 13.471 ms
Sun, 12 Feb 2017 23:11:08 GMT ::1 - POST /api/checkCodeValidity HTTP/1.1 200 15 - 11.886 ms
Sun, 12 Feb 2017 23:13:22 GMT ::1 - POST /api/getURLandID HTTP/1.1 - - - - ms
Sun, 12 Feb 2017 23:13:24 GMT ::1 - POST /api/getURLandID HTTP/1.1 - - - - ms
Sun, 12 Feb 2017 23:18:31 GMT ::1 - POST /api/getURLandID HTTP/1.1 - - - - ms
Sun, 12 Feb 2017 23:20:29 GMT ::1 - POST /api/getURLandID HTTP/1.1 - - - - ms
Mon, 13 Feb 2017 00:03:56 GMT ::1 - POST /api/getURLandID HTTP/1.1 - - - - ms
Mon, 13 Feb 2017 00:04:22 GMT ::1 - POST /api/getURLandID HTTP/1.1 - - - - ms
Mon, 13 Feb 2017 00:05:41 GMT ::1 - POST /api/getURLandID HTTP/1.1 200 115 - 285.909 ms
Mon, 13 Feb 2017 00:05:44 GMT ::1 - POST /api/checkCodeValidity HTTP/1.1 200 128 - 6.062 ms
Mon, 13 Feb 2017 00:06:05 GMT ::1 - PUT /api/payments/58a0f8550982310ed8c0dc03 HTTP/1.1 200 347 - 91.603 ms
Mon, 13 Feb 2017 00:06:05 GMT ::1 - GET /api/payments HTTP/1.1 200 362 - 61.705 ms
Mon, 13 Feb 2017 00:06:17 GMT ::1 - POST /api/checkCodeValidity HTTP/1.1 200 128 - 1.634 ms
Mon, 13 Feb 2017 00:06:34 GMT ::1 - PUT /api/payments/58a0f8550982310ed8c0dc03 HTTP/1.1 200 347 - 31.076 ms
Mon, 13 Feb 2017 00:06:34 GMT ::1 - GET /api/payments HTTP/1.1 200 362 - 21.232 ms
Mon, 13 Feb 2017 00:08:22 GMT ::1 - POST /api/checkCodeValidity HTTP/1.1 200 128 - 1.135 ms
Mon, 13 Feb 2017 00:08:39 GMT ::1 - PUT /api/payments/58a0f8550982310ed8c0dc03 HTTP/1.1 200 347 - 36.384 ms
Mon, 13 Feb 2017 00:08:39 GMT ::1 - GET /api/payments HTTP/1.1 200 362 - 26.452 ms
Mon, 13 Feb 2017 00:12:52 GMT ::1 - POST /api/checkCodeValidity HTTP/1.1 200 128 - 1.335 ms
Mon, 13 Feb 2017 00:13:12 GMT ::1 - GET /api/payments HTTP/1.1 200 362 - 11.915 ms
Mon, 13 Feb 2017 00:13:12 GMT ::1 - PUT /api/payments/58a0f8550982310ed8c0dc03 HTTP/1.1 200 347 - 40.634 ms
Mon, 13 Feb 2017 00:14:44 GMT ::1 - POST /api/checkCodeValidity HTTP/1.1 200 128 - 1.051 ms
Mon, 13 Feb 2017 00:15:18 GMT ::1 - PUT /api/payments/58a0f8550982310ed8c0dc03 HTTP/1.1 200 347 - 167.733 ms
Mon, 13 Feb 2017 00:15:18 GMT ::1 - GET /api/payments HTTP/1.1 200 362 - 11.997 ms
Mon, 13 Feb 2017 00:17:12 GMT ::1 - POST /api/checkCodeValidity HTTP/1.1 200 128 - 1.145 ms
Mon, 13 Feb 2017 00:17:30 GMT ::1 - PUT /api/payments/58a0f8550982310ed8c0dc03 HTTP/1.1 200 347 - 45.275 ms
Mon, 13 Feb 2017 00:17:30 GMT ::1 - GET /api/payments HTTP/1.1 200 362 - 9.640 ms
Mon, 13 Feb 2017 00:18:29 GMT ::1 - POST /api/checkCodeValidity HTTP/1.1 200 128 - 1.241 ms
Mon, 13 Feb 2017 00:23:20 GMT ::1 - POST /api/checkCodeValidity HTTP/1.1 200 128 - 1.200 ms
Mon, 13 Feb 2017 00:23:37 GMT ::1 - GET /api/payments HTTP/1.1 200 362 - 10.407 ms
Mon, 13 Feb 2017 00:23:37 GMT ::1 - PUT /api/payments/58a0f8550982310ed8c0dc03 HTTP/1.1 200 347 - 39.713 ms
Mon, 13 Feb 2017 00:24:15 GMT ::1 - POST /api/checkCodeValidity HTTP/1.1 200 128 - 1.144 ms
Mon, 13 Feb 2017 00:24:33 GMT ::1 - GET /api/payments HTTP/1.1 200 362 - 12.782 ms
Mon, 13 Feb 2017 00:24:33 GMT ::1 - PUT /api/payments/58a0f8550982310ed8c0dc03 HTTP/1.1 200 346 - 61.002 ms
Mon, 13 Feb 2017 00:24:52 GMT ::1 - POST /api/checkCodeValidity HTTP/1.1 200 128 - 1.182 ms
Mon, 13 Feb 2017 00:25:10 GMT ::1 - POST /api/checkCodeValidity HTTP/1.1 200 128 - 0.984 ms
Mon, 13 Feb 2017 00:25:24 GMT ::1 - PUT /api/payments/58a0f8550982310ed8c0dc03 HTTP/1.1 200 346 - 36.150 ms
Mon, 13 Feb 2017 00:25:24 GMT ::1 - GET /api/payments HTTP/1.1 200 361 - 9.269 ms
Mon, 13 Feb 2017 00:25:39 GMT ::1 - POST /api/checkCodeValidity HTTP/1.1 200 128 - 0.942 ms
Mon, 13 Feb 2017 00:26:22 GMT ::1 - POST /api/checkCodeValidity HTTP/1.1 200 128 - 1.271 ms
Mon, 13 Feb 2017 00:26:39 GMT ::1 - PUT /api/payments/58a0f8550982310ed8c0dc03 HTTP/1.1 200 347 - 37.140 ms
Mon, 13 Feb 2017 00:26:39 GMT ::1 - GET /api/payments HTTP/1.1 200 362 - 22.030 ms
Mon, 13 Feb 2017 00:27:28 GMT ::1 - POST /api/checkCodeValidity HTTP/1.1 200 128 - 0.949 ms
Mon, 13 Feb 2017 00:27:44 GMT ::1 - PUT /api/payments/58a0f8550982310ed8c0dc03 HTTP/1.1 200 347 - 28.543 ms
Mon, 13 Feb 2017 00:27:44 GMT ::1 - GET /api/payments HTTP/1.1 200 362 - 10.533 ms
Mon, 13 Feb 2017 00:28:00 GMT ::1 - POST /api/checkCodeValidity HTTP/1.1 200 128 - 2.105 ms
Mon, 13 Feb 2017 00:28:39 GMT ::1 - POST /api/checkCodeValidity HTTP/1.1 200 128 - 0.991 ms
Mon, 13 Feb 2017 00:28:56 GMT ::1 - PUT /api/payments/58a0f8550982310ed8c0dc03 HTTP/1.1 200 347 - 29.357 ms
Mon, 13 Feb 2017 00:28:57 GMT ::1 - GET /api/payments HTTP/1.1 200 362 - 7.241 ms
Mon, 13 Feb 2017 00:29:32 GMT ::1 - POST /api/checkCodeValidity HTTP/1.1 200 128 - 0.980 ms
Mon, 13 Feb 2017 00:29:49 GMT ::1 - PUT /api/payments/58a0f8550982310ed8c0dc03 HTTP/1.1 200 347 - 45.886 ms
Mon, 13 Feb 2017 00:29:49 GMT ::1 - GET /api/payments HTTP/1.1 200 362 - 49.474 ms
Mon, 13 Feb 2017 00:31:49 GMT ::1 - POST /api/getURLandID HTTP/1.1 200 115 - 27.177 ms
Mon, 13 Feb 2017 00:31:52 GMT ::1 - POST /api/checkCodeValidity HTTP/1.1 200 128 - 1.362 ms
Mon, 13 Feb 2017 00:32:06 GMT ::1 - PUT /api/payments/58a0fe750982310ed8c0dc04 HTTP/1.1 200 347 - 117.526 ms
Mon, 13 Feb 2017 00:32:06 GMT ::1 - GET /api/payments HTTP/1.1 200 710 - 30.480 ms
Mon, 13 Feb 2017 00:33:32 GMT ::1 - POST /api/checkCodeValidity HTTP/1.1 200 128 - 3.011 ms
Mon, 13 Feb 2017 00:34:01 GMT ::1 - PUT /api/payments/58a0fe750982310ed8c0dc04 HTTP/1.1 200 347 - 75.842 ms
Mon, 13 Feb 2017 00:34:01 GMT ::1 - GET /api/payments HTTP/1.1 200 710 - 59.944 ms
Mon, 13 Feb 2017 00:34:31 GMT ::1 - POST /api/checkCodeValidity HTTP/1.1 200 128 - 2.672 ms
Mon, 13 Feb 2017 00:34:45 GMT ::1 - PUT /api/payments/58a0fe750982310ed8c0dc04 HTTP/1.1 200 347 - 41.083 ms
Mon, 13 Feb 2017 00:34:45 GMT ::1 - GET /api/payments HTTP/1.1 200 710 - 14.159 ms
Mon, 13 Feb 2017 00:36:50 GMT ::1 - POST /api/checkCodeValidity HTTP/1.1 200 15 - 1.417 ms
Mon, 13 Feb 2017 00:37:46 GMT ::1 - POST /api/getURLandID HTTP/1.1 200 115 - 57.800 ms
Mon, 13 Feb 2017 00:37:50 GMT ::1 - POST /api/checkCodeValidity HTTP/1.1 200 128 - 1.360 ms
Mon, 13 Feb 2017 00:38:06 GMT ::1 - PUT /api/payments/58a0ffda0982310ed8c0dc05 HTTP/1.1 200 347 - 38.789 ms
Mon, 13 Feb 2017 00:38:06 GMT ::1 - GET /api/payments HTTP/1.1 200 1058 - 16.751 ms
Mon, 13 Feb 2017 00:39:39 GMT ::1 - POST /api/checkCodeValidity HTTP/1.1 200 128 - 1.272 ms
Mon, 13 Feb 2017 00:39:44 GMT ::1 - POST /api/checkCodeValidity HTTP/1.1 200 128 - 1.328 ms
Mon, 13 Feb 2017 00:39:56 GMT ::1 - PUT /api/payments/58a0ffda0982310ed8c0dc05 HTTP/1.1 200 347 - 77.047 ms
Mon, 13 Feb 2017 00:39:56 GMT ::1 - GET /api/payments HTTP/1.1 200 1058 - 36.940 ms
Mon, 13 Feb 2017 00:40:36 GMT ::1 - POST /api/checkCodeValidity HTTP/1.1 200 128 - 1.409 ms
Mon, 13 Feb 2017 00:40:52 GMT ::1 - PUT /api/payments/58a0ffda0982310ed8c0dc05 HTTP/1.1 200 347 - 54.618 ms
Mon, 13 Feb 2017 00:40:52 GMT ::1 - GET /api/payments HTTP/1.1 200 1058 - 30.101 ms
Mon, 13 Feb 2017 00:42:24 GMT ::1 - POST /api/getURLandID HTTP/1.1 200 42 - 11.245 ms
Mon, 13 Feb 2017 00:43:38 GMT ::1 - POST /api/getURLandID HTTP/1.1 200 115 - 39.181 ms
Mon, 13 Feb 2017 00:43:41 GMT ::1 - POST /api/checkCodeValidity HTTP/1.1 200 128 - 1.763 ms
Mon, 13 Feb 2017 00:44:04 GMT ::1 - GET /api/payments HTTP/1.1 200 179 - 15.283 ms
Mon, 13 Feb 2017 00:44:04 GMT ::1 - PUT /api/payments/58a1013a0982310ed8c0dc06 HTTP/1.1 200 347 - 67.240 ms
Mon, 13 Feb 2017 00:45:09 GMT ::1 - POST /api/checkCodeValidity HTTP/1.1 200 128 - 3.266 ms
Mon, 13 Feb 2017 00:45:27 GMT ::1 - GET /api/payments HTTP/1.1 200 362 - 11.538 ms
Mon, 13 Feb 2017 00:45:27 GMT ::1 - PUT /api/payments/58a1013a0982310ed8c0dc06 HTTP/1.1 200 347 - 42.158 ms
Mon, 13 Feb 2017 00:45:40 GMT ::1 - POST /api/checkCodeValidity HTTP/1.1 200 128 - 1.433 ms
Mon, 13 Feb 2017 00:52:13 GMT ::1 - POST /api/checkCodeValidity HTTP/1.1 200 128 - 1.388 ms
Mon, 13 Feb 2017 00:52:28 GMT ::1 - PUT /api/payments/58a1013a0982310ed8c0dc06 HTTP/1.1 200 345 - 120.546 ms
Mon, 13 Feb 2017 00:52:28 GMT ::1 - GET /api/payments HTTP/1.1 200 360 - 12.872 ms
Mon, 13 Feb 2017 00:52:46 GMT ::1 - POST /api/checkCodeValidity HTTP/1.1 200 128 - 2.666 ms
Mon, 13 Feb 2017 00:53:08 GMT ::1 - PUT /api/payments/58a1013a0982310ed8c0dc06 HTTP/1.1 200 347 - 87.911 ms
Mon, 13 Feb 2017 00:53:08 GMT ::1 - GET /api/payments HTTP/1.1 200 362 - 7.666 ms
Mon, 13 Feb 2017 01:06:24 GMT ::1 - POST /api/getURLandID HTTP/1.1 200 115 - 88.245 ms
Mon, 13 Feb 2017 01:06:27 GMT ::1 - POST /api/checkCodeValidity HTTP/1.1 200 128 - 1.381 ms
Mon, 13 Feb 2017 01:06:42 GMT ::1 - PUT /api/payments/58a106900982310ed8c0dc07 HTTP/1.1 200 347 - 40.844 ms
Mon, 13 Feb 2017 01:06:42 GMT ::1 - GET /api/payments HTTP/1.1 200 710 - 25.020 ms
Mon, 13 Feb 2017 01:06:48 GMT ::1 - POST /api/checkCodeValidity HTTP/1.1 200 128 - 1.751 ms
Mon, 13 Feb 2017 01:06:57 GMT ::1 - PUT /api/payments/58a106900982310ed8c0dc07 HTTP/1.1 200 347 - 45.542 ms
Mon, 13 Feb 2017 01:06:57 GMT ::1 - GET /api/payments HTTP/1.1 200 710 - 18.021 ms
Mon, 13 Feb 2017 01:08:13 GMT ::1 - POST /api/checkCodeValidity HTTP/1.1 200 128 - 1.665 ms
Mon, 13 Feb 2017 01:08:39 GMT ::1 - GET /api/payments HTTP/1.1 200 710 - 17.213 ms
Mon, 13 Feb 2017 01:08:39 GMT ::1 - PUT /api/payments/58a106900982310ed8c0dc07 HTTP/1.1 200 346 - 178.418 ms
Mon, 13 Feb 2017 01:09:26 GMT ::1 - POST /api/checkCodeValidity HTTP/1.1 200 128 - 17.398 ms
Mon, 13 Feb 2017 01:11:13 GMT ::1 - POST /api/checkCodeValidity HTTP/1.1 200 128 - 5.460 ms
Mon, 13 Feb 2017 01:11:37 GMT ::1 - GET /api/payments HTTP/1.1 200 709 - 67.174 ms
Mon, 13 Feb 2017 01:11:37 GMT ::1 - PUT /api/payments/58a106900982310ed8c0dc07 HTTP/1.1 200 347 - 139.629 ms
Mon, 13 Feb 2017 01:19:40 GMT ::1 - POST /api/checkCodeValidity HTTP/1.1 200 15 - 5.952 ms
Mon, 13 Feb 2017 01:45:28 GMT ::1 - POST /api/getURLandID HTTP/1.1 200 115 - 26.959 ms
Mon, 13 Feb 2017 01:45:32 GMT ::1 - POST /api/checkCodeValidity HTTP/1.1 200 15 - 231.916 ms
Mon, 13 Feb 2017 01:47:18 GMT ::1 - POST /api/getURLandID HTTP/1.1 200 115 - 54.803 ms
Mon, 13 Feb 2017 01:47:23 GMT ::1 - POST /api/checkCodeValidity HTTP/1.1 200 128 - 4.781 ms
Mon, 13 Feb 2017 01:47:40 GMT ::1 - PUT /api/payments/58a110260982310ed8c0dc09 HTTP/1.1 200 347 - 138.083 ms
Mon, 13 Feb 2017 01:47:40 GMT ::1 - GET /api/payments HTTP/1.1 200 362 - 26.129 ms
Mon, 13 Feb 2017 01:49:31 GMT ::1 - POST /api/checkCodeValidity HTTP/1.1 200 128 - 3.367 ms
Mon, 13 Feb 2017 01:49:53 GMT ::1 - PUT /api/payments/58a110260982310ed8c0dc09 HTTP/1.1 200 347 - 277.369 ms
Mon, 13 Feb 2017 01:49:53 GMT ::1 - GET /api/payments HTTP/1.1 200 362 - 6.752 ms
Mon, 13 Feb 2017 01:54:25 GMT ::1 - POST /api/checkCodeValidity HTTP/1.1 200 128 - 2.216 ms
Mon, 13 Feb 2017 01:54:41 GMT ::1 - GET /api/payments HTTP/1.1 200 362 - 14.161 ms
Mon, 13 Feb 2017 01:54:41 GMT ::1 - PUT /api/payments/58a110260982310ed8c0dc09 HTTP/1.1 200 347 - 247.254 ms
Mon, 13 Feb 2017 01:59:16 GMT ::1 - POST /api/checkCodeValidity HTTP/1.1 200 128 - 1.471 ms
Mon, 13 Feb 2017 01:59:33 GMT ::1 - PUT /api/payments/58a110260982310ed8c0dc09 HTTP/1.1 200 347 - 195.211 ms
Mon, 13 Feb 2017 01:59:33 GMT ::1 - GET /api/payments HTTP/1.1 200 362 - 11.199 ms
Mon, 13 Feb 2017 02:00:33 GMT ::1 - POST /api/checkCodeValidity HTTP/1.1 200 128 - 1.201 ms
Mon, 13 Feb 2017 02:00:48 GMT ::1 - PUT /api/payments/58a110260982310ed8c0dc09 HTTP/1.1 200 347 - 33.452 ms
Mon, 13 Feb 2017 02:00:48 GMT ::1 - GET /api/payments HTTP/1.1 200 362 - 78.199 ms
Mon, 13 Feb 2017 02:01:08 GMT ::1 - POST /api/checkCodeValidity HTTP/1.1 200 128 - 2.898 ms
Mon, 13 Feb 2017 02:01:31 GMT ::1 - PUT /api/payments/58a110260982310ed8c0dc09 HTTP/1.1 200 347 - 25.462 ms
Mon, 13 Feb 2017 02:01:31 GMT ::1 - GET /api/payments HTTP/1.1 200 362 - 9.556 ms
Mon, 13 Feb 2017 02:04:28 GMT ::1 - POST /api/checkCodeValidity HTTP/1.1 200 128 - 3.934 ms
Mon, 13 Feb 2017 02:04:44 GMT ::1 - PUT /api/payments/58a110260982310ed8c0dc09 HTTP/1.1 200 347 - 53.270 ms
Mon, 13 Feb 2017 02:04:44 GMT ::1 - GET /api/payments HTTP/1.1 200 362 - 10.195 ms
Mon, 13 Feb 2017 02:05:45 GMT ::1 - POST /api/checkCodeValidity HTTP/1.1 200 128 - 1.292 ms
Mon, 13 Feb 2017 02:06:21 GMT ::1 - PUT /api/payments/58a110260982310ed8c0dc09 HTTP/1.1 200 347 - 104.193 ms
Mon, 13 Feb 2017 02:06:21 GMT ::1 - GET /api/payments HTTP/1.1 200 362 - 91.007 ms
Mon, 13 Feb 2017 02:09:14 GMT ::1 - POST /api/checkCodeValidity HTTP/1.1 200 128 - 1.223 ms
Mon, 13 Feb 2017 02:09:45 GMT ::1 - PUT /api/payments/58a110260982310ed8c0dc09 HTTP/1.1 200 347 - 50.210 ms
Mon, 13 Feb 2017 02:09:45 GMT ::1 - GET /api/payments HTTP/1.1 200 362 - 12.758 ms
Mon, 13 Feb 2017 02:10:26 GMT ::1 - POST /api/checkCodeValidity HTTP/1.1 200 128 - 1.178 ms
Mon, 13 Feb 2017 02:11:02 GMT ::1 - PUT /api/payments/58a110260982310ed8c0dc09 HTTP/1.1 200 347 - 78.776 ms
Mon, 13 Feb 2017 02:11:02 GMT ::1 - GET /api/payments HTTP/1.1 200 362 - 95.134 ms
Mon, 13 Feb 2017 02:16:19 GMT ::1 - POST /api/checkCodeValidity HTTP/1.1 200 15 - 2.135 ms
Mon, 13 Feb 2017 02:17:30 GMT ::1 - POST /api/getURLandID HTTP/1.1 200 115 - 91.234 ms
Mon, 13 Feb 2017 02:17:35 GMT ::1 - POST /api/checkCodeValidity HTTP/1.1 200 15 - 42.596 ms
Mon, 13 Feb 2017 02:19:35 GMT ::1 - POST /api/getURLandID HTTP/1.1 200 115 - 178.995 ms
Mon, 13 Feb 2017 02:19:40 GMT ::1 - POST /api/checkCodeValidity HTTP/1.1 200 128 - 17.981 ms
Mon, 13 Feb 2017 02:19:59 GMT ::1 - PUT /api/payments/58a117b70982310ed8c0dc0b HTTP/1.1 200 347 - 214.087 ms
Mon, 13 Feb 2017 02:19:59 GMT ::1 - GET /api/payments HTTP/1.1 200 875 - 37.208 ms
Mon, 13 Feb 2017 02:20:26 GMT ::1 - POST /api/checkCodeValidity HTTP/1.1 200 128 - 2.528 ms
Mon, 13 Feb 2017 02:20:39 GMT ::1 - PUT /api/payments/58a117b70982310ed8c0dc0b HTTP/1.1 200 347 - 64.361 ms
Mon, 13 Feb 2017 02:20:40 GMT ::1 - GET /api/payments HTTP/1.1 200 875 - 27.239 ms
Mon, 13 Feb 2017 02:25:51 GMT ::1 - POST /api/checkCodeValidity HTTP/1.1 200 128 - 2.261 ms
Mon, 13 Feb 2017 02:26:16 GMT ::1 - PUT /api/payments/58a117b70982310ed8c0dc0b HTTP/1.1 200 347 - 79.159 ms
Mon, 13 Feb 2017 02:26:16 GMT ::1 - GET /api/payments HTTP/1.1 200 875 - 30.949 ms
Mon, 13 Feb 2017 02:35:57 GMT ::1 - POST /api/checkCodeValidity HTTP/1.1 200 128 - 2.048 ms
Mon, 13 Feb 2017 02:36:15 GMT ::1 - PUT /api/payments/58a117b70982310ed8c0dc0b HTTP/1.1 200 347 - 54.044 ms
Mon, 13 Feb 2017 02:36:15 GMT ::1 - GET /api/payments HTTP/1.1 200 875 - 62.612 ms
Mon, 13 Feb 2017 02:52:17 GMT ::1 - POST /api/checkCodeValidity HTTP/1.1 200 15 - 3.929 ms
Mon, 13 Feb 2017 02:53:27 GMT ::1 - POST /api/getURLandID HTTP/1.1 200 115 - 96.335 ms
Mon, 13 Feb 2017 02:53:30 GMT ::1 - POST /api/checkCodeValidity HTTP/1.1 200 15 - 1.607 ms
Mon, 13 Feb 2017 02:54:58 GMT ::1 - POST /api/getURLandID HTTP/1.1 200 115 - 45.429 ms
Mon, 13 Feb 2017 02:55:02 GMT ::1 - POST /api/checkCodeValidity HTTP/1.1 200 128 - 3.208 ms
Mon, 13 Feb 2017 02:55:18 GMT ::1 - GET /api/payments HTTP/1.1 200 179 - 9.953 ms
Mon, 13 Feb 2017 02:55:19 GMT ::1 - PUT /api/payments/58a120020982310ed8c0dc0d HTTP/1.1 200 347 - 67.919 ms
Mon, 13 Feb 2017 03:05:36 GMT ::1 - POST /api/getURLandID HTTP/1.1 200 115 - 22.346 ms
Mon, 13 Feb 2017 03:05:40 GMT ::1 - POST /api/checkCodeValidity HTTP/1.1 200 128 - 1.355 ms
Mon, 13 Feb 2017 03:05:58 GMT ::1 - PUT /api/payments/58a122800982310ed8c0dc0e HTTP/1.1 200 347 - 82.282 ms
Mon, 13 Feb 2017 03:05:58 GMT ::1 - GET /api/payments HTTP/1.1 200 710 - 64.218 ms
Mon, 13 Feb 2017 03:06:16 GMT ::1 - POST /api/checkCodeValidity HTTP/1.1 200 128 - 2.254 ms
Mon, 13 Feb 2017 03:06:33 GMT ::1 - PUT /api/payments/58a122800982310ed8c0dc0e HTTP/1.1 200 346 - 27.098 ms
Mon, 13 Feb 2017 03:06:33 GMT ::1 - GET /api/payments HTTP/1.1 200 709 - 15.641 ms
Mon, 13 Feb 2017 03:07:59 GMT ::1 - POST /api/getURLandID HTTP/1.1 200 115 - 88.513 ms
Mon, 13 Feb 2017 03:08:02 GMT ::1 - POST /api/checkCodeValidity HTTP/1.1 200 128 - 1.598 ms
Mon, 13 Feb 2017 03:08:25 GMT ::1 - PUT /api/payments/58a1230f0982310ed8c0dc0f HTTP/1.1 200 346 - 25.226 ms
Mon, 13 Feb 2017 03:08:25 GMT ::1 - GET /api/payments HTTP/1.1 200 361 - 7.788 ms
Mon, 13 Feb 2017 03:14:16 GMT ::1 - POST /api/checkCodeValidity HTTP/1.1 200 128 - 1.954 ms
Mon, 13 Feb 2017 03:14:31 GMT ::1 - GET /api/payments HTTP/1.1 200 361 - 15.017 ms
Mon, 13 Feb 2017 03:14:31 GMT ::1 - PUT /api/payments/58a1230f0982310ed8c0dc0f HTTP/1.1 200 347 - 69.788 ms
Mon, 13 Feb 2017 03:16:08 GMT ::1 - POST /api/checkCodeValidity HTTP/1.1 200 128 - 5.575 ms
Mon, 13 Feb 2017 03:16:24 GMT ::1 - PUT /api/payments/58a1230f0982310ed8c0dc0f HTTP/1.1 200 347 - 88.895 ms
Mon, 13 Feb 2017 03:16:24 GMT ::1 - GET /api/payments HTTP/1.1 200 362 - 42.255 ms
Mon, 13 Feb 2017 03:17:34 GMT ::1 - POST /api/checkCodeValidity HTTP/1.1 200 128 - 1.643 ms
Mon, 13 Feb 2017 03:17:52 GMT ::1 - PUT /api/payments/58a1230f0982310ed8c0dc0f HTTP/1.1 200 348 - 34.990 ms
Mon, 13 Feb 2017 03:17:52 GMT ::1 - GET /api/payments HTTP/1.1 200 363 - 7.406 ms
Mon, 13 Feb 2017 03:19:36 GMT ::1 - POST /api/getURLandID HTTP/1.1 200 115 - 56.352 ms
Mon, 13 Feb 2017 03:19:39 GMT ::1 - POST /api/checkCodeValidity HTTP/1.1 200 128 - 3.752 ms
Mon, 13 Feb 2017 03:19:55 GMT ::1 - PUT /api/payments/58a125c80982310ed8c0dc10 HTTP/1.1 200 347 - 69.296 ms
Mon, 13 Feb 2017 03:19:55 GMT ::1 - GET /api/payments HTTP/1.1 200 362 - 14.121 ms
Mon, 13 Feb 2017 03:23:28 GMT ::1 - POST /api/getURLandID HTTP/1.1 200 115 - 23.187 ms
Mon, 13 Feb 2017 03:23:31 GMT ::1 - POST /api/checkCodeValidity HTTP/1.1 200 128 - 1.230 ms
Mon, 13 Feb 2017 03:23:49 GMT ::1 - GET /api/payments HTTP/1.1 200 179 - 11.064 ms
Mon, 13 Feb 2017 03:23:49 GMT ::1 - PUT /api/payments/58a126b00982310ed8c0dc11 HTTP/1.1 200 347 - 159.114 ms
Mon, 13 Feb 2017 03:31:42 GMT ::1 - POST /api/checkCodeValidity HTTP/1.1 200 128 - 1.668 ms
Mon, 13 Feb 2017 03:32:02 GMT ::1 - PUT /api/payments/58a126b00982310ed8c0dc11 HTTP/1.1 200 347 - 183.194 ms
Mon, 13 Feb 2017 03:32:02 GMT ::1 - GET /api/payments HTTP/1.1 200 362 - 24.898 ms
Mon, 13 Feb 2017 03:35:42 GMT ::1 - POST /api/getURLandID HTTP/1.1 200 115 - 113.217 ms
Mon, 13 Feb 2017 03:35:45 GMT ::1 - POST /api/checkCodeValidity HTTP/1.1 200 128 - 1.262 ms
Mon, 13 Feb 2017 03:36:18 GMT ::1 - PUT /api/payments/58a1298e0982310ed8c0dc12 HTTP/1.1 200 347 - 33.232 ms
Mon, 13 Feb 2017 03:36:18 GMT ::1 - GET /api/payments HTTP/1.1 200 362 - 17.636 ms
Mon, 13 Feb 2017 03:36:27 GMT ::1 - POST /api/checkCodeValidity HTTP/1.1 200 128 - 1.797 ms
Mon, 13 Feb 2017 03:36:42 GMT ::1 - PUT /api/payments/58a1298e0982310ed8c0dc12 HTTP/1.1 200 347 - 102.242 ms
Mon, 13 Feb 2017 03:36:42 GMT ::1 - GET /api/payments HTTP/1.1 200 362 - 14.717 ms
Mon, 13 Feb 2017 03:37:06 GMT ::1 - POST /api/checkCodeValidity HTTP/1.1 200 128 - 2.531 ms
Mon, 13 Feb 2017 03:37:29 GMT ::1 - PUT /api/payments/58a1298e0982310ed8c0dc12 HTTP/1.1 200 347 - 50.042 ms
Mon, 13 Feb 2017 03:37:29 GMT ::1 - GET /api/payments HTTP/1.1 200 362 - 5.754 ms
Mon, 13 Feb 2017 03:38:37 GMT ::1 - POST /api/checkCodeValidity HTTP/1.1 200 128 - 1.467 ms
Mon, 13 Feb 2017 03:38:54 GMT ::1 - GET /api/payments HTTP/1.1 200 362 - 9.445 ms
Mon, 13 Feb 2017 03:38:54 GMT ::1 - PUT /api/payments/58a1298e0982310ed8c0dc12 HTTP/1.1 200 347 - 38.788 ms
Mon, 13 Feb 2017 03:39:15 GMT ::1 - POST /api/checkCodeValidity HTTP/1.1 200 128 - 1.392 ms
Mon, 13 Feb 2017 03:39:31 GMT ::1 - GET /api/payments HTTP/1.1 200 362 - 13.469 ms
Mon, 13 Feb 2017 03:39:31 GMT ::1 - PUT /api/payments/58a1298e0982310ed8c0dc12 HTTP/1.1 200 346 - 80.243 ms
Mon, 13 Feb 2017 03:45:08 GMT ::1 - POST /api/checkCodeValidity HTTP/1.1 200 128 - 1.276 ms
Mon, 13 Feb 2017 03:45:58 GMT ::1 - GET /api/payments HTTP/1.1 200 361 - 209.768 ms
Mon, 13 Feb 2017 03:45:58 GMT ::1 - PUT /api/payments/58a1298e0982310ed8c0dc12 HTTP/1.1 200 347 - 267.647 ms
Mon, 13 Feb 2017 03:52:48 GMT ::1 - POST /api/getURLandID HTTP/1.1 200 115 - 370.718 ms
Mon, 13 Feb 2017 03:52:51 GMT ::1 - POST /api/checkCodeValidity HTTP/1.1 200 128 - 6.284 ms
Mon, 13 Feb 2017 03:53:09 GMT ::1 - PUT /api/payments/58a12d901ae6dd1644514492 HTTP/1.1 200 347 - 157.935 ms
Mon, 13 Feb 2017 03:53:09 GMT ::1 - GET /api/payments HTTP/1.1 200 362 - 70.008 ms
Mon, 13 Feb 2017 03:53:16 GMT ::1 - POST /api/checkCodeValidity HTTP/1.1 200 128 - 1.921 ms
Mon, 13 Feb 2017 03:53:28 GMT ::1 - PUT /api/payments/58a12d901ae6dd1644514492 HTTP/1.1 200 347 - 62.732 ms
Mon, 13 Feb 2017 03:53:28 GMT ::1 - GET /api/payments HTTP/1.1 200 362 - 58.870 ms
Mon, 13 Feb 2017 03:53:45 GMT ::1 - POST /api/checkCodeValidity HTTP/1.1 200 128 - 1.181 ms
Mon, 13 Feb 2017 03:54:05 GMT ::1 - GET /api/payments HTTP/1.1 200 362 - 16.357 ms
Mon, 13 Feb 2017 03:54:05 GMT ::1 - PUT /api/payments/58a12d901ae6dd1644514492 HTTP/1.1 200 346 - 59.124 ms
Mon, 13 Feb 2017 04:04:36 GMT ::1 - POST /api/checkCodeValidity HTTP/1.1 200 128 - 1.916 ms
Mon, 13 Feb 2017 04:05:01 GMT ::1 - PUT /api/payments/58a12d901ae6dd1644514492 HTTP/1.1 200 347 - 69.202 ms
Mon, 13 Feb 2017 04:05:01 GMT ::1 - GET /api/payments HTTP/1.1 200 362 - 7.475 ms
Mon, 13 Feb 2017 04:08:37 GMT ::1 - POST /api/checkCodeValidity HTTP/1.1 200 128 - 1.016 ms
Mon, 13 Feb 2017 04:09:01 GMT ::1 - GET /api/payments HTTP/1.1 200 362 - 15.291 ms
Mon, 13 Feb 2017 04:09:01 GMT ::1 - PUT /api/payments/58a12d901ae6dd1644514492 HTTP/1.1 200 346 - 43.593 ms
Mon, 13 Feb 2017 04:09:25 GMT ::1 - POST /api/checkCodeValidity HTTP/1.1 200 128 - 1.158 ms
Mon, 13 Feb 2017 04:09:40 GMT ::1 - PUT /api/payments/58a12d901ae6dd1644514492 HTTP/1.1 200 347 - 48.362 ms
Mon, 13 Feb 2017 04:09:40 GMT ::1 - GET /api/payments HTTP/1.1 200 362 - 17.826 ms
Mon, 13 Feb 2017 04:10:05 GMT ::1 - POST /api/checkCodeValidity HTTP/1.1 200 128 - 1.063 ms
Mon, 13 Feb 2017 04:10:21 GMT ::1 - PUT /api/payments/58a12d901ae6dd1644514492 HTTP/1.1 200 347 - 24.298 ms
Mon, 13 Feb 2017 04:10:21 GMT ::1 - GET /api/payments HTTP/1.1 200 362 - 32.273 ms
Mon, 13 Feb 2017 04:16:03 GMT ::1 - POST /api/checkCodeValidity HTTP/1.1 200 128 - 1.099 ms
Mon, 13 Feb 2017 04:16:27 GMT ::1 - GET /api/payments HTTP/1.1 200 362 - 27.184 ms
Mon, 13 Feb 2017 04:16:27 GMT ::1 - PUT /api/payments/58a12d901ae6dd1644514492 HTTP/1.1 200 347 - 87.955 ms
Mon, 13 Feb 2017 04:17:15 GMT ::1 - POST /api/checkCodeValidity HTTP/1.1 200 128 - 1.122 ms
Mon, 13 Feb 2017 04:17:37 GMT ::1 - GET /api/payments HTTP/1.1 200 362 - 11.450 ms
Mon, 13 Feb 2017 04:17:37 GMT ::1 - PUT /api/payments/58a12d901ae6dd1644514492 HTTP/1.1 200 347 - 60.409 ms
Mon, 13 Feb 2017 04:19:35 GMT ::1 - POST /api/getURLandID HTTP/1.1 200 115 - 30.591 ms
Mon, 13 Feb 2017 04:19:38 GMT ::1 - POST /api/checkCodeValidity HTTP/1.1 200 128 - 1.095 ms
Mon, 13 Feb 2017 04:20:19 GMT ::1 - GET /api/payments HTTP/1.1 200 527 - 22.751 ms
Mon, 13 Feb 2017 04:20:19 GMT ::1 - PUT /api/payments/58a133d71ae6dd1644514493 HTTP/1.1 200 347 - 65.255 ms
Mon, 13 Feb 2017 20:53:07 GMT ::1 - POST /api/getURLandID HTTP/1.1 200 115 - 484.433 ms
Mon, 13 Feb 2017 20:53:13 GMT ::1 - POST /api/checkCodeValidity HTTP/1.1 200 128 - 6.449 ms
Mon, 13 Feb 2017 20:54:05 GMT ::1 - GET /api/payments HTTP/1.1 200 875 - 64.897 ms
Mon, 13 Feb 2017 20:54:06 GMT ::1 - PUT /api/payments/58a21cb3e562250a3450f189 HTTP/1.1 200 347 - 996.398 ms
Mon, 13 Feb 2017 20:54:14 GMT ::1 - POST /api/checkCodeValidity HTTP/1.1 200 128 - 1.766 ms
Mon, 13 Feb 2017 20:54:26 GMT ::1 - PUT /api/payments/58a21cb3e562250a3450f189 HTTP/1.1 200 347 - 55.610 ms
Mon, 13 Feb 2017 20:54:26 GMT ::1 - GET /api/payments HTTP/1.1 200 1058 - 21.095 ms
Mon, 13 Feb 2017 20:55:03 GMT ::1 - POST /api/checkCodeValidity HTTP/1.1 200 128 - 2.275 ms
Mon, 13 Feb 2017 20:55:25 GMT ::1 - GET /api/payments HTTP/1.1 200 1058 - 34.556 ms
Mon, 13 Feb 2017 20:55:25 GMT ::1 - PUT /api/payments/58a21cb3e562250a3450f189 HTTP/1.1 200 347 - 66.241 ms
Mon, 13 Feb 2017 21:02:44 GMT ::1 - POST /api/checkCodeValidity HTTP/1.1 200 128 - 2.339 ms
Mon, 13 Feb 2017 21:03:05 GMT ::1 - PUT /api/payments/58a21cb3e562250a3450f189 HTTP/1.1 200 347 - 73.140 ms
Mon, 13 Feb 2017 21:03:05 GMT ::1 - GET /api/payments HTTP/1.1 200 1058 - 14.686 ms
