Thu, 16 Feb 2017 13:43:04 GMT ::1 - POST /api/checkCodeValidity HTTP/1.1 200 15 - 3.795 ms
Thu, 16 Feb 2017 13:43:21 GMT ::1 - POST /api/checkCodeValidity HTTP/1.1 200 15 - 1.776 ms
Thu, 16 Feb 2017 13:43:22 GMT ::1 - POST /api/checkCodeValidity HTTP/1.1 200 15 - 0.997 ms
Thu, 16 Feb 2017 13:43:23 GMT ::1 - POST /api/checkCodeValidity HTTP/1.1 200 15 - 1.088 ms
Thu, 16 Feb 2017 13:43:23 GMT ::1 - POST /api/checkCodeValidity HTTP/1.1 200 15 - 1.426 ms
Thu, 16 Feb 2017 13:43:24 GMT ::1 - POST /api/checkCodeValidity HTTP/1.1 200 15 - 1.706 ms
Thu, 16 Feb 2017 13:43:25 GMT ::1 - POST /api/checkCodeValidity HTTP/1.1 200 15 - 2.143 ms
Thu, 16 Feb 2017 13:43:25 GMT ::1 - POST /api/checkCodeValidity HTTP/1.1 200 15 - 0.991 ms
Thu, 16 Feb 2017 13:44:09 GMT ::1 - POST /api/checkCodeValidity HTTP/1.1 200 15 - 1.504 ms
Thu, 16 Feb 2017 13:44:10 GMT ::1 - POST /api/checkCodeValidity HTTP/1.1 200 15 - 1.110 ms
Thu, 16 Feb 2017 13:44:10 GMT ::1 - POST /api/checkCodeValidity HTTP/1.1 200 15 - 1.093 ms
Thu, 16 Feb 2017 13:44:11 GMT ::1 - POST /api/checkCodeValidity HTTP/1.1 200 15 - 2.053 ms
Thu, 16 Feb 2017 13:44:11 GMT ::1 - POST /api/checkCodeValidity HTTP/1.1 200 15 - 1.280 ms
Thu, 16 Feb 2017 13:44:12 GMT ::1 - POST /api/checkCodeValidity HTTP/1.1 200 15 - 1.237 ms
Thu, 16 Feb 2017 13:44:38 GMT ::1 - POST /api/checkCodeValidity HTTP/1.1 200 15 - 1.668 ms
Thu, 16 Feb 2017 13:45:20 GMT ::1 - POST /api/checkCodeValidity HTTP/1.1 200 15 - 1.969 ms
Thu, 16 Feb 2017 13:47:54 GMT ::1 - POST /api/checkCodeValidity HTTP/1.1 200 15 - 0.383 ms
Thu, 16 Feb 2017 13:48:24 GMT ::1 - POST /api/checkCodeValidity HTTP/1.1 200 15 - 0.419 ms
Thu, 16 Feb 2017 13:55:01 GMT ::1 - POST /api/checkCodeValidity HTTP/1.1 200 15 - 0.476 ms
Mon, 20 Feb 2017 19:56:21 GMT ::1 - POST /api/checkCodeValidity HTTP/1.1 200 15 - 3.634 ms
Tue, 21 Feb 2017 21:20:54 GMT ::1 - POST /api/getURLandID HTTP/1.1 200 32 - 11.339 ms
Tue, 21 Feb 2017 21:22:21 GMT ::1 - POST /api/checkCodeValidity HTTP/1.1 200 15 - 1.040 ms
Tue, 21 Feb 2017 21:22:23 GMT ::1 - POST /api/checkCodeValidity HTTP/1.1 200 15 - 0.420 ms
Tue, 21 Feb 2017 21:23:01 GMT ::1 - POST /api/checkCodeValidity HTTP/1.1 200 15 - 0.400 ms
Tue, 21 Feb 2017 21:23:02 GMT ::1 - POST /api/checkCodeValidity HTTP/1.1 200 15 - 0.458 ms
Tue, 21 Feb 2017 21:23:03 GMT ::1 - POST /api/checkCodeValidity HTTP/1.1 200 15 - 0.526 ms
Tue, 21 Feb 2017 21:23:03 GMT ::1 - POST /api/checkCodeValidity HTTP/1.1 200 15 - 0.432 ms
Tue, 21 Feb 2017 21:23:04 GMT ::1 - POST /api/checkCodeValidity HTTP/1.1 200 15 - 0.396 ms
Tue, 21 Feb 2017 21:23:04 GMT ::1 - POST /api/checkCodeValidity HTTP/1.1 200 15 - 0.389 ms
Tue, 21 Feb 2017 21:25:15 GMT ::1 - POST /api/checkCodeValidity HTTP/1.1 200 15 - 1.244 ms
Tue, 21 Feb 2017 21:25:15 GMT ::1 - POST /api/checkCodeValidity HTTP/1.1 200 15 - 1.002 ms
Tue, 21 Feb 2017 21:25:16 GMT ::1 - POST /api/checkCodeValidity HTTP/1.1 200 15 - 1.014 ms
Tue, 21 Feb 2017 21:25:16 GMT ::1 - POST /api/checkCodeValidity HTTP/1.1 200 15 - 1.958 ms
Tue, 21 Feb 2017 21:25:17 GMT ::1 - POST /api/checkCodeValidity HTTP/1.1 200 15 - 1.020 ms
Tue, 21 Feb 2017 21:25:17 GMT ::1 - POST /api/checkCodeValidity HTTP/1.1 200 15 - 1.312 ms
Tue, 21 Feb 2017 21:25:18 GMT ::1 - POST /api/checkCodeValidity HTTP/1.1 200 15 - 0.991 ms
Tue, 21 Feb 2017 21:25:43 GMT ::1 - POST /api/getURLandID HTTP/1.1 200 32 - 2.544 ms
Wed, 22 Feb 2017 19:01:29 GMT ::1 - GET /dist/assets/js/bz-slider.map HTTP/1.1 404 41 - 4.152 ms
Wed, 22 Feb 2017 19:03:48 GMT ::1 - GET /dist/assets/js/bz-slider.map HTTP/1.1 404 41 - 0.558 ms
Wed, 22 Feb 2017 19:07:56 GMT ::1 - GET /dist/assets/js/bz-slider.map HTTP/1.1 404 41 - 2.214 ms
Wed, 22 Feb 2017 19:17:05 GMT ::1 - GET /dist/assets/css/bootstrap.css HTTP/1.1 404 42 - 3.335 ms
Wed, 22 Feb 2017 19:17:05 GMT ::1 - GET /dist/assets/css/style.css HTTP/1.1 404 38 - 2.598 ms
Wed, 22 Feb 2017 19:17:05 GMT ::1 - GET /dist/assets/css/company.css HTTP/1.1 404 40 - 5.781 ms
Wed, 22 Feb 2017 19:17:05 GMT ::1 - GET /dist/assets/css/font-awesome.css HTTP/1.1 404 45 - 0.959 ms
Wed, 22 Feb 2017 19:17:05 GMT ::1 - GET /dist/assets/css/solution.css HTTP/1.1 404 41 - 1.182 ms
Wed, 22 Feb 2017 19:17:18 GMT ::1 - GET /dist/assets/css/bootstrap.css HTTP/1.1 404 42 - 2.104 ms
Wed, 22 Feb 2017 19:17:18 GMT ::1 - GET /dist/assets/css/style.css HTTP/1.1 404 38 - 1.638 ms
Wed, 22 Feb 2017 19:17:18 GMT ::1 - GET /dist/assets/css/company.css HTTP/1.1 404 40 - 1.434 ms
Wed, 22 Feb 2017 19:17:18 GMT ::1 - GET /dist/assets/css/font-awesome.css HTTP/1.1 404 45 - 1.381 ms
Wed, 22 Feb 2017 19:17:18 GMT ::1 - GET /dist/assets/css/solution.css HTTP/1.1 404 41 - 0.651 ms
Wed, 22 Feb 2017 19:17:18 GMT ::1 - POST /api/checkCodeValidity HTTP/1.1 200 15 - 3.090 ms
Wed, 22 Feb 2017 19:17:18 GMT ::1 - GET /dist/assets/css/bootstrap.css HTTP/1.1 404 42 - 0.845 ms
Wed, 22 Feb 2017 19:17:18 GMT ::1 - GET /dist/assets/css/style.css HTTP/1.1 404 38 - 4.902 ms
Wed, 22 Feb 2017 19:17:18 GMT ::1 - GET /dist/assets/css/company.css HTTP/1.1 404 40 - 3.523 ms
Wed, 22 Feb 2017 19:17:18 GMT ::1 - GET /dist/assets/css/font-awesome.css HTTP/1.1 404 45 - 0.900 ms
Wed, 22 Feb 2017 19:17:18 GMT ::1 - GET /dist/assets/css/solution.css HTTP/1.1 404 41 - 0.964 ms
Wed, 22 Feb 2017 19:19:43 GMT ::1 - POST /api/checkCodeValidity HTTP/1.1 200 15 - 4.110 ms
Wed, 22 Feb 2017 19:19:44 GMT ::1 - POST /api/checkCodeValidity HTTP/1.1 200 15 - 2.120 ms
Wed, 22 Feb 2017 19:19:45 GMT ::1 - POST /api/checkCodeValidity HTTP/1.1 200 15 - 2.109 ms
