Fri, 10 Feb 2017 00:55:40 GMT ::1 - GET /api/regions HTTP/1.1 200 383 - 422.072 ms
Fri, 10 Feb 2017 00:55:40 GMT ::1 - GET /api/amounts HTTP/1.1 200 238 - 428.462 ms
Fri, 10 Feb 2017 00:55:55 GMT ::1 - GET /api/sports HTTP/1.1 200 406 - 24.687 ms
Fri, 10 Feb 2017 00:56:07 GMT ::1 - GET /api/houseInsuranceCategories HTTP/1.1 200 407 - 26.381 ms
Fri, 10 Feb 2017 01:12:52 GMT ::1 - GET /api/sports HTTP/1.1 200 406 - 18.207 ms
Fri, 10 Feb 2017 01:12:54 GMT ::1 - GET /api/houseInsuranceCategories HTTP/1.1 200 407 - 8.669 ms
Fri, 10 Feb 2017 01:16:13 GMT ::1 - GET /api/regions HTTP/1.1 200 383 - 13.803 ms
Fri, 10 Feb 2017 01:16:13 GMT ::1 - GET /api/amounts HTTP/1.1 200 238 - 9.838 ms
Fri, 10 Feb 2017 01:16:27 GMT ::1 - GET /api/sports HTTP/1.1 200 406 - 8.723 ms
Fri, 10 Feb 2017 01:16:39 GMT ::1 - GET /api/houseInsuranceCategories HTTP/1.1 200 407 - 13.157 ms
Fri, 10 Feb 2017 01:21:28 GMT ::1 - GET /api/sports HTTP/1.1 200 406 - 15.822 ms
Fri, 10 Feb 2017 01:21:30 GMT ::1 - GET /api/houseInsuranceCategories HTTP/1.1 200 407 - 9.835 ms
Fri, 10 Feb 2017 01:21:40 GMT ::1 - GET /api/regions HTTP/1.1 200 383 - 13.646 ms
Fri, 10 Feb 2017 01:21:40 GMT ::1 - GET /api/amounts HTTP/1.1 200 238 - 8.912 ms
Fri, 10 Feb 2017 01:21:54 GMT ::1 - GET /api/sports HTTP/1.1 200 406 - 9.207 ms
Fri, 10 Feb 2017 01:22:08 GMT ::1 - GET /api/houseInsuranceCategories HTTP/1.1 200 407 - 10.127 ms
Fri, 10 Feb 2017 01:31:22 GMT ::1 - GET /api/sports HTTP/1.1 200 406 - 17.015 ms
Fri, 10 Feb 2017 01:31:24 GMT ::1 - GET /api/houseInsuranceCategories HTTP/1.1 200 407 - 14.369 ms
Fri, 10 Feb 2017 01:31:38 GMT ::1 - GET /api/sports HTTP/1.1 200 406 - 11.237 ms
Fri, 10 Feb 2017 01:31:40 GMT ::1 - GET /api/houseInsuranceCategories HTTP/1.1 200 407 - 17.996 ms
Fri, 10 Feb 2017 01:31:55 GMT ::1 - GET /api/regions HTTP/1.1 200 383 - 16.025 ms
Fri, 10 Feb 2017 01:31:55 GMT ::1 - GET /api/amounts HTTP/1.1 200 238 - 18.764 ms
Fri, 10 Feb 2017 01:32:09 GMT ::1 - GET /api/sports HTTP/1.1 200 406 - 13.938 ms
Fri, 10 Feb 2017 01:32:23 GMT ::1 - GET /api/houseInsuranceCategories HTTP/1.1 200 407 - 8.677 ms
Fri, 10 Feb 2017 01:39:11 GMT ::1 - GET /api/sports HTTP/1.1 200 406 - 18.360 ms
Fri, 10 Feb 2017 01:39:14 GMT ::1 - GET /api/houseInsuranceCategories HTTP/1.1 200 407 - 13.765 ms
Fri, 10 Feb 2017 01:39:23 GMT ::1 - GET /api/regions HTTP/1.1 200 383 - 12.587 ms
Fri, 10 Feb 2017 01:39:23 GMT ::1 - GET /api/amounts HTTP/1.1 200 238 - 12.300 ms
Fri, 10 Feb 2017 01:39:38 GMT ::1 - GET /api/sports HTTP/1.1 200 406 - 8.707 ms
Fri, 10 Feb 2017 01:39:50 GMT ::1 - GET /api/houseInsuranceCategories HTTP/1.1 200 407 - 8.664 ms
Fri, 10 Feb 2017 01:41:43 GMT ::1 - GET /api/regions HTTP/1.1 200 383 - 9.790 ms
Fri, 10 Feb 2017 01:41:43 GMT ::1 - GET /api/amounts HTTP/1.1 200 238 - 6.780 ms
Fri, 10 Feb 2017 01:41:59 GMT ::1 - GET /api/sports HTTP/1.1 200 406 - 21.149 ms
Fri, 10 Feb 2017 01:42:13 GMT ::1 - GET /api/houseInsuranceCategories HTTP/1.1 200 407 - 7.525 ms
Fri, 10 Feb 2017 01:43:41 GMT ::1 - GET /api/regions HTTP/1.1 200 383 - 9.673 ms
Fri, 10 Feb 2017 01:43:41 GMT ::1 - GET /api/amounts HTTP/1.1 200 238 - 6.335 ms
Fri, 10 Feb 2017 01:43:57 GMT ::1 - GET /api/sports HTTP/1.1 200 406 - 15.147 ms
Fri, 10 Feb 2017 01:44:25 GMT ::1 - GET /api/houseInsuranceCategories HTTP/1.1 200 407 - 20.183 ms
Fri, 10 Feb 2017 01:50:08 GMT ::1 - GET /api/regions HTTP/1.1 200 383 - 18.372 ms
Fri, 10 Feb 2017 01:50:08 GMT ::1 - GET /api/amounts HTTP/1.1 200 238 - 8.872 ms
Fri, 10 Feb 2017 01:50:24 GMT ::1 - GET /api/sports HTTP/1.1 200 406 - 52.044 ms
Fri, 10 Feb 2017 01:50:38 GMT ::1 - GET /api/houseInsuranceCategories HTTP/1.1 200 407 - 13.072 ms
Fri, 10 Feb 2017 01:52:52 GMT ::1 - GET /api/regions HTTP/1.1 200 383 - 15.028 ms
Fri, 10 Feb 2017 01:52:52 GMT ::1 - GET /api/amounts HTTP/1.1 200 238 - 18.357 ms
Fri, 10 Feb 2017 01:53:08 GMT ::1 - GET /api/sports HTTP/1.1 200 406 - 10.202 ms
Fri, 10 Feb 2017 01:53:21 GMT ::1 - GET /api/houseInsuranceCategories HTTP/1.1 200 407 - 9.868 ms
Fri, 10 Feb 2017 01:57:59 GMT ::1 - GET /api/regions HTTP/1.1 200 383 - 8.891 ms
Fri, 10 Feb 2017 01:57:59 GMT ::1 - GET /api/amounts HTTP/1.1 200 238 - 6.132 ms
Fri, 10 Feb 2017 01:58:17 GMT ::1 - GET /api/sports HTTP/1.1 200 406 - 8.605 ms
Fri, 10 Feb 2017 01:58:31 GMT ::1 - GET /api/houseInsuranceCategories HTTP/1.1 200 407 - 15.047 ms
Fri, 10 Feb 2017 02:07:39 GMT ::1 - GET /api/regions HTTP/1.1 200 383 - 10.549 ms
Fri, 10 Feb 2017 02:07:39 GMT ::1 - GET /api/amounts HTTP/1.1 200 238 - 6.844 ms
Fri, 10 Feb 2017 02:07:53 GMT ::1 - GET /api/sports HTTP/1.1 200 406 - 8.685 ms
Fri, 10 Feb 2017 02:08:07 GMT ::1 - GET /api/houseInsuranceCategories HTTP/1.1 200 407 - 8.819 ms
Fri, 10 Feb 2017 02:08:53 GMT ::1 - GET /api/sports HTTP/1.1 200 406 - 12.083 ms
Fri, 10 Feb 2017 02:08:56 GMT ::1 - GET /api/houseInsuranceCategories HTTP/1.1 200 407 - 14.005 ms
Fri, 10 Feb 2017 02:09:06 GMT ::1 - GET /api/regions HTTP/1.1 200 383 - 11.365 ms
Fri, 10 Feb 2017 02:09:06 GMT ::1 - GET /api/amounts HTTP/1.1 200 238 - 6.111 ms
Fri, 10 Feb 2017 02:09:30 GMT ::1 - GET /api/sports HTTP/1.1 200 406 - 15.127 ms
Fri, 10 Feb 2017 02:09:42 GMT ::1 - GET /api/houseInsuranceCategories HTTP/1.1 200 407 - 8.448 ms
Fri, 10 Feb 2017 02:10:09 GMT ::1 - GET /api/carInsuranceServices HTTP/1.1 200 478 - 106.767 ms
Fri, 10 Feb 2017 02:11:22 GMT ::1 - GET /api/houseInsuranceCategories HTTP/1.1 200 407 - 8.436 ms
Fri, 10 Feb 2017 02:11:25 GMT ::1 - GET /api/carInsuranceServices HTTP/1.1 200 478 - 10.622 ms
Fri, 10 Feb 2017 02:11:31 GMT ::1 - GET /api/houseInsuranceCategories HTTP/1.1 200 407 - 9.540 ms
Fri, 10 Feb 2017 02:11:33 GMT ::1 - GET /api/carInsuranceServices HTTP/1.1 200 478 - 18.214 ms
Fri, 10 Feb 2017 02:11:53 GMT ::1 - GET /api/carInsuranceServices HTTP/1.1 200 478 - 16.678 ms
Fri, 10 Feb 2017 02:11:55 GMT ::1 - GET /api/regions HTTP/1.1 200 383 - 7.958 ms
Fri, 10 Feb 2017 02:11:55 GMT ::1 - GET /api/amounts HTTP/1.1 200 238 - 8.568 ms
Fri, 10 Feb 2017 02:12:11 GMT ::1 - GET /api/sports HTTP/1.1 200 406 - 8.966 ms
Fri, 10 Feb 2017 02:12:24 GMT ::1 - GET /api/houseInsuranceCategories HTTP/1.1 200 407 - 11.974 ms
Fri, 10 Feb 2017 02:12:32 GMT ::1 - GET /api/carInsuranceServices HTTP/1.1 200 478 - 11.141 ms
Fri, 10 Feb 2017 02:12:51 GMT ::1 - GET /api/amounts/589736e058fe8d16e04e62c4 HTTP/1.1 200 54 - 4752.751 ms
Fri, 10 Feb 2017 02:12:51 GMT ::1 - GET /api/regions/5897361058fe8d16e04e62bc HTTP/1.1 200 93 - 4717.110 ms
Fri, 10 Feb 2017 02:12:51 GMT ::1 - POST /api/allRules HTTP/1.1 200 79 - 4369.867 ms
Fri, 10 Feb 2017 02:12:55 GMT ::1 - POST /api/insurances HTTP/1.1 200 640 - 1064.224 ms
Fri, 10 Feb 2017 02:12:55 GMT ::1 - GET /api/insurances/589d21a7bbbbab11dc225304 HTTP/1.1 200 336 - 20.097 ms
Fri, 10 Feb 2017 02:12:55 GMT ::1 - GET /api/users/589d21a6bbbbab11dc225302 HTTP/1.1 200 218 - 64.564 ms
Fri, 10 Feb 2017 02:12:55 GMT ::1 - GET /api/merchants HTTP/1.1 200 188 - 50.859 ms
Fri, 10 Feb 2017 02:13:08 GMT ::1 - GET /api/transactions/589d21a7bbbbab11dc225303 HTTP/1.1 200 155 - 58.067 ms
Fri, 10 Feb 2017 02:45:02 GMT ::1 - GET /api/regions HTTP/1.1 200 383 - 25.985 ms
Fri, 10 Feb 2017 02:45:02 GMT ::1 - GET /api/amounts HTTP/1.1 200 238 - 10.683 ms
Fri, 10 Feb 2017 02:45:18 GMT ::1 - GET /api/sports HTTP/1.1 200 406 - 18.897 ms
Fri, 10 Feb 2017 02:45:32 GMT ::1 - GET /api/houseInsuranceCategories HTTP/1.1 200 407 - 16.709 ms
Fri, 10 Feb 2017 02:45:40 GMT ::1 - GET /api/carInsuranceServices HTTP/1.1 200 478 - 18.125 ms
Fri, 10 Feb 2017 02:45:47 GMT ::1 - GET /api/amounts/589736e058fe8d16e04e62c4 HTTP/1.1 200 54 - 9.365 ms
Fri, 10 Feb 2017 02:45:51 GMT ::1 - GET /api/regions/5897362158fe8d16e04e62bd HTTP/1.1 200 91 - 3910.068 ms
Fri, 10 Feb 2017 02:45:52 GMT ::1 - POST /api/allRules HTTP/1.1 200 77 - 4155.140 ms
Fri, 10 Feb 2017 02:45:53 GMT ::1 - POST /api/insurances HTTP/1.1 200 640 - 232.241 ms
Fri, 10 Feb 2017 02:45:53 GMT ::1 - GET /api/insurances/589d2961bbbbab11dc225307 HTTP/1.1 200 336 - 13.956 ms
Fri, 10 Feb 2017 02:45:53 GMT ::1 - GET /api/users/589d2961bbbbab11dc225305 HTTP/1.1 200 218 - 16.074 ms
Fri, 10 Feb 2017 02:45:53 GMT ::1 - GET /api/merchants HTTP/1.1 200 188 - 20.500 ms
Fri, 10 Feb 2017 02:45:57 GMT ::1 - GET /api/transactions/589d2961bbbbab11dc225306 HTTP/1.1 200 155 - 33.075 ms
Fri, 10 Feb 2017 02:47:06 GMT ::1 - GET /api/regions HTTP/1.1 200 383 - 11.465 ms
Fri, 10 Feb 2017 02:47:06 GMT ::1 - GET /api/amounts HTTP/1.1 200 238 - 8.397 ms
Fri, 10 Feb 2017 02:47:21 GMT ::1 - GET /api/sports HTTP/1.1 200 406 - 11.016 ms
Fri, 10 Feb 2017 02:47:40 GMT ::1 - GET /api/houseInsuranceCategories HTTP/1.1 200 407 - 18.785 ms
Fri, 10 Feb 2017 02:47:43 GMT ::1 - GET /api/carInsuranceServices HTTP/1.1 200 478 - 26.801 ms
Fri, 10 Feb 2017 02:47:46 GMT ::1 - GET /api/amounts/589736e058fe8d16e04e62c4 HTTP/1.1 200 54 - 9.425 ms
Fri, 10 Feb 2017 02:47:49 GMT ::1 - GET /api/regions/5897362158fe8d16e04e62bd HTTP/1.1 200 91 - 31.990 ms
Fri, 10 Feb 2017 02:47:50 GMT ::1 - POST /api/allRules HTTP/1.1 200 77 - 3870.142 ms
Fri, 10 Feb 2017 02:47:51 GMT ::1 - POST /api/insurances HTTP/1.1 200 640 - 234.647 ms
Fri, 10 Feb 2017 02:47:51 GMT ::1 - GET /api/insurances/589d29d7bbbbab11dc22530a HTTP/1.1 200 336 - 15.534 ms
Fri, 10 Feb 2017 02:47:51 GMT ::1 - GET /api/users/589d29d7bbbbab11dc225308 HTTP/1.1 200 218 - 11.298 ms
Fri, 10 Feb 2017 02:47:51 GMT ::1 - GET /api/merchants HTTP/1.1 200 188 - 10.954 ms
Fri, 10 Feb 2017 02:47:55 GMT ::1 - GET /api/transactions/589d29d7bbbbab11dc225309 HTTP/1.1 200 155 - 11.968 ms
Fri, 10 Feb 2017 02:53:53 GMT ::1 - GET /api/regions HTTP/1.1 200 383 - 27.924 ms
Fri, 10 Feb 2017 02:53:53 GMT ::1 - GET /api/amounts HTTP/1.1 200 238 - 33.586 ms
Fri, 10 Feb 2017 02:54:10 GMT ::1 - GET /api/sports HTTP/1.1 200 406 - 13.245 ms
Fri, 10 Feb 2017 02:54:22 GMT ::1 - GET /api/houseInsuranceCategories HTTP/1.1 200 407 - 14.142 ms
Fri, 10 Feb 2017 02:54:32 GMT ::1 - GET /api/carInsuranceServices HTTP/1.1 200 478 - 25.359 ms
Fri, 10 Feb 2017 02:54:36 GMT ::1 - GET /api/houseInsuranceCategories HTTP/1.1 200 407 - 11.597 ms
Fri, 10 Feb 2017 02:55:48 GMT ::1 - GET /api/regions HTTP/1.1 200 383 - 18.437 ms
Fri, 10 Feb 2017 02:55:48 GMT ::1 - GET /api/amounts HTTP/1.1 200 238 - 6.829 ms
Fri, 10 Feb 2017 02:56:02 GMT ::1 - GET /api/sports HTTP/1.1 200 406 - 35.886 ms
Fri, 10 Feb 2017 02:56:13 GMT ::1 - GET /api/houseInsuranceCategories HTTP/1.1 200 407 - 17.415 ms
Fri, 10 Feb 2017 02:56:45 GMT ::1 - GET /api/carInsuranceServices HTTP/1.1 200 478 - 11.559 ms
Fri, 10 Feb 2017 02:57:57 GMT ::1 - GET /api/amounts/589736e058fe8d16e04e62c4 HTTP/1.1 200 54 - 12.684 ms
Fri, 10 Feb 2017 02:58:01 GMT ::1 - GET /api/regions/5897361058fe8d16e04e62bc HTTP/1.1 200 93 - 20.073 ms
Fri, 10 Feb 2017 02:58:01 GMT ::1 - POST /api/allRules HTTP/1.1 200 81 - 4081.603 ms
Sun, 12 Feb 2017 16:20:44 GMT ::1 - GET /api/regions HTTP/1.1 200 383 - 251.584 ms
Sun, 12 Feb 2017 16:20:44 GMT ::1 - GET /api/amounts HTTP/1.1 200 238 - 285.240 ms
Sun, 12 Feb 2017 16:20:59 GMT ::1 - GET /api/sports HTTP/1.1 200 406 - 83.321 ms
Sun, 12 Feb 2017 16:21:12 GMT ::1 - GET /api/houseInsuranceCategories HTTP/1.1 200 407 - 33.832 ms
Sun, 12 Feb 2017 16:21:14 GMT ::1 - GET /api/carInsuranceServices HTTP/1.1 200 478 - 31.710 ms
Sun, 12 Feb 2017 16:21:21 GMT ::1 - GET /api/amounts/589736e058fe8d16e04e62c4 HTTP/1.1 200 54 - 4206.974 ms
Sun, 12 Feb 2017 16:21:21 GMT ::1 - GET /api/regions/5897361058fe8d16e04e62bc HTTP/1.1 200 93 - 64.900 ms
Sun, 12 Feb 2017 16:21:22 GMT ::1 - POST /api/allRules HTTP/1.1 200 77 - 4075.352 ms
Sun, 12 Feb 2017 16:21:29 GMT ::1 - POST /api/insurances HTTP/1.1 200 640 - 383.435 ms
Sun, 12 Feb 2017 16:21:29 GMT ::1 - GET /api/insurances/58a08b8939d3500d188990ac HTTP/1.1 200 336 - 19.945 ms
Sun, 12 Feb 2017 16:21:29 GMT ::1 - GET /api/users/58a08b8839d3500d188990aa HTTP/1.1 200 218 - 24.737 ms
Sun, 12 Feb 2017 16:21:29 GMT ::1 - GET /api/merchants HTTP/1.1 200 188 - 31.700 ms
Sun, 12 Feb 2017 16:21:34 GMT ::1 - GET /api/transactions/58a08b8939d3500d188990ab HTTP/1.1 200 155 - 23.420 ms
Sun, 12 Feb 2017 16:24:17 GMT ::1 - POST /api/insurances HTTP/1.1 200 640 - 88.332 ms
Sun, 12 Feb 2017 16:24:17 GMT ::1 - GET /api/insurances/58a08c3139d3500d188990af HTTP/1.1 200 336 - 16.501 ms
Sun, 12 Feb 2017 16:24:17 GMT ::1 - GET /api/users/58a08c3139d3500d188990ad HTTP/1.1 200 218 - 27.224 ms
Sun, 12 Feb 2017 16:24:17 GMT ::1 - GET /api/merchants HTTP/1.1 200 188 - 12.090 ms
Sun, 12 Feb 2017 16:24:21 GMT ::1 - GET /api/transactions/58a08c3139d3500d188990ae HTTP/1.1 200 155 - 57.649 ms
Sun, 12 Feb 2017 16:24:50 GMT ::1 - POST /api/insurances HTTP/1.1 200 640 - 55.195 ms
Sun, 12 Feb 2017 16:24:50 GMT ::1 - GET /api/insurances/58a08c5239d3500d188990b2 HTTP/1.1 200 336 - 10.977 ms
Sun, 12 Feb 2017 16:24:50 GMT ::1 - GET /api/users/58a08c5239d3500d188990b0 HTTP/1.1 200 218 - 20.986 ms
Sun, 12 Feb 2017 16:24:50 GMT ::1 - GET /api/merchants HTTP/1.1 200 188 - 11.753 ms
Sun, 12 Feb 2017 16:24:54 GMT ::1 - GET /api/transactions/58a08c5239d3500d188990b1 HTTP/1.1 200 155 - 10.618 ms
Sun, 12 Feb 2017 16:27:50 GMT ::1 - POST /api/insurances HTTP/1.1 200 640 - 61.666 ms
Sun, 12 Feb 2017 16:27:50 GMT ::1 - GET /api/insurances/58a08d0639d3500d188990b5 HTTP/1.1 200 336 - 17.884 ms
Sun, 12 Feb 2017 16:27:50 GMT ::1 - GET /api/users/58a08d0639d3500d188990b3 HTTP/1.1 200 218 - 14.952 ms
Sun, 12 Feb 2017 16:27:50 GMT ::1 - GET /api/merchants HTTP/1.1 200 188 - 25.868 ms
Sun, 12 Feb 2017 16:27:53 GMT ::1 - GET /api/transactions/58a08d0639d3500d188990b4 HTTP/1.1 200 155 - 7.328 ms
Sun, 12 Feb 2017 16:39:56 GMT ::1 - POST /api/getURL HTTP/1.1 200 91 - 80.751 ms
Sun, 12 Feb 2017 16:40:43 GMT ::1 - POST /api/getURL HTTP/1.1 200 91 - 28.054 ms
Sun, 12 Feb 2017 16:42:18 GMT ::1 - GET /api/regions HTTP/1.1 200 383 - 21.083 ms
Sun, 12 Feb 2017 16:42:18 GMT ::1 - GET /api/amounts HTTP/1.1 200 238 - 8.209 ms
Sun, 12 Feb 2017 16:49:50 GMT ::1 - GET /api/amounts HTTP/1.1 200 238 - 55.426 ms
Sun, 12 Feb 2017 16:49:50 GMT ::1 - GET /api/regions HTTP/1.1 200 383 - 23.726 ms
Sun, 12 Feb 2017 16:50:07 GMT ::1 - GET /api/sports HTTP/1.1 200 406 - 17.327 ms
Sun, 12 Feb 2017 16:50:20 GMT ::1 - GET /api/houseInsuranceCategories HTTP/1.1 200 407 - 11.938 ms
Sun, 12 Feb 2017 16:50:25 GMT ::1 - GET /api/carInsuranceServices HTTP/1.1 200 478 - 21.736 ms
Sun, 12 Feb 2017 16:50:32 GMT ::1 - GET /api/amounts/589736e058fe8d16e04e62c4 HTTP/1.1 200 54 - 4744.561 ms
Sun, 12 Feb 2017 16:50:32 GMT ::1 - GET /api/regions/5897361058fe8d16e04e62bc HTTP/1.1 200 93 - 4744.285 ms
Sun, 12 Feb 2017 16:50:33 GMT ::1 - POST /api/allRules HTTP/1.1 200 81 - 5072.948 ms
Sun, 12 Feb 2017 16:50:34 GMT ::1 - POST /api/insurances HTTP/1.1 200 640 - 80.971 ms
Sun, 12 Feb 2017 16:50:34 GMT ::1 - GET /api/insurances/58a0925a39d3500d188990b8 HTTP/1.1 200 336 - 9.996 ms
Sun, 12 Feb 2017 16:50:34 GMT ::1 - GET /api/users/58a0925a39d3500d188990b6 HTTP/1.1 200 218 - 14.069 ms
Sun, 12 Feb 2017 16:50:34 GMT ::1 - GET /api/merchants HTTP/1.1 200 188 - 8.923 ms
Sun, 12 Feb 2017 16:50:38 GMT ::1 - GET /api/transactions/58a0925a39d3500d188990b7 HTTP/1.1 200 155 - 64.805 ms
Sun, 12 Feb 2017 16:53:47 GMT ::1 - POST /api/getURL HTTP/1.1 200 91 - 126.715 ms
Sun, 12 Feb 2017 16:53:58 GMT ::1 - POST /api/sendEmail HTTP/1.1 200 38 - 1610.367 ms
Sun, 12 Feb 2017 16:54:39 GMT ::1 - POST /api/getURL HTTP/1.1 200 74 - 18.944 ms
Sun, 12 Feb 2017 16:54:45 GMT ::1 - POST /api/sendEmail HTTP/1.1 400 33 - 12.908 ms
Sun, 12 Feb 2017 16:57:55 GMT ::1 - POST /api/getURL HTTP/1.1 200 74 - 7.869 ms
Sun, 12 Feb 2017 16:58:09 GMT ::1 - POST /api/sendEmail HTTP/1.1 400 33 - 51.586 ms
Sun, 12 Feb 2017 17:08:15 GMT ::1 - GET /api/regions HTTP/1.1 200 383 - 15.373 ms
Sun, 12 Feb 2017 17:08:15 GMT ::1 - GET /api/amounts HTTP/1.1 200 238 - 21.721 ms
Sun, 12 Feb 2017 17:08:29 GMT ::1 - GET /api/sports HTTP/1.1 200 406 - 35.974 ms
Sun, 12 Feb 2017 17:08:41 GMT ::1 - GET /api/houseInsuranceCategories HTTP/1.1 200 407 - 16.142 ms
Sun, 12 Feb 2017 17:08:44 GMT ::1 - GET /api/carInsuranceServices HTTP/1.1 200 478 - 16.463 ms
Sun, 12 Feb 2017 17:08:48 GMT ::1 - GET /api/amounts/589736e058fe8d16e04e62c4 HTTP/1.1 200 54 - 18.929 ms
Sun, 12 Feb 2017 17:08:52 GMT ::1 - GET /api/regions/5897361058fe8d16e04e62bc HTTP/1.1 200 93 - 30.572 ms
Sun, 12 Feb 2017 17:08:52 GMT ::1 - POST /api/allRules HTTP/1.1 200 81 - 3971.120 ms
Sun, 12 Feb 2017 17:08:53 GMT ::1 - POST /api/insurances HTTP/1.1 200 640 - 178.688 ms
Sun, 12 Feb 2017 17:08:53 GMT ::1 - GET /api/insurances/58a096a539d3500d188990bb HTTP/1.1 200 336 - 14.698 ms
Sun, 12 Feb 2017 17:08:53 GMT ::1 - GET /api/users/58a096a539d3500d188990b9 HTTP/1.1 200 218 - 26.879 ms
Sun, 12 Feb 2017 17:08:53 GMT ::1 - GET /api/merchants HTTP/1.1 200 188 - 11.826 ms
Sun, 12 Feb 2017 17:08:57 GMT ::1 - GET /api/transactions/58a096a539d3500d188990ba HTTP/1.1 200 155 - 7.860 ms
Sun, 12 Feb 2017 17:09:30 GMT ::1 - POST /api/getURL HTTP/1.1 200 74 - 7.842 ms
Sun, 12 Feb 2017 17:09:56 GMT ::1 - POST /api/sendEmail HTTP/1.1 200 38 - 155.380 ms
Sun, 12 Feb 2017 17:12:13 GMT ::1 - POST /api/getURL HTTP/1.1 200 74 - 20.406 ms
Sun, 12 Feb 2017 17:12:21 GMT ::1 - POST /api/sendEmail HTTP/1.1 400 33 - 15.275 ms
Sun, 12 Feb 2017 17:19:28 GMT ::1 - POST /api/getURL HTTP/1.1 200 91 - 39.374 ms
Sun, 12 Feb 2017 17:19:35 GMT ::1 - POST /api/sendEmail HTTP/1.1 400 33 - 10.554 ms
Sun, 12 Feb 2017 17:21:08 GMT ::1 - GET /api/regions HTTP/1.1 200 383 - 27.868 ms
Sun, 12 Feb 2017 17:21:08 GMT ::1 - GET /api/amounts HTTP/1.1 200 238 - 9.801 ms
Sun, 12 Feb 2017 17:21:23 GMT ::1 - GET /api/sports HTTP/1.1 200 406 - 11.869 ms
Sun, 12 Feb 2017 17:21:26 GMT ::1 - GET /api/regions HTTP/1.1 200 383 - 12.162 ms
Sun, 12 Feb 2017 17:21:26 GMT ::1 - GET /api/amounts HTTP/1.1 200 238 - 7.857 ms
Sun, 12 Feb 2017 18:34:42 GMT ::1 - GET /api/sports HTTP/1.1 200 406 - 44.793 ms
Sun, 12 Feb 2017 18:34:46 GMT ::1 - GET /api/amounts HTTP/1.1 200 238 - 29.436 ms
Sun, 12 Feb 2017 18:34:46 GMT ::1 - GET /api/regions HTTP/1.1 200 383 - 194.257 ms
Sun, 12 Feb 2017 18:37:09 GMT ::1 - GET /api/sports HTTP/1.1 200 406 - 11.446 ms
Sun, 12 Feb 2017 18:37:22 GMT ::1 - GET /api/houseInsuranceCategories HTTP/1.1 200 407 - 13.299 ms
Sun, 12 Feb 2017 18:37:25 GMT ::1 - GET /api/carInsuranceServices HTTP/1.1 200 478 - 54.548 ms
Sun, 12 Feb 2017 18:37:27 GMT ::1 - GET /api/amounts/589736e058fe8d16e04e62c4 HTTP/1.1 200 54 - 9.837 ms
Sun, 12 Feb 2017 18:37:31 GMT ::1 - GET /api/regions/5897361058fe8d16e04e62bc HTTP/1.1 200 93 - 168.124 ms
Sun, 12 Feb 2017 18:37:32 GMT ::1 - POST /api/allRules HTTP/1.1 200 81 - 4842.312 ms
Sun, 12 Feb 2017 18:37:35 GMT ::1 - POST /api/insurances HTTP/1.1 200 640 - 295.037 ms
Sun, 12 Feb 2017 18:37:35 GMT ::1 - GET /api/insurances/58a0ab6f39d3500d188990c0 HTTP/1.1 200 336 - 13.878 ms
Sun, 12 Feb 2017 18:37:35 GMT ::1 - GET /api/users/58a0ab6f39d3500d188990be HTTP/1.1 200 218 - 14.459 ms
Sun, 12 Feb 2017 18:37:35 GMT ::1 - GET /api/merchants HTTP/1.1 200 188 - 10.927 ms
Sun, 12 Feb 2017 18:37:43 GMT ::1 - GET /api/transactions/58a0ab6f39d3500d188990bf HTTP/1.1 200 155 - 11.835 ms
Sun, 12 Feb 2017 18:37:44 GMT ::1 - POST /api/insurances HTTP/1.1 - - - - ms
Sun, 12 Feb 2017 18:38:17 GMT ::1 - GET /api/regions HTTP/1.1 200 383 - 27.075 ms
Sun, 12 Feb 2017 18:38:17 GMT ::1 - GET /api/amounts HTTP/1.1 200 238 - 52.186 ms
Sun, 12 Feb 2017 18:38:30 GMT ::1 - GET /api/sports HTTP/1.1 200 406 - 12.083 ms
Sun, 12 Feb 2017 18:38:45 GMT ::1 - GET /api/houseInsuranceCategories HTTP/1.1 200 407 - 12.611 ms
Sun, 12 Feb 2017 18:38:47 GMT ::1 - GET /api/carInsuranceServices HTTP/1.1 200 478 - 17.676 ms
Sun, 12 Feb 2017 18:38:51 GMT ::1 - GET /api/amounts/589736e058fe8d16e04e62c4 HTTP/1.1 200 54 - 10.723 ms
Sun, 12 Feb 2017 18:38:54 GMT ::1 - GET /api/regions/5897361058fe8d16e04e62bc HTTP/1.1 200 93 - 32.071 ms
Sun, 12 Feb 2017 18:38:54 GMT ::1 - POST /api/allRules HTTP/1.1 200 77 - 3324.792 ms
Sun, 12 Feb 2017 18:38:56 GMT ::1 - POST /api/insurances HTTP/1.1 200 640 - 89.468 ms
Sun, 12 Feb 2017 18:38:56 GMT ::1 - GET /api/insurances/58a0abc039d3500d188990c3 HTTP/1.1 200 336 - 13.223 ms
Sun, 12 Feb 2017 18:38:56 GMT ::1 - GET /api/users/58a0abbf39d3500d188990c1 HTTP/1.1 200 218 - 24.133 ms
Sun, 12 Feb 2017 18:38:56 GMT ::1 - GET /api/merchants HTTP/1.1 200 188 - 8.774 ms
Sun, 12 Feb 2017 18:38:59 GMT ::1 - GET /api/transactions/58a0abc039d3500d188990c2 HTTP/1.1 200 155 - 9.694 ms
Sun, 12 Feb 2017 18:39:36 GMT ::1 - POST /api/getURL HTTP/1.1 200 91 - 29.053 ms
Sun, 12 Feb 2017 18:39:44 GMT ::1 - POST /api/sendEmail HTTP/1.1 200 38 - 317.068 ms
Sun, 12 Feb 2017 18:40:16 GMT ::1 - POST /api/getURL HTTP/1.1 200 74 - 12.443 ms
Sun, 12 Feb 2017 18:40:33 GMT ::1 - POST /api/sendEmail HTTP/1.1 400 33 - 42.467 ms
Sun, 12 Feb 2017 18:44:16 GMT ::1 - POST /api/getURL HTTP/1.1 200 74 - 20.115 ms
Sun, 12 Feb 2017 18:45:33 GMT ::1 - POST /api/sendEmail HTTP/1.1 400 33 - 52.122 ms
Sun, 12 Feb 2017 21:25:01 GMT ::1 - GET /api/amounts HTTP/1.1 - - - - ms
Sun, 12 Feb 2017 21:25:01 GMT ::1 - GET /api/regions HTTP/1.1 - - - - ms
Sun, 12 Feb 2017 21:46:34 GMT ::1 - GET /api/regions HTTP/1.1 200 383 - 210.130 ms
Sun, 12 Feb 2017 21:46:34 GMT ::1 - GET /api/amounts HTTP/1.1 200 238 - 157.285 ms
Sun, 12 Feb 2017 21:46:53 GMT ::1 - GET /api/regions HTTP/1.1 200 383 - 19.546 ms
Sun, 12 Feb 2017 21:46:54 GMT ::1 - GET /api/amounts HTTP/1.1 200 238 - 35.102 ms
Sun, 12 Feb 2017 21:47:15 GMT ::1 - GET /api/sports HTTP/1.1 200 406 - 39.449 ms
Sun, 12 Feb 2017 21:47:24 GMT ::1 - GET /api/regions HTTP/1.1 200 383 - 18.306 ms
Sun, 12 Feb 2017 21:47:24 GMT ::1 - GET /api/amounts HTTP/1.1 200 238 - 19.551 ms
Sun, 12 Feb 2017 21:58:18 GMT ::1 - GET /api/sports HTTP/1.1 200 406 - 120.105 ms
Sun, 12 Feb 2017 21:58:34 GMT ::1 - GET /api/houseInsuranceCategories HTTP/1.1 200 407 - 28.915 ms
Sun, 12 Feb 2017 21:58:37 GMT ::1 - GET /api/carInsuranceServices HTTP/1.1 200 478 - 22.250 ms
Sun, 12 Feb 2017 21:58:44 GMT ::1 - GET /api/amounts/589736e058fe8d16e04e62c4 HTTP/1.1 200 54 - 3923.247 ms
Sun, 12 Feb 2017 21:58:44 GMT ::1 - GET /api/regions/5897361058fe8d16e04e62bc HTTP/1.1 200 93 - 37.164 ms
Sun, 12 Feb 2017 21:58:44 GMT ::1 - POST /api/allRules HTTP/1.1 200 77 - 3824.266 ms
Sun, 12 Feb 2017 21:58:46 GMT ::1 - POST /api/insurances HTTP/1.1 200 640 - 464.052 ms
Sun, 12 Feb 2017 21:58:46 GMT ::1 - GET /api/insurances/58a0da9680468d073443ac26 HTTP/1.1 200 336 - 18.824 ms
Sun, 12 Feb 2017 21:58:46 GMT ::1 - GET /api/users/58a0da9580468d073443ac24 HTTP/1.1 200 218 - 37.118 ms
Sun, 12 Feb 2017 21:58:46 GMT ::1 - GET /api/merchants HTTP/1.1 200 188 - 47.406 ms
Sun, 12 Feb 2017 21:58:52 GMT ::1 - GET /api/transactions/58a0da9580468d073443ac25 HTTP/1.1 200 155 - 16.818 ms
Sun, 12 Feb 2017 22:06:30 GMT ::1 - POST /api/getURL HTTP/1.1 200 74 - 36.403 ms
Sun, 12 Feb 2017 22:13:39 GMT ::1 - POST /api/sendEmail HTTP/1.1 200 38 - 1250.308 ms
Sun, 12 Feb 2017 22:24:23 GMT ::1 - POST /api/getURL HTTP/1.1 200 74 - 10.734 ms
Sun, 12 Feb 2017 22:24:29 GMT ::1 - POST /api/sendEmail HTTP/1.1 400 33 - 10.900 ms
Sun, 12 Feb 2017 22:30:06 GMT ::1 - POST /api/getURL HTTP/1.1 200 74 - 11.288 ms
Sun, 12 Feb 2017 22:30:12 GMT ::1 - POST /api/sendEmail HTTP/1.1 400 33 - 11.944 ms
Sun, 12 Feb 2017 22:31:02 GMT ::1 - GET /api/regions HTTP/1.1 200 383 - 26.386 ms
Sun, 12 Feb 2017 22:31:02 GMT ::1 - GET /api/amounts HTTP/1.1 200 238 - 36.686 ms
Sun, 12 Feb 2017 22:56:10 GMT ::1 - GET /api/sports HTTP/1.1 200 406 - 12.834 ms
Sun, 12 Feb 2017 22:56:22 GMT ::1 - GET /api/houseInsuranceCategories HTTP/1.1 200 407 - 11.791 ms
Sun, 12 Feb 2017 22:56:24 GMT ::1 - GET /api/carInsuranceServices HTTP/1.1 200 478 - 19.304 ms
Sun, 12 Feb 2017 22:56:31 GMT ::1 - GET /api/amounts/589736e058fe8d16e04e62c4 HTTP/1.1 200 54 - 3586.523 ms
Sun, 12 Feb 2017 22:56:31 GMT ::1 - GET /api/regions/5897362158fe8d16e04e62bd HTTP/1.1 200 91 - 30.012 ms
Sun, 12 Feb 2017 22:56:31 GMT ::1 - POST /api/allRules HTTP/1.1 200 79 - 3882.338 ms
Sun, 12 Feb 2017 22:56:33 GMT ::1 - POST /api/insurances HTTP/1.1 200 640 - 138.525 ms
Sun, 12 Feb 2017 22:56:33 GMT ::1 - GET /api/insurances/58a0e82180468d073443ac29 HTTP/1.1 200 336 - 14.140 ms
Sun, 12 Feb 2017 22:56:33 GMT ::1 - GET /api/users/58a0e82180468d073443ac27 HTTP/1.1 200 218 - 17.247 ms
Sun, 12 Feb 2017 22:56:33 GMT ::1 - GET /api/merchants HTTP/1.1 200 188 - 16.613 ms
Sun, 12 Feb 2017 22:56:36 GMT ::1 - GET /api/transactions/58a0e82180468d073443ac28 HTTP/1.1 200 155 - 11.914 ms
Sun, 12 Feb 2017 22:57:09 GMT ::1 - GET /api/regions HTTP/1.1 200 383 - 12.825 ms
Sun, 12 Feb 2017 22:57:09 GMT ::1 - GET /api/amounts HTTP/1.1 200 238 - 10.022 ms
Sun, 12 Feb 2017 22:57:21 GMT ::1 - GET /api/sports HTTP/1.1 200 406 - 11.176 ms
Sun, 12 Feb 2017 22:57:33 GMT ::1 - GET /api/houseInsuranceCategories HTTP/1.1 200 407 - 14.531 ms
Sun, 12 Feb 2017 22:57:36 GMT ::1 - GET /api/carInsuranceServices HTTP/1.1 200 478 - 19.717 ms
Sun, 12 Feb 2017 22:57:41 GMT ::1 - GET /api/amounts/589736e058fe8d16e04e62c4 HTTP/1.1 200 54 - 3290.153 ms
Sun, 12 Feb 2017 22:57:41 GMT ::1 - GET /api/regions/5897361058fe8d16e04e62bc HTTP/1.1 200 93 - 28.934 ms
Sun, 12 Feb 2017 22:57:41 GMT ::1 - POST /api/allRules HTTP/1.1 200 79 - 3453.932 ms
Sun, 12 Feb 2017 22:57:43 GMT ::1 - POST /api/insurances HTTP/1.1 200 640 - 125.867 ms
Sun, 12 Feb 2017 22:57:43 GMT ::1 - GET /api/insurances/58a0e86680468d073443ac2c HTTP/1.1 200 336 - 13.406 ms
Sun, 12 Feb 2017 22:57:43 GMT ::1 - GET /api/users/58a0e86680468d073443ac2a HTTP/1.1 200 218 - 15.030 ms
Sun, 12 Feb 2017 22:57:43 GMT ::1 - GET /api/merchants HTTP/1.1 200 188 - 10.475 ms
Sun, 12 Feb 2017 22:57:46 GMT ::1 - GET /api/transactions/58a0e86680468d073443ac2b HTTP/1.1 200 155 - 9.561 ms
Sun, 12 Feb 2017 22:58:13 GMT ::1 - POST /api/getURL HTTP/1.1 200 74 - 8.814 ms
Sun, 12 Feb 2017 22:58:46 GMT ::1 - POST /api/sendEmail HTTP/1.1 200 38 - 111.718 ms
Sun, 12 Feb 2017 22:59:23 GMT ::1 - POST /api/getURL HTTP/1.1 200 74 - 9.770 ms
Sun, 12 Feb 2017 22:59:37 GMT ::1 - POST /api/sendEmail HTTP/1.1 400 33 - 14.002 ms
Sun, 12 Feb 2017 23:00:48 GMT ::1 - POST /api/getURL HTTP/1.1 200 74 - 27.899 ms
Sun, 12 Feb 2017 23:00:53 GMT ::1 - POST /api/sendEmail HTTP/1.1 400 33 - 63.997 ms
Sun, 12 Feb 2017 23:03:17 GMT ::1 - POST /api/getURL HTTP/1.1 200 74 - 14.788 ms
Sun, 12 Feb 2017 23:04:20 GMT ::1 - POST /api/sendEmail HTTP/1.1 400 33 - 47.625 ms
Sun, 12 Feb 2017 23:05:17 GMT ::1 - POST /api/getURL HTTP/1.1 200 74 - 7.005 ms
Sun, 12 Feb 2017 23:07:11 GMT ::1 - POST /api/sendEmail HTTP/1.1 400 33 - 10.023 ms
Sun, 12 Feb 2017 23:08:49 GMT ::1 - POST /api/getURL HTTP/1.1 200 74 - 23.695 ms
Sun, 12 Feb 2017 23:08:55 GMT ::1 - POST /api/sendEmail HTTP/1.1 400 33 - 37.227 ms
Sun, 12 Feb 2017 23:09:29 GMT ::1 - POST /api/getURL HTTP/1.1 200 74 - 14.354 ms
Sun, 12 Feb 2017 23:09:49 GMT ::1 - POST /api/sendEmail HTTP/1.1 400 33 - 11.452 ms
Sun, 12 Feb 2017 23:10:12 GMT ::1 - POST /api/getURL HTTP/1.1 200 74 - 9.209 ms
Sun, 12 Feb 2017 23:10:52 GMT ::1 - POST /api/sendEmail HTTP/1.1 400 33 - 12.741 ms
Sun, 12 Feb 2017 23:11:20 GMT ::1 - GET /api/regions HTTP/1.1 200 383 - 24.048 ms
Sun, 12 Feb 2017 23:11:20 GMT ::1 - GET /api/amounts HTTP/1.1 200 238 - 14.366 ms
Sun, 12 Feb 2017 23:11:35 GMT ::1 - GET /api/sports HTTP/1.1 200 406 - 18.869 ms
Sun, 12 Feb 2017 23:11:46 GMT ::1 - GET /api/houseInsuranceCategories HTTP/1.1 200 407 - 15.469 ms
Sun, 12 Feb 2017 23:11:48 GMT ::1 - GET /api/carInsuranceServices HTTP/1.1 200 478 - 26.571 ms
Sun, 12 Feb 2017 23:11:50 GMT ::1 - GET /api/amounts/589736e058fe8d16e04e62c4 HTTP/1.1 200 54 - 8.680 ms
Sun, 12 Feb 2017 23:11:53 GMT ::1 - GET /api/regions/5897361058fe8d16e04e62bc HTTP/1.1 200 93 - 51.902 ms
Sun, 12 Feb 2017 23:11:54 GMT ::1 - POST /api/allRules HTTP/1.1 200 77 - 3210.312 ms
Sun, 12 Feb 2017 23:11:56 GMT ::1 - POST /api/insurances HTTP/1.1 200 640 - 70.574 ms
Sun, 12 Feb 2017 23:11:56 GMT ::1 - GET /api/insurances/58a0ebbc80468d073443ac31 HTTP/1.1 200 336 - 14.646 ms
Sun, 12 Feb 2017 23:11:56 GMT ::1 - GET /api/users/58a0ebbc80468d073443ac2f HTTP/1.1 200 218 - 19.937 ms
Sun, 12 Feb 2017 23:11:56 GMT ::1 - GET /api/merchants HTTP/1.1 200 188 - 12.117 ms
Sun, 12 Feb 2017 23:12:00 GMT ::1 - GET /api/transactions/58a0ebbc80468d073443ac30 HTTP/1.1 200 155 - 10.055 ms
Sun, 12 Feb 2017 23:12:19 GMT ::1 - POST /api/insurances HTTP/1.1 200 640 - 88.069 ms
Sun, 12 Feb 2017 23:12:20 GMT ::1 - GET /api/insurances/58a0ebd380468d073443ac34 HTTP/1.1 200 336 - 38.078 ms
Sun, 12 Feb 2017 23:12:20 GMT ::1 - GET /api/users/58a0ebd380468d073443ac32 HTTP/1.1 200 218 - 14.339 ms
Sun, 12 Feb 2017 23:12:20 GMT ::1 - GET /api/merchants HTTP/1.1 200 188 - 8.467 ms
Sun, 12 Feb 2017 23:12:23 GMT ::1 - GET /api/transactions/58a0ebd380468d073443ac33 HTTP/1.1 200 155 - 9.166 ms
Sun, 12 Feb 2017 23:13:02 GMT ::1 - GET /api/regions HTTP/1.1 200 383 - 13.647 ms
Sun, 12 Feb 2017 23:13:02 GMT ::1 - GET /api/amounts HTTP/1.1 200 238 - 7.831 ms
Sun, 12 Feb 2017 23:13:24 GMT ::1 - POST /api/insurances HTTP/1.1 - - - - ms
Sun, 12 Feb 2017 23:13:31 GMT ::1 - GET /api/regions HTTP/1.1 200 383 - 18.759 ms
Sun, 12 Feb 2017 23:13:31 GMT ::1 - GET /api/amounts HTTP/1.1 200 238 - 8.658 ms
Sun, 12 Feb 2017 23:13:45 GMT ::1 - GET /api/sports HTTP/1.1 200 406 - 34.999 ms
Sun, 12 Feb 2017 23:13:57 GMT ::1 - GET /api/houseInsuranceCategories HTTP/1.1 200 407 - 16.250 ms
Sun, 12 Feb 2017 23:14:00 GMT ::1 - GET /api/carInsuranceServices HTTP/1.1 200 478 - 16.704 ms
Sun, 12 Feb 2017 23:14:02 GMT ::1 - GET /api/amounts/589736e058fe8d16e04e62c4 HTTP/1.1 200 54 - 9.782 ms
Sun, 12 Feb 2017 23:14:06 GMT ::1 - GET /api/regions/5897361058fe8d16e04e62bc HTTP/1.1 200 93 - 36.982 ms
Sun, 12 Feb 2017 23:14:06 GMT ::1 - POST /api/allRules HTTP/1.1 200 79 - 3715.757 ms
Sun, 12 Feb 2017 23:14:07 GMT ::1 - POST /api/insurances HTTP/1.1 200 640 - 97.703 ms
Sun, 12 Feb 2017 23:14:08 GMT ::1 - GET /api/insurances/58a0ec3f80468d073443ac37 HTTP/1.1 200 336 - 16.571 ms
Sun, 12 Feb 2017 23:14:08 GMT ::1 - GET /api/users/58a0ec3f80468d073443ac35 HTTP/1.1 200 218 - 27.076 ms
Sun, 12 Feb 2017 23:14:08 GMT ::1 - GET /api/merchants HTTP/1.1 200 188 - 41.198 ms
Sun, 12 Feb 2017 23:14:11 GMT ::1 - GET /api/transactions/58a0ec3f80468d073443ac36 HTTP/1.1 200 155 - 10.551 ms
Sun, 12 Feb 2017 23:14:55 GMT ::1 - POST /api/insurances HTTP/1.1 200 640 - 76.816 ms
Sun, 12 Feb 2017 23:14:55 GMT ::1 - GET /api/insurances/58a0ec6f80468d073443ac3a HTTP/1.1 200 336 - 11.041 ms
Sun, 12 Feb 2017 23:14:55 GMT ::1 - GET /api/users/58a0ec6f80468d073443ac38 HTTP/1.1 200 218 - 16.549 ms
Sun, 12 Feb 2017 23:14:55 GMT ::1 - GET /api/merchants HTTP/1.1 200 188 - 12.118 ms
Sun, 12 Feb 2017 23:14:58 GMT ::1 - GET /api/transactions/58a0ec6f80468d073443ac39 HTTP/1.1 200 155 - 12.117 ms
Sun, 12 Feb 2017 23:15:51 GMT ::1 - GET /api/regions HTTP/1.1 200 383 - 150.682 ms
Sun, 12 Feb 2017 23:15:51 GMT ::1 - GET /api/amounts HTTP/1.1 200 238 - 111.495 ms
Sun, 12 Feb 2017 23:16:05 GMT ::1 - GET /api/sports HTTP/1.1 200 406 - 52.113 ms
Sun, 12 Feb 2017 23:16:18 GMT ::1 - GET /api/houseInsuranceCategories HTTP/1.1 200 407 - 44.384 ms
Sun, 12 Feb 2017 23:16:20 GMT ::1 - GET /api/carInsuranceServices HTTP/1.1 200 478 - 33.351 ms
Sun, 12 Feb 2017 23:16:26 GMT ::1 - GET /api/amounts/589736e058fe8d16e04e62c4 HTTP/1.1 200 54 - 3386.898 ms
Sun, 12 Feb 2017 23:16:26 GMT ::1 - GET /api/regions/5897361058fe8d16e04e62bc HTTP/1.1 200 93 - 25.023 ms
Sun, 12 Feb 2017 23:16:26 GMT ::1 - POST /api/allRules HTTP/1.1 200 79 - 3452.326 ms
Sun, 12 Feb 2017 23:16:27 GMT ::1 - POST /api/insurances HTTP/1.1 200 640 - 234.988 ms
Sun, 12 Feb 2017 23:16:27 GMT ::1 - GET /api/insurances/58a0eccb57239214dcbc4177 HTTP/1.1 200 336 - 15.564 ms
Sun, 12 Feb 2017 23:16:27 GMT ::1 - GET /api/users/58a0eccb57239214dcbc4175 HTTP/1.1 200 218 - 16.888 ms
Sun, 12 Feb 2017 23:16:27 GMT ::1 - GET /api/merchants HTTP/1.1 200 188 - 20.686 ms
Sun, 12 Feb 2017 23:16:30 GMT ::1 - GET /api/transactions/58a0eccb57239214dcbc4176 HTTP/1.1 200 155 - 15.107 ms
Mon, 13 Feb 2017 00:01:09 GMT ::1 - GET /api/regions HTTP/1.1 200 383 - 185.875 ms
Mon, 13 Feb 2017 00:01:09 GMT ::1 - GET /api/amounts HTTP/1.1 200 238 - 142.552 ms
Mon, 13 Feb 2017 00:01:25 GMT ::1 - GET /api/sports HTTP/1.1 200 406 - 40.039 ms
Mon, 13 Feb 2017 00:01:40 GMT ::1 - GET /api/houseInsuranceCategories HTTP/1.1 200 407 - 18.693 ms
Mon, 13 Feb 2017 00:01:43 GMT ::1 - GET /api/carInsuranceServices HTTP/1.1 200 478 - 26.056 ms
Mon, 13 Feb 2017 00:01:49 GMT ::1 - GET /api/amounts/589736e058fe8d16e04e62c4 HTTP/1.1 200 54 - 3287.559 ms
Mon, 13 Feb 2017 00:01:49 GMT ::1 - GET /api/regions/5897361058fe8d16e04e62bc HTTP/1.1 200 93 - 30.369 ms
Mon, 13 Feb 2017 00:01:49 GMT ::1 - POST /api/allRules HTTP/1.1 200 79 - 3283.695 ms
Mon, 13 Feb 2017 00:01:51 GMT ::1 - POST /api/insurances HTTP/1.1 200 640 - 232.369 ms
Mon, 13 Feb 2017 00:01:51 GMT ::1 - GET /api/insurances/58a0f76f85dee00c94292d37 HTTP/1.1 200 336 - 20.138 ms
Mon, 13 Feb 2017 00:01:51 GMT ::1 - GET /api/users/58a0f76f85dee00c94292d35 HTTP/1.1 200 218 - 20.680 ms
Mon, 13 Feb 2017 00:01:51 GMT ::1 - GET /api/merchants HTTP/1.1 200 188 - 14.605 ms
Mon, 13 Feb 2017 00:01:55 GMT ::1 - GET /api/transactions/58a0f76f85dee00c94292d36 HTTP/1.1 200 155 - 12.877 ms
Mon, 13 Feb 2017 00:03:54 GMT ::1 - GET /api/regions HTTP/1.1 200 383 - 22.661 ms
Mon, 13 Feb 2017 00:03:54 GMT ::1 - GET /api/amounts HTTP/1.1 200 238 - 96.797 ms
Mon, 13 Feb 2017 00:04:45 GMT ::1 - GET /api/regions HTTP/1.1 200 383 - 16.344 ms
Mon, 13 Feb 2017 00:04:45 GMT ::1 - GET /api/amounts HTTP/1.1 200 238 - 9.299 ms
Mon, 13 Feb 2017 00:05:00 GMT ::1 - GET /api/sports HTTP/1.1 200 406 - 12.301 ms
Mon, 13 Feb 2017 00:05:19 GMT ::1 - GET /api/houseInsuranceCategories HTTP/1.1 200 407 - 24.705 ms
Mon, 13 Feb 2017 00:05:22 GMT ::1 - GET /api/carInsuranceServices HTTP/1.1 200 478 - 23.087 ms
Mon, 13 Feb 2017 00:05:25 GMT ::1 - GET /api/amounts/589736e058fe8d16e04e62c4 HTTP/1.1 200 54 - 13.372 ms
Mon, 13 Feb 2017 00:05:29 GMT ::1 - GET /api/regions/5897362158fe8d16e04e62bd HTTP/1.1 200 91 - 143.120 ms
Mon, 13 Feb 2017 00:05:29 GMT ::1 - POST /api/allRules HTTP/1.1 200 77 - 3832.745 ms
Mon, 13 Feb 2017 00:05:35 GMT ::1 - POST /api/insurances HTTP/1.1 200 643 - 109.931 ms
Mon, 13 Feb 2017 00:05:35 GMT ::1 - GET /api/insurances/58a0f84f85dee00c94292d3c HTTP/1.1 200 336 - 12.524 ms
Mon, 13 Feb 2017 00:05:35 GMT ::1 - GET /api/users/58a0f84f85dee00c94292d3a HTTP/1.1 200 228 - 15.787 ms
Mon, 13 Feb 2017 00:05:35 GMT ::1 - GET /api/merchants HTTP/1.1 200 188 - 10.340 ms
Mon, 13 Feb 2017 00:05:40 GMT ::1 - GET /api/transactions/58a0f84f85dee00c94292d3b HTTP/1.1 200 155 - 38.635 ms
Mon, 13 Feb 2017 00:05:41 GMT ::1 - POST /api/insurances HTTP/1.1 - - - - ms
Mon, 13 Feb 2017 00:06:34 GMT ::1 - POST /api/getURL HTTP/1.1 200 74 - 13.401 ms
Mon, 13 Feb 2017 00:08:16 GMT ::1 - POST /api/sendEmail HTTP/1.1 200 38 - 1084.624 ms
Mon, 13 Feb 2017 00:09:53 GMT ::1 - POST /api/getURL HTTP/1.1 200 91 - 86.850 ms
Mon, 13 Feb 2017 00:11:42 GMT ::1 - POST /api/sendEmail HTTP/1.1 400 33 - 9.212 ms
Mon, 13 Feb 2017 00:13:24 GMT ::1 - POST /api/getURL HTTP/1.1 200 91 - 41.096 ms
Mon, 13 Feb 2017 00:14:37 GMT ::1 - POST /api/sendEmail HTTP/1.1 400 33 - 7.676 ms
Mon, 13 Feb 2017 00:15:20 GMT ::1 - POST /api/getURL HTTP/1.1 200 91 - 27.693 ms
Mon, 13 Feb 2017 00:16:41 GMT ::1 - POST /api/sendEmail HTTP/1.1 400 33 - 7.885 ms
Mon, 13 Feb 2017 00:17:31 GMT ::1 - POST /api/getURL HTTP/1.1 200 74 - 11.195 ms
Mon, 13 Feb 2017 00:18:09 GMT ::1 - POST /api/sendEmail HTTP/1.1 400 33 - 11.360 ms
Mon, 13 Feb 2017 00:23:38 GMT ::1 - POST /api/getURL HTTP/1.1 200 91 - 40.307 ms
Mon, 13 Feb 2017 00:23:51 GMT ::1 - POST /api/sendEmail HTTP/1.1 400 33 - 111.480 ms
Mon, 13 Feb 2017 00:24:34 GMT ::1 - POST /api/getURL HTTP/1.1 200 91 - 54.205 ms
Mon, 13 Feb 2017 00:24:46 GMT ::1 - POST /api/sendEmail HTTP/1.1 400 33 - 13.173 ms
Mon, 13 Feb 2017 00:25:26 GMT ::1 - POST /api/getURL HTTP/1.1 200 91 - 52.437 ms
Mon, 13 Feb 2017 00:25:34 GMT ::1 - POST /api/sendEmail HTTP/1.1 400 33 - 11.697 ms
Mon, 13 Feb 2017 00:26:40 GMT ::1 - POST /api/getURL HTTP/1.1 200 91 - 32.475 ms
Mon, 13 Feb 2017 00:26:49 GMT ::1 - POST /api/sendEmail HTTP/1.1 400 33 - 10.865 ms
Mon, 13 Feb 2017 00:27:45 GMT ::1 - POST /api/getURL HTTP/1.1 200 91 - 24.527 ms
Mon, 13 Feb 2017 00:27:54 GMT ::1 - POST /api/sendEmail HTTP/1.1 400 33 - 9.854 ms
Mon, 13 Feb 2017 00:28:57 GMT ::1 - POST /api/getURL HTTP/1.1 200 74 - 11.281 ms
Mon, 13 Feb 2017 00:29:25 GMT ::1 - POST /api/sendEmail HTTP/1.1 400 33 - 11.259 ms
Mon, 13 Feb 2017 00:29:50 GMT ::1 - POST /api/getURL HTTP/1.1 200 74 - 17.085 ms
Mon, 13 Feb 2017 00:30:03 GMT ::1 - POST /api/sendEmail HTTP/1.1 400 33 - 10.713 ms
Mon, 13 Feb 2017 00:30:48 GMT ::1 - GET /api/regions HTTP/1.1 200 383 - 24.532 ms
Mon, 13 Feb 2017 00:30:48 GMT ::1 - GET /api/amounts HTTP/1.1 200 238 - 32.415 ms
Mon, 13 Feb 2017 00:31:09 GMT ::1 - GET /api/sports HTTP/1.1 200 406 - 12.468 ms
Mon, 13 Feb 2017 00:31:28 GMT ::1 - GET /api/houseInsuranceCategories HTTP/1.1 200 407 - 13.361 ms
Mon, 13 Feb 2017 00:31:33 GMT ::1 - GET /api/carInsuranceServices HTTP/1.1 200 478 - 23.243 ms
Mon, 13 Feb 2017 00:31:37 GMT ::1 - GET /api/amounts/589736e058fe8d16e04e62c4 HTTP/1.1 200 54 - 10.617 ms
Mon, 13 Feb 2017 00:31:40 GMT ::1 - GET /api/regions/5897362e58fe8d16e04e62be HTTP/1.1 200 93 - 21.552 ms
Mon, 13 Feb 2017 00:31:40 GMT ::1 - POST /api/allRules HTTP/1.1 200 79 - 3450.508 ms
Mon, 13 Feb 2017 00:31:45 GMT ::1 - POST /api/insurances HTTP/1.1 200 641 - 169.390 ms
Mon, 13 Feb 2017 00:31:45 GMT ::1 - GET /api/insurances/58a0fe7185dee00c94292d3f HTTP/1.1 200 336 - 14.779 ms
Mon, 13 Feb 2017 00:31:45 GMT ::1 - GET /api/users/58a0fe7185dee00c94292d3d HTTP/1.1 200 221 - 16.242 ms
Mon, 13 Feb 2017 00:31:45 GMT ::1 - GET /api/merchants HTTP/1.1 200 188 - 13.688 ms
Mon, 13 Feb 2017 00:31:49 GMT ::1 - GET /api/transactions/58a0fe7185dee00c94292d3e HTTP/1.1 200 155 - 11.053 ms
Mon, 13 Feb 2017 00:32:07 GMT ::1 - POST /api/getURL HTTP/1.1 200 91 - 40.048 ms
Mon, 13 Feb 2017 00:32:23 GMT ::1 - POST /api/sendEmail HTTP/1.1 200 38 - 234.862 ms
Mon, 13 Feb 2017 00:34:02 GMT ::1 - POST /api/getURL HTTP/1.1 200 91 - 37.590 ms
Mon, 13 Feb 2017 00:34:12 GMT ::1 - POST /api/sendEmail HTTP/1.1 400 33 - 9.893 ms
Mon, 13 Feb 2017 00:34:46 GMT ::1 - POST /api/getURL HTTP/1.1 200 74 - 6.893 ms
Mon, 13 Feb 2017 00:34:58 GMT ::1 - POST /api/sendEmail HTTP/1.1 400 33 - 10.781 ms
Mon, 13 Feb 2017 00:37:02 GMT ::1 - GET /api/regions HTTP/1.1 200 383 - 14.674 ms
Mon, 13 Feb 2017 00:37:02 GMT ::1 - GET /api/amounts HTTP/1.1 200 238 - 9.030 ms
Mon, 13 Feb 2017 00:37:17 GMT ::1 - GET /api/sports HTTP/1.1 200 406 - 14.397 ms
Mon, 13 Feb 2017 00:37:29 GMT ::1 - GET /api/houseInsuranceCategories HTTP/1.1 200 407 - 25.870 ms
Mon, 13 Feb 2017 00:37:33 GMT ::1 - GET /api/carInsuranceServices HTTP/1.1 200 478 - 25.914 ms
Mon, 13 Feb 2017 00:37:40 GMT ::1 - GET /api/regions/5897362158fe8d16e04e62bd HTTP/1.1 200 91 - 3488.612 ms
Mon, 13 Feb 2017 00:37:40 GMT ::1 - GET /api/amounts/589736e058fe8d16e04e62c4 HTTP/1.1 200 54 - 3530.742 ms
Mon, 13 Feb 2017 00:37:40 GMT ::1 - POST /api/allRules HTTP/1.1 200 77 - 3896.369 ms
Mon, 13 Feb 2017 00:37:42 GMT ::1 - POST /api/insurances HTTP/1.1 200 640 - 81.232 ms
Mon, 13 Feb 2017 00:37:42 GMT ::1 - GET /api/insurances/58a0ffd685dee00c94292d44 HTTP/1.1 200 336 - 40.700 ms
Mon, 13 Feb 2017 00:37:43 GMT ::1 - GET /api/users/58a0ffd685dee00c94292d42 HTTP/1.1 200 218 - 20.492 ms
Mon, 13 Feb 2017 00:37:43 GMT ::1 - GET /api/merchants HTTP/1.1 200 188 - 13.123 ms
Mon, 13 Feb 2017 00:37:46 GMT ::1 - GET /api/transactions/58a0ffd685dee00c94292d43 HTTP/1.1 200 155 - 22.874 ms
Mon, 13 Feb 2017 00:37:46 GMT ::1 - POST /api/insurances HTTP/1.1 - - - - ms
Mon, 13 Feb 2017 00:38:07 GMT ::1 - POST /api/getURL HTTP/1.1 200 74 - 30.744 ms
Mon, 13 Feb 2017 00:38:18 GMT ::1 - POST /api/sendEmail HTTP/1.1 200 38 - 187.509 ms
Mon, 13 Feb 2017 00:39:56 GMT ::1 - POST /api/getURL HTTP/1.1 200 74 - 23.062 ms
Mon, 13 Feb 2017 00:40:30 GMT ::1 - POST /api/sendEmail HTTP/1.1 400 33 - 15.042 ms
Mon, 13 Feb 2017 00:40:53 GMT ::1 - POST /api/getURL HTTP/1.1 200 74 - 5.825 ms
Mon, 13 Feb 2017 00:41:04 GMT ::1 - POST /api/sendEmail HTTP/1.1 400 33 - 9.739 ms
Mon, 13 Feb 2017 00:41:44 GMT ::1 - GET /api/regions HTTP/1.1 200 383 - 14.557 ms
Mon, 13 Feb 2017 00:41:44 GMT ::1 - GET /api/amounts HTTP/1.1 200 238 - 12.492 ms
Mon, 13 Feb 2017 00:41:57 GMT ::1 - GET /api/sports HTTP/1.1 200 406 - 11.957 ms
Mon, 13 Feb 2017 00:42:10 GMT ::1 - GET /api/houseInsuranceCategories HTTP/1.1 200 407 - 13.166 ms
Mon, 13 Feb 2017 00:42:13 GMT ::1 - GET /api/carInsuranceServices HTTP/1.1 200 478 - 33.937 ms
Mon, 13 Feb 2017 00:42:15 GMT ::1 - GET /api/amounts/589736e058fe8d16e04e62c4 HTTP/1.1 200 54 - 10.865 ms
Mon, 13 Feb 2017 00:42:19 GMT ::1 - GET /api/regions/5897361058fe8d16e04e62bc HTTP/1.1 200 93 - 3476.141 ms
Mon, 13 Feb 2017 00:42:19 GMT ::1 - POST /api/allRules HTTP/1.1 200 81 - 3779.974 ms
Mon, 13 Feb 2017 00:42:20 GMT ::1 - POST /api/insurances HTTP/1.1 200 637 - 181.405 ms
Mon, 13 Feb 2017 00:42:20 GMT ::1 - GET /api/insurances/58a100ec85dee00c94292d47 HTTP/1.1 200 333 - 13.927 ms
Mon, 13 Feb 2017 00:42:20 GMT ::1 - GET /api/users/58a100ec85dee00c94292d45 HTTP/1.1 200 218 - 16.376 ms
Mon, 13 Feb 2017 00:42:20 GMT ::1 - GET /api/merchants HTTP/1.1 200 188 - 26.109 ms
Mon, 13 Feb 2017 00:42:24 GMT ::1 - GET /api/transactions/58a100ec85dee00c94292d46 HTTP/1.1 200 152 - 16.861 ms
Mon, 13 Feb 2017 00:42:57 GMT ::1 - GET /api/amounts HTTP/1.1 200 238 - 22.320 ms
Mon, 13 Feb 2017 00:42:57 GMT ::1 - GET /api/regions HTTP/1.1 200 383 - 15.826 ms
Mon, 13 Feb 2017 00:43:13 GMT ::1 - GET /api/sports HTTP/1.1 200 406 - 9.867 ms
Mon, 13 Feb 2017 00:43:25 GMT ::1 - GET /api/houseInsuranceCategories HTTP/1.1 200 407 - 11.585 ms
Mon, 13 Feb 2017 00:43:27 GMT ::1 - GET /api/carInsuranceServices HTTP/1.1 200 478 - 20.301 ms
Mon, 13 Feb 2017 00:43:30 GMT ::1 - GET /api/amounts/589736e058fe8d16e04e62c4 HTTP/1.1 200 54 - 9.561 ms
Mon, 13 Feb 2017 00:43:33 GMT ::1 - GET /api/regions/5897362158fe8d16e04e62bd HTTP/1.1 200 91 - 25.033 ms
Mon, 13 Feb 2017 00:43:33 GMT ::1 - POST /api/allRules HTTP/1.1 200 77 - 3258.170 ms
Mon, 13 Feb 2017 00:43:34 GMT ::1 - POST /api/insurances HTTP/1.1 200 640 - 127.267 ms
Mon, 13 Feb 2017 00:43:34 GMT ::1 - GET /api/insurances/58a1013685dee00c94292d4a HTTP/1.1 200 336 - 12.653 ms
Mon, 13 Feb 2017 00:43:34 GMT ::1 - GET /api/merchants HTTP/1.1 200 188 - 8.541 ms
Mon, 13 Feb 2017 00:43:34 GMT ::1 - GET /api/users/58a1013685dee00c94292d48 HTTP/1.1 200 218 - 34.089 ms
Mon, 13 Feb 2017 00:43:38 GMT ::1 - GET /api/transactions/58a1013685dee00c94292d49 HTTP/1.1 200 155 - 8.785 ms
Mon, 13 Feb 2017 00:44:04 GMT ::1 - POST /api/getURL HTTP/1.1 200 74 - 6.408 ms
Mon, 13 Feb 2017 00:44:13 GMT ::1 - POST /api/sendEmail HTTP/1.1 200 38 - 129.828 ms
Mon, 13 Feb 2017 00:45:27 GMT ::1 - POST /api/getURL HTTP/1.1 200 74 - 12.166 ms
Mon, 13 Feb 2017 00:45:34 GMT ::1 - POST /api/sendEmail HTTP/1.1 400 33 - 66.628 ms
Mon, 13 Feb 2017 00:52:28 GMT ::1 - POST /api/getURL HTTP/1.1 200 74 - 17.685 ms
Mon, 13 Feb 2017 00:52:38 GMT ::1 - POST /api/sendEmail HTTP/1.1 400 33 - 11.101 ms
Mon, 13 Feb 2017 00:53:10 GMT ::1 - POST /api/getURL HTTP/1.1 200 91 - 64.459 ms
Mon, 13 Feb 2017 00:53:28 GMT ::1 - POST /api/sendEmail HTTP/1.1 400 33 - 9.286 ms
Mon, 13 Feb 2017 00:53:39 GMT ::1 - GET /api/regions HTTP/1.1 200 383 - 15.974 ms
Mon, 13 Feb 2017 00:53:39 GMT ::1 - GET /api/amounts HTTP/1.1 200 238 - 9.043 ms
Mon, 13 Feb 2017 01:04:18 GMT ::1 - GET /api/regions HTTP/1.1 200 383 - 13.314 ms
Mon, 13 Feb 2017 01:04:18 GMT ::1 - GET /api/amounts HTTP/1.1 200 238 - 19.778 ms
Mon, 13 Feb 2017 01:04:47 GMT ::1 - GET /api/sports HTTP/1.1 200 406 - 11.251 ms
Mon, 13 Feb 2017 01:05:23 GMT ::1 - GET /api/houseInsuranceCategories HTTP/1.1 200 407 - 12.225 ms
Mon, 13 Feb 2017 01:05:26 GMT ::1 - GET /api/carInsuranceServices HTTP/1.1 200 478 - 22.082 ms
Mon, 13 Feb 2017 01:05:30 GMT ::1 - GET /api/amounts/589736e058fe8d16e04e62c4 HTTP/1.1 200 54 - 16.042 ms
Mon, 13 Feb 2017 01:05:33 GMT ::1 - GET /api/regions/5897362158fe8d16e04e62bd HTTP/1.1 200 91 - 3213.092 ms
Mon, 13 Feb 2017 01:05:34 GMT ::1 - POST /api/allRules HTTP/1.1 200 77 - 3697.757 ms
Mon, 13 Feb 2017 01:06:20 GMT ::1 - POST /api/insurances HTTP/1.1 200 640 - 74.368 ms
Mon, 13 Feb 2017 01:06:21 GMT ::1 - GET /api/insurances/58a1068c85dee00c94292d4d HTTP/1.1 200 336 - 42.596 ms
Mon, 13 Feb 2017 01:06:21 GMT ::1 - GET /api/users/58a1068c85dee00c94292d4b HTTP/1.1 200 218 - 21.125 ms
Mon, 13 Feb 2017 01:06:21 GMT ::1 - GET /api/merchants HTTP/1.1 200 188 - 12.008 ms
Mon, 13 Feb 2017 01:06:24 GMT ::1 - GET /api/transactions/58a1068c85dee00c94292d4c HTTP/1.1 200 155 - 11.583 ms
Mon, 13 Feb 2017 01:06:58 GMT ::1 - POST /api/getURL HTTP/1.1 200 74 - 7.694 ms
Mon, 13 Feb 2017 01:08:40 GMT ::1 - POST /api/getURL HTTP/1.1 200 74 - 54.638 ms
Mon, 13 Feb 2017 01:09:01 GMT ::1 - POST /api/sendEmail HTTP/1.1 200 38 - 319.486 ms
Mon, 13 Feb 2017 01:11:38 GMT ::1 - POST /api/getURL HTTP/1.1 200 74 - 7.492 ms
Mon, 13 Feb 2017 01:11:47 GMT ::1 - POST /api/sendEmail HTTP/1.1 400 33 - 59.717 ms
Mon, 13 Feb 2017 01:20:30 GMT ::1 - GET /api/regions HTTP/1.1 200 383 - 16.169 ms
Mon, 13 Feb 2017 01:20:30 GMT ::1 - GET /api/amounts HTTP/1.1 200 238 - 9.898 ms
Mon, 13 Feb 2017 01:35:18 GMT ::1 - GET /api/regions HTTP/1.1 200 383 - 11.639 ms
Mon, 13 Feb 2017 01:35:18 GMT ::1 - GET /api/amounts HTTP/1.1 200 238 - 7.134 ms
Mon, 13 Feb 2017 01:44:28 GMT ::1 - GET /api/regions HTTP/1.1 200 383 - 9.973 ms
Mon, 13 Feb 2017 01:44:29 GMT ::1 - GET /api/amounts HTTP/1.1 200 238 - 6.548 ms
Mon, 13 Feb 2017 01:44:43 GMT ::1 - GET /api/sports HTTP/1.1 200 406 - 35.227 ms
Mon, 13 Feb 2017 01:44:59 GMT ::1 - GET /api/houseInsuranceCategories HTTP/1.1 200 407 - 14.496 ms
Mon, 13 Feb 2017 01:45:05 GMT ::1 - GET /api/carInsuranceServices HTTP/1.1 200 478 - 43.429 ms
Mon, 13 Feb 2017 01:45:13 GMT ::1 - GET /api/amounts/589736e058fe8d16e04e62c4 HTTP/1.1 200 54 - 13.179 ms
Mon, 13 Feb 2017 01:45:19 GMT ::1 - GET /api/regions/5897361058fe8d16e04e62bc HTTP/1.1 200 93 - 176.999 ms
Mon, 13 Feb 2017 01:45:19 GMT ::1 - POST /api/allRules HTTP/1.1 200 79 - 6167.618 ms
Mon, 13 Feb 2017 01:45:23 GMT ::1 - POST /api/insurances HTTP/1.1 200 640 - 488.500 ms
Mon, 13 Feb 2017 01:45:24 GMT ::1 - GET /api/insurances/58a10fb385dee00c94292d50 HTTP/1.1 200 336 - 15.901 ms
Mon, 13 Feb 2017 01:45:24 GMT ::1 - GET /api/users/58a10fb385dee00c94292d4e HTTP/1.1 200 218 - 51.769 ms
Mon, 13 Feb 2017 01:45:24 GMT ::1 - GET /api/merchants HTTP/1.1 200 188 - 22.850 ms
Mon, 13 Feb 2017 01:45:27 GMT ::1 - GET /api/transactions/58a10fb385dee00c94292d4f HTTP/1.1 200 155 - 22.861 ms
Mon, 13 Feb 2017 01:46:26 GMT ::1 - GET /api/regions HTTP/1.1 200 383 - 16.842 ms
Mon, 13 Feb 2017 01:46:26 GMT ::1 - GET /api/amounts HTTP/1.1 200 238 - 8.107 ms
Mon, 13 Feb 2017 01:46:45 GMT ::1 - GET /api/sports HTTP/1.1 200 406 - 31.783 ms
Mon, 13 Feb 2017 01:46:59 GMT ::1 - GET /api/houseInsuranceCategories HTTP/1.1 200 407 - 12.952 ms
Mon, 13 Feb 2017 01:47:03 GMT ::1 - GET /api/carInsuranceServices HTTP/1.1 200 478 - 16.701 ms
Mon, 13 Feb 2017 01:47:07 GMT ::1 - GET /api/amounts/589736e058fe8d16e04e62c4 HTTP/1.1 200 54 - 9.266 ms
Mon, 13 Feb 2017 01:47:11 GMT ::1 - GET /api/regions/5897362158fe8d16e04e62bd HTTP/1.1 200 91 - 108.338 ms
Mon, 13 Feb 2017 01:47:11 GMT ::1 - POST /api/allRules HTTP/1.1 200 77 - 4613.622 ms
Mon, 13 Feb 2017 01:47:14 GMT ::1 - POST /api/insurances HTTP/1.1 200 640 - 443.631 ms
Mon, 13 Feb 2017 01:47:14 GMT ::1 - GET /api/insurances/58a1102285dee00c94292d53 HTTP/1.1 200 336 - 15.899 ms
Mon, 13 Feb 2017 01:47:14 GMT ::1 - GET /api/users/58a1102285dee00c94292d51 HTTP/1.1 200 218 - 18.815 ms
Mon, 13 Feb 2017 01:47:14 GMT ::1 - GET /api/merchants HTTP/1.1 200 188 - 34.749 ms
Mon, 13 Feb 2017 01:47:18 GMT ::1 - GET /api/transactions/58a1102285dee00c94292d52 HTTP/1.1 200 155 - 8.937 ms
Mon, 13 Feb 2017 01:47:41 GMT ::1 - POST /api/getURL HTTP/1.1 200 74 - 18.612 ms
Mon, 13 Feb 2017 01:47:56 GMT ::1 - POST /api/sendEmail HTTP/1.1 200 38 - 384.207 ms
Mon, 13 Feb 2017 01:49:53 GMT ::1 - POST /api/getURL HTTP/1.1 200 74 - 16.587 ms
Mon, 13 Feb 2017 01:54:42 GMT ::1 - POST /api/getURL HTTP/1.1 200 74 - 11.974 ms
Mon, 13 Feb 2017 01:54:51 GMT ::1 - POST /api/sendEmail HTTP/1.1 400 33 - 11.607 ms
Mon, 13 Feb 2017 01:59:34 GMT ::1 - POST /api/getURL HTTP/1.1 200 74 - 7.979 ms
Mon, 13 Feb 2017 01:59:43 GMT ::1 - POST /api/sendEmail HTTP/1.1 400 33 - 26.113 ms
Mon, 13 Feb 2017 02:00:48 GMT ::1 - POST /api/getURL HTTP/1.1 200 74 - 8.815 ms
Mon, 13 Feb 2017 02:01:32 GMT ::1 - POST /api/getURL HTTP/1.1 200 74 - 8.659 ms
Mon, 13 Feb 2017 02:04:44 GMT ::1 - POST /api/getURL HTTP/1.1 200 74 - 8.190 ms
Mon, 13 Feb 2017 02:06:21 GMT ::1 - POST /api/getURL HTTP/1.1 200 74 - 7.016 ms
Mon, 13 Feb 2017 02:09:51 GMT ::1 - POST /api/getURL HTTP/1.1 200 74 - 8.879 ms
Mon, 13 Feb 2017 02:11:02 GMT ::1 - POST /api/getURL HTTP/1.1 200 74 - 11.776 ms
Mon, 13 Feb 2017 02:16:37 GMT ::1 - GET /api/regions HTTP/1.1 200 383 - 24.754 ms
Mon, 13 Feb 2017 02:16:37 GMT ::1 - GET /api/amounts HTTP/1.1 200 238 - 10.048 ms
Mon, 13 Feb 2017 02:16:55 GMT ::1 - GET /api/sports HTTP/1.1 200 406 - 17.977 ms
Mon, 13 Feb 2017 02:17:10 GMT ::1 - GET /api/houseInsuranceCategories HTTP/1.1 200 407 - 12.494 ms
Mon, 13 Feb 2017 02:17:16 GMT ::1 - GET /api/carInsuranceServices HTTP/1.1 200 478 - 48.672 ms
Mon, 13 Feb 2017 02:17:20 GMT ::1 - GET /api/amounts/589736e058fe8d16e04e62c4 HTTP/1.1 200 54 - 8.887 ms
Mon, 13 Feb 2017 02:17:25 GMT ::1 - GET /api/regions/5897361058fe8d16e04e62bc HTTP/1.1 200 93 - 24.123 ms
Mon, 13 Feb 2017 02:17:25 GMT ::1 - POST /api/allRules HTTP/1.1 200 81 - 5394.031 ms
Mon, 13 Feb 2017 02:17:27 GMT ::1 - POST /api/insurances HTTP/1.1 200 640 - 222.571 ms
Mon, 13 Feb 2017 02:17:27 GMT ::1 - GET /api/insurances/58a1173785dee00c94292d56 HTTP/1.1 200 336 - 23.501 ms
Mon, 13 Feb 2017 02:17:27 GMT ::1 - GET /api/users/58a1173785dee00c94292d54 HTTP/1.1 200 218 - 25.381 ms
Mon, 13 Feb 2017 02:17:27 GMT ::1 - GET /api/merchants HTTP/1.1 200 188 - 11.670 ms
Mon, 13 Feb 2017 02:17:30 GMT ::1 - GET /api/transactions/58a1173785dee00c94292d55 HTTP/1.1 200 155 - 63.931 ms
Mon, 13 Feb 2017 02:18:49 GMT ::1 - GET /api/regions HTTP/1.1 200 383 - 49.162 ms
Mon, 13 Feb 2017 02:18:49 GMT ::1 - GET /api/amounts HTTP/1.1 200 238 - 8.853 ms
Mon, 13 Feb 2017 02:19:05 GMT ::1 - GET /api/sports HTTP/1.1 200 406 - 14.470 ms
Mon, 13 Feb 2017 02:19:18 GMT ::1 - GET /api/houseInsuranceCategories HTTP/1.1 200 407 - 13.357 ms
Mon, 13 Feb 2017 02:19:22 GMT ::1 - GET /api/carInsuranceServices HTTP/1.1 200 478 - 43.840 ms
Mon, 13 Feb 2017 02:19:26 GMT ::1 - GET /api/amounts/589736e058fe8d16e04e62c4 HTTP/1.1 200 54 - 17.436 ms
Mon, 13 Feb 2017 02:19:26 GMT ::1 - GET /api/regions/5897362e58fe8d16e04e62be HTTP/1.1 200 93 - 7.807 ms
Mon, 13 Feb 2017 02:19:30 GMT ::1 - POST /api/allRules HTTP/1.1 200 77 - 3838.776 ms
Mon, 13 Feb 2017 02:19:31 GMT ::1 - POST /api/insurances HTTP/1.1 200 640 - 298.796 ms
Mon, 13 Feb 2017 02:19:31 GMT ::1 - GET /api/insurances/58a117b385dee00c94292d59 HTTP/1.1 200 336 - 12.137 ms
Mon, 13 Feb 2017 02:19:31 GMT ::1 - GET /api/users/58a117b385dee00c94292d57 HTTP/1.1 200 218 - 14.252 ms
Mon, 13 Feb 2017 02:19:31 GMT ::1 - GET /api/merchants HTTP/1.1 200 188 - 13.326 ms
Mon, 13 Feb 2017 02:19:35 GMT ::1 - GET /api/transactions/58a117b385dee00c94292d58 HTTP/1.1 200 155 - 14.393 ms
Mon, 13 Feb 2017 02:19:59 GMT ::1 - POST /api/getURL HTTP/1.1 200 74 - 29.477 ms
Mon, 13 Feb 2017 02:20:40 GMT ::1 - POST /api/getURL HTTP/1.1 200 74 - 7.792 ms
Mon, 13 Feb 2017 02:27:09 GMT ::1 - POST /api/getURL HTTP/1.1 200 91 - 52.316 ms
Mon, 13 Feb 2017 02:27:20 GMT ::1 - POST /api/sendEmail HTTP/1.1 200 38 - 255.027 ms
Mon, 13 Feb 2017 02:36:16 GMT ::1 - POST /api/getURL HTTP/1.1 200 74 - 11.638 ms
Mon, 13 Feb 2017 02:43:29 GMT ::1 - POST /api/sendEmail HTTP/1.1 400 33 - 50.623 ms
Mon, 13 Feb 2017 02:46:36 GMT ::1 - POST /api/sendEmail HTTP/1.1 400 33 - 123.870 ms
Mon, 13 Feb 2017 02:47:49 GMT ::1 - POST /api/sendEmail HTTP/1.1 400 33 - 41.937 ms
Mon, 13 Feb 2017 02:48:14 GMT ::1 - POST /api/sendEmail HTTP/1.1 400 33 - 70.813 ms
Mon, 13 Feb 2017 02:50:25 GMT ::1 - POST /api/sendEmail HTTP/1.1 400 33 - 10.374 ms
Mon, 13 Feb 2017 02:52:32 GMT ::1 - GET /api/regions HTTP/1.1 200 383 - 94.200 ms
Mon, 13 Feb 2017 02:52:32 GMT ::1 - GET /api/amounts HTTP/1.1 200 238 - 10.066 ms
Mon, 13 Feb 2017 02:52:47 GMT ::1 - GET /api/sports HTTP/1.1 200 406 - 28.728 ms
Mon, 13 Feb 2017 02:53:00 GMT ::1 - GET /api/houseInsuranceCategories HTTP/1.1 200 407 - 13.147 ms
Mon, 13 Feb 2017 02:53:05 GMT ::1 - GET /api/carInsuranceServices HTTP/1.1 200 478 - 27.074 ms
Mon, 13 Feb 2017 02:53:12 GMT ::1 - GET /api/amounts/589736e058fe8d16e04e62c4 HTTP/1.1 200 54 - 3547.166 ms
Mon, 13 Feb 2017 02:53:12 GMT ::1 - GET /api/regions/5897361058fe8d16e04e62bc HTTP/1.1 200 93 - 63.838 ms
Mon, 13 Feb 2017 02:53:13 GMT ::1 - POST /api/allRules HTTP/1.1 200 79 - 3934.568 ms
Mon, 13 Feb 2017 02:53:23 GMT ::1 - POST /api/insurances HTTP/1.1 200 640 - 248.036 ms
Mon, 13 Feb 2017 02:53:23 GMT ::1 - GET /api/insurances/58a11fa385dee00c94292d5c HTTP/1.1 200 336 - 18.048 ms
Mon, 13 Feb 2017 02:53:23 GMT ::1 - GET /api/users/58a11fa385dee00c94292d5a HTTP/1.1 200 218 - 76.528 ms
Mon, 13 Feb 2017 02:53:23 GMT ::1 - GET /api/merchants HTTP/1.1 200 188 - 10.333 ms
Mon, 13 Feb 2017 02:53:26 GMT ::1 - GET /api/transactions/58a11fa385dee00c94292d5b HTTP/1.1 200 155 - 31.264 ms
Mon, 13 Feb 2017 02:54:08 GMT ::1 - GET /api/regions HTTP/1.1 200 383 - 10.842 ms
Mon, 13 Feb 2017 02:54:08 GMT ::1 - GET /api/amounts HTTP/1.1 200 238 - 7.820 ms
Mon, 13 Feb 2017 02:54:27 GMT ::1 - GET /api/sports HTTP/1.1 200 406 - 33.097 ms
Mon, 13 Feb 2017 02:54:41 GMT ::1 - GET /api/houseInsuranceCategories HTTP/1.1 200 407 - 13.690 ms
Mon, 13 Feb 2017 02:54:44 GMT ::1 - GET /api/carInsuranceServices HTTP/1.1 200 478 - 121.460 ms
Mon, 13 Feb 2017 02:54:48 GMT ::1 - GET /api/amounts/589736e058fe8d16e04e62c4 HTTP/1.1 200 54 - 8.926 ms
Mon, 13 Feb 2017 02:54:52 GMT ::1 - GET /api/regions/5897362158fe8d16e04e62bd HTTP/1.1 200 91 - 28.206 ms
Mon, 13 Feb 2017 02:54:52 GMT ::1 - POST /api/allRules HTTP/1.1 200 77 - 3760.365 ms
Mon, 13 Feb 2017 02:54:55 GMT ::1 - POST /api/insurances HTTP/1.1 200 640 - 134.745 ms
Mon, 13 Feb 2017 02:54:55 GMT ::1 - GET /api/insurances/58a11ffe85dee00c94292d5f HTTP/1.1 200 336 - 25.618 ms
Mon, 13 Feb 2017 02:54:55 GMT ::1 - GET /api/users/58a11ffe85dee00c94292d5d HTTP/1.1 200 218 - 14.548 ms
Mon, 13 Feb 2017 02:54:55 GMT ::1 - GET /api/merchants HTTP/1.1 200 188 - 21.223 ms
Mon, 13 Feb 2017 02:54:58 GMT ::1 - GET /api/transactions/58a11ffe85dee00c94292d5e HTTP/1.1 200 155 - 8.772 ms
Mon, 13 Feb 2017 02:55:19 GMT ::1 - POST /api/getURL HTTP/1.1 200 74 - 16.181 ms
Mon, 13 Feb 2017 02:55:28 GMT ::1 - POST /api/sendEmail HTTP/1.1 200 38 - 229.936 ms
Mon, 13 Feb 2017 02:59:43 GMT ::1 - GET /api/regions HTTP/1.1 200 383 - 21.893 ms
Mon, 13 Feb 2017 02:59:43 GMT ::1 - GET /api/amounts HTTP/1.1 200 238 - 9.845 ms
Mon, 13 Feb 2017 03:00:23 GMT ::1 - GET /api/regions HTTP/1.1 200 383 - 11.168 ms
Mon, 13 Feb 2017 03:00:23 GMT ::1 - GET /api/amounts HTTP/1.1 200 238 - 6.599 ms
Mon, 13 Feb 2017 03:00:43 GMT ::1 - GET /api/regions HTTP/1.1 200 383 - 10.516 ms
Mon, 13 Feb 2017 03:00:43 GMT ::1 - GET /api/amounts HTTP/1.1 200 238 - 6.872 ms
Mon, 13 Feb 2017 03:02:00 GMT ::1 - GET /api/regions HTTP/1.1 200 383 - 9.121 ms
Mon, 13 Feb 2017 03:02:00 GMT ::1 - GET /api/amounts HTTP/1.1 200 238 - 21.301 ms
Mon, 13 Feb 2017 03:02:18 GMT ::1 - GET /api/regions HTTP/1.1 200 383 - 12.459 ms
Mon, 13 Feb 2017 03:02:18 GMT ::1 - GET /api/amounts HTTP/1.1 200 238 - 7.081 ms
Mon, 13 Feb 2017 03:04:48 GMT ::1 - GET /api/regions HTTP/1.1 200 383 - 13.533 ms
Mon, 13 Feb 2017 03:04:48 GMT ::1 - GET /api/amounts HTTP/1.1 200 238 - 21.801 ms
Mon, 13 Feb 2017 03:05:07 GMT ::1 - GET /api/sports HTTP/1.1 200 406 - 93.671 ms
Mon, 13 Feb 2017 03:05:20 GMT ::1 - GET /api/houseInsuranceCategories HTTP/1.1 200 407 - 16.786 ms
Mon, 13 Feb 2017 03:05:23 GMT ::1 - GET /api/carInsuranceServices HTTP/1.1 200 478 - 48.550 ms
Mon, 13 Feb 2017 03:05:31 GMT ::1 - GET /api/amounts/589736e058fe8d16e04e62c4 HTTP/1.1 200 54 - 3203.625 ms
Mon, 13 Feb 2017 03:05:31 GMT ::1 - GET /api/regions/5897361058fe8d16e04e62bc HTTP/1.1 200 93 - 74.066 ms
Mon, 13 Feb 2017 03:05:31 GMT ::1 - POST /api/allRules HTTP/1.1 200 77 - 3418.539 ms
Mon, 13 Feb 2017 03:05:33 GMT ::1 - POST /api/insurances HTTP/1.1 200 640 - 112.197 ms
Mon, 13 Feb 2017 03:05:33 GMT ::1 - GET /api/insurances/58a1227d85dee00c94292d62 HTTP/1.1 200 336 - 11.887 ms
Mon, 13 Feb 2017 03:05:33 GMT ::1 - GET /api/users/58a1227d85dee00c94292d60 HTTP/1.1 200 218 - 17.096 ms
Mon, 13 Feb 2017 03:05:33 GMT ::1 - GET /api/merchants HTTP/1.1 200 188 - 8.155 ms
Mon, 13 Feb 2017 03:05:36 GMT ::1 - GET /api/transactions/58a1227d85dee00c94292d61 HTTP/1.1 200 155 - 56.758 ms
Mon, 13 Feb 2017 03:05:58 GMT ::1 - POST /api/getURL HTTP/1.1 200 74 - 11.117 ms
Mon, 13 Feb 2017 03:06:08 GMT ::1 - POST /api/sendEmail HTTP/1.1 200 38 - 93.705 ms
Mon, 13 Feb 2017 03:06:34 GMT ::1 - POST /api/getURL HTTP/1.1 200 74 - 9.519 ms
Mon, 13 Feb 2017 03:06:42 GMT ::1 - POST /api/sendEmail HTTP/1.1 400 33 - 49.864 ms
Mon, 13 Feb 2017 03:06:57 GMT ::1 - GET /api/regions HTTP/1.1 200 383 - 12.453 ms
Mon, 13 Feb 2017 03:06:57 GMT ::1 - GET /api/amounts HTTP/1.1 200 238 - 8.392 ms
Mon, 13 Feb 2017 03:07:27 GMT ::1 - GET /api/sports HTTP/1.1 200 406 - 18.643 ms
Mon, 13 Feb 2017 03:07:42 GMT ::1 - GET /api/houseInsuranceCategories HTTP/1.1 200 407 - 14.150 ms
Mon, 13 Feb 2017 03:07:45 GMT ::1 - GET /api/carInsuranceServices HTTP/1.1 200 478 - 26.827 ms
Mon, 13 Feb 2017 03:07:52 GMT ::1 - GET /api/amounts/589736e058fe8d16e04e62c4 HTTP/1.1 200 54 - 3668.907 ms
Mon, 13 Feb 2017 03:07:52 GMT ::1 - GET /api/regions/5897361058fe8d16e04e62bc HTTP/1.1 200 93 - 45.208 ms
Mon, 13 Feb 2017 03:07:53 GMT ::1 - POST /api/allRules HTTP/1.1 200 79 - 3873.635 ms
Mon, 13 Feb 2017 03:07:54 GMT ::1 - POST /api/insurances HTTP/1.1 200 641 - 333.664 ms
Mon, 13 Feb 2017 03:07:54 GMT ::1 - GET /api/insurances/58a1230a85dee00c94292d65 HTTP/1.1 200 336 - 17.154 ms
Mon, 13 Feb 2017 03:07:54 GMT ::1 - GET /api/users/58a1230a85dee00c94292d63 HTTP/1.1 200 219 - 17.147 ms
Mon, 13 Feb 2017 03:07:54 GMT ::1 - GET /api/merchants HTTP/1.1 200 188 - 10.955 ms
Mon, 13 Feb 2017 03:07:59 GMT ::1 - GET /api/transactions/58a1230a85dee00c94292d64 HTTP/1.1 200 155 - 11.005 ms
Mon, 13 Feb 2017 03:08:42 GMT ::1 - POST /api/getURL HTTP/1.1 200 74 - 12.551 ms
Mon, 13 Feb 2017 03:08:51 GMT ::1 - POST /api/sendEmail HTTP/1.1 200 38 - 399.994 ms
Mon, 13 Feb 2017 03:14:39 GMT ::1 - POST /api/getURL HTTP/1.1 200 91 - 47.298 ms
Mon, 13 Feb 2017 03:16:28 GMT ::1 - POST /api/getURL HTTP/1.1 200 91 - 47.207 ms
Mon, 13 Feb 2017 03:18:03 GMT ::1 - POST /api/getURL HTTP/1.1 200 91 - 29.489 ms
Mon, 13 Feb 2017 03:18:10 GMT ::1 - POST /api/sendEmail HTTP/1.1 400 33 - 12.932 ms
Mon, 13 Feb 2017 03:18:23 GMT ::1 - GET /api/regions HTTP/1.1 200 383 - 18.396 ms
Mon, 13 Feb 2017 03:18:23 GMT ::1 - GET /api/amounts HTTP/1.1 200 238 - 9.750 ms
Mon, 13 Feb 2017 03:19:06 GMT ::1 - GET /api/sports HTTP/1.1 200 406 - 12.145 ms
Mon, 13 Feb 2017 03:19:19 GMT ::1 - GET /api/houseInsuranceCategories HTTP/1.1 200 407 - 13.090 ms
Mon, 13 Feb 2017 03:19:22 GMT ::1 - GET /api/carInsuranceServices HTTP/1.1 200 478 - 35.958 ms
Mon, 13 Feb 2017 03:19:25 GMT ::1 - GET /api/regions/5897361058fe8d16e04e62bc HTTP/1.1 200 93 - 9.156 ms
Mon, 13 Feb 2017 03:19:28 GMT ::1 - GET /api/amounts/589736e058fe8d16e04e62c4 HTTP/1.1 200 54 - 3238.140 ms
Mon, 13 Feb 2017 03:19:29 GMT ::1 - POST /api/allRules HTTP/1.1 200 79 - 3574.569 ms
Mon, 13 Feb 2017 03:19:32 GMT ::1 - POST /api/insurances HTTP/1.1 200 640 - 172.318 ms
Mon, 13 Feb 2017 03:19:32 GMT ::1 - GET /api/insurances/58a125c485dee00c94292d6a HTTP/1.1 200 336 - 11.896 ms
Mon, 13 Feb 2017 03:19:32 GMT ::1 - GET /api/users/58a125c485dee00c94292d68 HTTP/1.1 200 218 - 13.217 ms
Mon, 13 Feb 2017 03:19:32 GMT ::1 - GET /api/merchants HTTP/1.1 200 188 - 9.047 ms
Mon, 13 Feb 2017 03:19:36 GMT ::1 - GET /api/transactions/58a125c485dee00c94292d69 HTTP/1.1 200 155 - 10.394 ms
Mon, 13 Feb 2017 03:19:36 GMT ::1 - POST /api/insurances HTTP/1.1 - - - - ms
Mon, 13 Feb 2017 03:19:57 GMT ::1 - POST /api/getURL HTTP/1.1 200 91 - 68.321 ms
Mon, 13 Feb 2017 03:20:07 GMT ::1 - POST /api/sendEmail HTTP/1.1 200 38 - 100.667 ms
Mon, 13 Feb 2017 03:22:25 GMT ::1 - GET /api/regions HTTP/1.1 200 383 - 21.778 ms
Mon, 13 Feb 2017 03:22:25 GMT ::1 - GET /api/amounts HTTP/1.1 200 238 - 10.767 ms
Mon, 13 Feb 2017 03:22:55 GMT ::1 - GET /api/sports HTTP/1.1 200 406 - 20.796 ms
Mon, 13 Feb 2017 03:23:12 GMT ::1 - GET /api/houseInsuranceCategories HTTP/1.1 200 407 - 15.281 ms
Mon, 13 Feb 2017 03:23:14 GMT ::1 - GET /api/carInsuranceServices HTTP/1.1 200 478 - 25.670 ms
Mon, 13 Feb 2017 03:23:20 GMT ::1 - GET /api/amounts/589736e058fe8d16e04e62c4 HTTP/1.1 200 54 - 2966.659 ms
Mon, 13 Feb 2017 03:23:20 GMT ::1 - GET /api/regions/5897361058fe8d16e04e62bc HTTP/1.1 200 93 - 114.831 ms
Mon, 13 Feb 2017 03:23:20 GMT ::1 - POST /api/allRules HTTP/1.1 200 77 - 3336.707 ms
Mon, 13 Feb 2017 03:23:25 GMT ::1 - POST /api/insurances HTTP/1.1 200 642 - 163.104 ms
Mon, 13 Feb 2017 03:23:25 GMT ::1 - GET /api/insurances/58a126ad85dee00c94292d6d HTTP/1.1 200 336 - 11.618 ms
Mon, 13 Feb 2017 03:23:25 GMT ::1 - GET /api/users/58a126ad85dee00c94292d6b HTTP/1.1 200 226 - 27.102 ms
Mon, 13 Feb 2017 03:23:25 GMT ::1 - GET /api/merchants HTTP/1.1 200 188 - 11.178 ms
Mon, 13 Feb 2017 03:23:28 GMT ::1 - GET /api/transactions/58a126ad85dee00c94292d6c HTTP/1.1 200 155 - 9.823 ms
Mon, 13 Feb 2017 03:23:53 GMT ::1 - POST /api/getURL HTTP/1.1 200 91 - 40.891 ms
Mon, 13 Feb 2017 03:24:02 GMT ::1 - POST /api/sendEmail HTTP/1.1 200 38 - 310.087 ms
Mon, 13 Feb 2017 03:24:26 GMT ::1 - GET /api/regions HTTP/1.1 200 383 - 12.066 ms
Mon, 13 Feb 2017 03:24:26 GMT ::1 - GET /api/amounts HTTP/1.1 200 238 - 7.526 ms
Mon, 13 Feb 2017 03:31:36 GMT ::1 - POST /api/sendEmail HTTP/1.1 400 33 - 23.330 ms
Mon, 13 Feb 2017 03:32:02 GMT ::1 - POST /api/getURL HTTP/1.1 200 74 - 19.401 ms
Mon, 13 Feb 2017 03:32:12 GMT ::1 - POST /api/sendEmail HTTP/1.1 400 33 - 45.504 ms
Mon, 13 Feb 2017 03:32:14 GMT ::1 - POST /api/sendEmail HTTP/1.1 400 33 - 5.754 ms
Mon, 13 Feb 2017 03:32:15 GMT ::1 - POST /api/sendEmail HTTP/1.1 400 33 - 37.212 ms
Mon, 13 Feb 2017 03:32:17 GMT ::1 - POST /api/sendEmail HTTP/1.1 400 33 - 54.987 ms
Mon, 13 Feb 2017 03:32:19 GMT ::1 - POST /api/sendEmail HTTP/1.1 400 33 - 6.600 ms
Mon, 13 Feb 2017 03:32:20 GMT ::1 - POST /api/sendEmail HTTP/1.1 400 33 - 8.261 ms
Mon, 13 Feb 2017 03:32:22 GMT ::1 - POST /api/sendEmail HTTP/1.1 400 33 - 36.990 ms
Mon, 13 Feb 2017 03:32:46 GMT ::1 - POST /api/sendEmail HTTP/1.1 400 33 - 7.835 ms
Mon, 13 Feb 2017 03:32:49 GMT ::1 - POST /api/sendEmail HTTP/1.1 400 33 - 8.950 ms
Mon, 13 Feb 2017 03:32:56 GMT ::1 - POST /api/sendEmail HTTP/1.1 400 33 - 6.108 ms
Mon, 13 Feb 2017 03:32:56 GMT ::1 - POST /api/sendEmail HTTP/1.1 400 33 - 5.812 ms
Mon, 13 Feb 2017 03:32:56 GMT ::1 - POST /api/sendEmail HTTP/1.1 400 33 - 8.782 ms
Mon, 13 Feb 2017 03:32:57 GMT ::1 - POST /api/sendEmail HTTP/1.1 400 33 - 5.698 ms
Mon, 13 Feb 2017 03:32:57 GMT ::1 - POST /api/sendEmail HTTP/1.1 400 33 - 5.755 ms
Mon, 13 Feb 2017 03:32:57 GMT ::1 - POST /api/sendEmail HTTP/1.1 400 33 - 5.439 ms
Mon, 13 Feb 2017 03:32:57 GMT ::1 - POST /api/sendEmail HTTP/1.1 400 33 - 5.843 ms
Mon, 13 Feb 2017 03:32:58 GMT ::1 - POST /api/sendEmail HTTP/1.1 400 33 - 4.814 ms
Mon, 13 Feb 2017 03:32:58 GMT ::1 - POST /api/sendEmail HTTP/1.1 400 33 - 4.942 ms
Mon, 13 Feb 2017 03:32:58 GMT ::1 - POST /api/sendEmail HTTP/1.1 400 33 - 4.499 ms
Mon, 13 Feb 2017 03:32:59 GMT ::1 - POST /api/sendEmail HTTP/1.1 400 33 - 8.743 ms
Mon, 13 Feb 2017 03:32:59 GMT ::1 - POST /api/sendEmail HTTP/1.1 400 33 - 9.350 ms
Mon, 13 Feb 2017 03:32:59 GMT ::1 - POST /api/sendEmail HTTP/1.1 400 33 - 5.675 ms
Mon, 13 Feb 2017 03:32:59 GMT ::1 - POST /api/sendEmail HTTP/1.1 400 33 - 7.824 ms
Mon, 13 Feb 2017 03:33:00 GMT ::1 - POST /api/sendEmail HTTP/1.1 400 33 - 5.238 ms
Mon, 13 Feb 2017 03:33:00 GMT ::1 - POST /api/sendEmail HTTP/1.1 400 33 - 4.922 ms
Mon, 13 Feb 2017 03:33:00 GMT ::1 - POST /api/sendEmail HTTP/1.1 400 33 - 5.172 ms
Mon, 13 Feb 2017 03:33:00 GMT ::1 - POST /api/sendEmail HTTP/1.1 400 33 - 5.608 ms
Mon, 13 Feb 2017 03:33:00 GMT ::1 - POST /api/sendEmail HTTP/1.1 400 33 - 12.622 ms
Mon, 13 Feb 2017 03:33:01 GMT ::1 - POST /api/sendEmail HTTP/1.1 400 33 - 10.768 ms
Mon, 13 Feb 2017 03:33:01 GMT ::1 - POST /api/sendEmail HTTP/1.1 400 33 - 10.131 ms
Mon, 13 Feb 2017 03:33:01 GMT ::1 - POST /api/sendEmail HTTP/1.1 400 33 - 24.441 ms
Mon, 13 Feb 2017 03:33:02 GMT ::1 - POST /api/sendEmail HTTP/1.1 400 33 - 9.281 ms
Mon, 13 Feb 2017 03:33:02 GMT ::1 - POST /api/sendEmail HTTP/1.1 400 33 - 7.160 ms
Mon, 13 Feb 2017 03:33:02 GMT ::1 - POST /api/sendEmail HTTP/1.1 400 33 - 4.824 ms
Mon, 13 Feb 2017 03:33:03 GMT ::1 - POST /api/sendEmail HTTP/1.1 400 33 - 4.701 ms
Mon, 13 Feb 2017 03:33:03 GMT ::1 - POST /api/sendEmail HTTP/1.1 400 33 - 4.914 ms
Mon, 13 Feb 2017 03:33:04 GMT ::1 - POST /api/sendEmail HTTP/1.1 400 33 - 5.608 ms
Mon, 13 Feb 2017 03:33:04 GMT ::1 - POST /api/sendEmail HTTP/1.1 400 33 - 5.143 ms
Mon, 13 Feb 2017 03:33:04 GMT ::1 - POST /api/sendEmail HTTP/1.1 400 33 - 9.009 ms
Mon, 13 Feb 2017 03:33:04 GMT ::1 - POST /api/sendEmail HTTP/1.1 400 33 - 4.866 ms
Mon, 13 Feb 2017 03:33:05 GMT ::1 - POST /api/sendEmail HTTP/1.1 400 33 - 4.999 ms
Mon, 13 Feb 2017 03:33:05 GMT ::1 - POST /api/sendEmail HTTP/1.1 400 33 - 4.742 ms
Mon, 13 Feb 2017 03:33:05 GMT ::1 - POST /api/sendEmail HTTP/1.1 400 33 - 4.520 ms
Mon, 13 Feb 2017 03:33:05 GMT ::1 - POST /api/sendEmail HTTP/1.1 400 33 - 5.030 ms
Mon, 13 Feb 2017 03:33:06 GMT ::1 - POST /api/sendEmail HTTP/1.1 400 33 - 5.518 ms
Mon, 13 Feb 2017 03:33:06 GMT ::1 - POST /api/sendEmail HTTP/1.1 400 33 - 6.610 ms
Mon, 13 Feb 2017 03:33:06 GMT ::1 - POST /api/sendEmail HTTP/1.1 400 33 - 4.812 ms
Mon, 13 Feb 2017 03:33:06 GMT ::1 - POST /api/sendEmail HTTP/1.1 400 33 - 8.108 ms
Mon, 13 Feb 2017 03:33:07 GMT ::1 - POST /api/sendEmail HTTP/1.1 400 33 - 6.553 ms
Mon, 13 Feb 2017 03:33:07 GMT ::1 - POST /api/sendEmail HTTP/1.1 400 33 - 4.821 ms
Mon, 13 Feb 2017 03:33:08 GMT ::1 - POST /api/sendEmail HTTP/1.1 400 33 - 5.739 ms
Mon, 13 Feb 2017 03:33:09 GMT ::1 - POST /api/sendEmail HTTP/1.1 400 33 - 6.255 ms
Mon, 13 Feb 2017 03:33:09 GMT ::1 - POST /api/sendEmail HTTP/1.1 400 33 - 10.464 ms
Mon, 13 Feb 2017 03:33:10 GMT ::1 - POST /api/sendEmail HTTP/1.1 400 33 - 6.733 ms
Mon, 13 Feb 2017 03:33:10 GMT ::1 - POST /api/sendEmail HTTP/1.1 400 33 - 7.144 ms
Mon, 13 Feb 2017 03:33:10 GMT ::1 - POST /api/sendEmail HTTP/1.1 400 33 - 5.402 ms
Mon, 13 Feb 2017 03:33:11 GMT ::1 - POST /api/sendEmail HTTP/1.1 400 33 - 4.971 ms
Mon, 13 Feb 2017 03:33:11 GMT ::1 - POST /api/sendEmail HTTP/1.1 400 33 - 4.833 ms
Mon, 13 Feb 2017 03:33:11 GMT ::1 - POST /api/sendEmail HTTP/1.1 400 33 - 48.407 ms
Mon, 13 Feb 2017 03:33:12 GMT ::1 - POST /api/sendEmail HTTP/1.1 400 33 - 7.409 ms
Mon, 13 Feb 2017 03:33:12 GMT ::1 - POST /api/sendEmail HTTP/1.1 400 33 - 4.628 ms
Mon, 13 Feb 2017 03:33:12 GMT ::1 - POST /api/sendEmail HTTP/1.1 400 33 - 21.970 ms
Mon, 13 Feb 2017 03:33:12 GMT ::1 - POST /api/sendEmail HTTP/1.1 400 33 - 5.043 ms
Mon, 13 Feb 2017 03:33:13 GMT ::1 - POST /api/sendEmail HTTP/1.1 400 33 - 5.449 ms
Mon, 13 Feb 2017 03:33:13 GMT ::1 - POST /api/sendEmail HTTP/1.1 400 33 - 4.741 ms
Mon, 13 Feb 2017 03:33:13 GMT ::1 - POST /api/sendEmail HTTP/1.1 400 33 - 4.556 ms
Mon, 13 Feb 2017 03:33:14 GMT ::1 - POST /api/sendEmail HTTP/1.1 400 33 - 4.817 ms
Mon, 13 Feb 2017 03:33:14 GMT ::1 - POST /api/sendEmail HTTP/1.1 400 33 - 5.131 ms
Mon, 13 Feb 2017 03:33:14 GMT ::1 - POST /api/sendEmail HTTP/1.1 400 33 - 8.077 ms
Mon, 13 Feb 2017 03:33:14 GMT ::1 - POST /api/sendEmail HTTP/1.1 400 33 - 4.406 ms
Mon, 13 Feb 2017 03:33:15 GMT ::1 - POST /api/sendEmail HTTP/1.1 400 33 - 4.777 ms
Mon, 13 Feb 2017 03:33:15 GMT ::1 - POST /api/sendEmail HTTP/1.1 400 33 - 8.236 ms
Mon, 13 Feb 2017 03:33:15 GMT ::1 - POST /api/sendEmail HTTP/1.1 400 33 - 5.126 ms
Mon, 13 Feb 2017 03:33:15 GMT ::1 - POST /api/sendEmail HTTP/1.1 400 33 - 5.061 ms
Mon, 13 Feb 2017 03:33:16 GMT ::1 - POST /api/sendEmail HTTP/1.1 400 33 - 4.649 ms
Mon, 13 Feb 2017 03:33:16 GMT ::1 - POST /api/sendEmail HTTP/1.1 400 33 - 4.541 ms
Mon, 13 Feb 2017 03:33:16 GMT ::1 - POST /api/sendEmail HTTP/1.1 400 33 - 4.974 ms
Mon, 13 Feb 2017 03:33:16 GMT ::1 - POST /api/sendEmail HTTP/1.1 400 33 - 4.817 ms
Mon, 13 Feb 2017 03:33:17 GMT ::1 - POST /api/sendEmail HTTP/1.1 400 33 - 7.422 ms
Mon, 13 Feb 2017 03:33:17 GMT ::1 - POST /api/sendEmail HTTP/1.1 400 33 - 4.850 ms
Mon, 13 Feb 2017 03:33:17 GMT ::1 - POST /api/sendEmail HTTP/1.1 400 33 - 5.157 ms
Mon, 13 Feb 2017 03:33:18 GMT ::1 - POST /api/sendEmail HTTP/1.1 400 33 - 4.980 ms
Mon, 13 Feb 2017 03:33:18 GMT ::1 - POST /api/sendEmail HTTP/1.1 400 33 - 4.924 ms
Mon, 13 Feb 2017 03:33:18 GMT ::1 - POST /api/sendEmail HTTP/1.1 400 33 - 7.307 ms
Mon, 13 Feb 2017 03:33:18 GMT ::1 - POST /api/sendEmail HTTP/1.1 400 33 - 9.456 ms
Mon, 13 Feb 2017 03:33:19 GMT ::1 - POST /api/sendEmail HTTP/1.1 400 33 - 4.535 ms
Mon, 13 Feb 2017 03:33:19 GMT ::1 - POST /api/sendEmail HTTP/1.1 400 33 - 4.921 ms
Mon, 13 Feb 2017 03:33:19 GMT ::1 - POST /api/sendEmail HTTP/1.1 400 33 - 4.687 ms
Mon, 13 Feb 2017 03:33:19 GMT ::1 - POST /api/sendEmail HTTP/1.1 400 33 - 5.200 ms
Mon, 13 Feb 2017 03:33:20 GMT ::1 - POST /api/sendEmail HTTP/1.1 400 33 - 5.117 ms
Mon, 13 Feb 2017 03:33:20 GMT ::1 - POST /api/sendEmail HTTP/1.1 400 33 - 9.085 ms
Mon, 13 Feb 2017 03:33:20 GMT ::1 - POST /api/sendEmail HTTP/1.1 400 33 - 4.610 ms
Mon, 13 Feb 2017 03:33:20 GMT ::1 - POST /api/sendEmail HTTP/1.1 400 33 - 4.591 ms
Mon, 13 Feb 2017 03:33:20 GMT ::1 - POST /api/sendEmail HTTP/1.1 400 33 - 4.970 ms
Mon, 13 Feb 2017 03:33:21 GMT ::1 - POST /api/sendEmail HTTP/1.1 400 33 - 6.425 ms
Mon, 13 Feb 2017 03:33:21 GMT ::1 - POST /api/sendEmail HTTP/1.1 400 33 - 5.246 ms
Mon, 13 Feb 2017 03:33:21 GMT ::1 - POST /api/sendEmail HTTP/1.1 400 33 - 7.792 ms
Mon, 13 Feb 2017 03:33:21 GMT ::1 - POST /api/sendEmail HTTP/1.1 400 33 - 9.903 ms
Mon, 13 Feb 2017 03:33:22 GMT ::1 - POST /api/sendEmail HTTP/1.1 400 33 - 11.222 ms
Mon, 13 Feb 2017 03:33:22 GMT ::1 - POST /api/sendEmail HTTP/1.1 400 33 - 8.081 ms
Mon, 13 Feb 2017 03:33:22 GMT ::1 - POST /api/sendEmail HTTP/1.1 400 33 - 14.868 ms
Mon, 13 Feb 2017 03:33:23 GMT ::1 - POST /api/sendEmail HTTP/1.1 400 33 - 6.189 ms
Mon, 13 Feb 2017 03:33:23 GMT ::1 - POST /api/sendEmail HTTP/1.1 400 33 - 5.789 ms
Mon, 13 Feb 2017 03:33:24 GMT ::1 - POST /api/sendEmail HTTP/1.1 400 33 - 5.383 ms
Mon, 13 Feb 2017 03:33:24 GMT ::1 - POST /api/sendEmail HTTP/1.1 400 33 - 5.434 ms
Mon, 13 Feb 2017 03:33:24 GMT ::1 - POST /api/sendEmail HTTP/1.1 400 33 - 10.273 ms
Mon, 13 Feb 2017 03:33:24 GMT ::1 - POST /api/sendEmail HTTP/1.1 400 33 - 5.274 ms
Mon, 13 Feb 2017 03:33:24 GMT ::1 - POST /api/sendEmail HTTP/1.1 400 33 - 12.710 ms
Mon, 13 Feb 2017 03:33:25 GMT ::1 - POST /api/sendEmail HTTP/1.1 400 33 - 4.997 ms
Mon, 13 Feb 2017 03:33:25 GMT ::1 - POST /api/sendEmail HTTP/1.1 400 33 - 4.783 ms
Mon, 13 Feb 2017 03:33:25 GMT ::1 - POST /api/sendEmail HTTP/1.1 400 33 - 5.596 ms
Mon, 13 Feb 2017 03:33:25 GMT ::1 - POST /api/sendEmail HTTP/1.1 400 33 - 4.847 ms
Mon, 13 Feb 2017 03:33:26 GMT ::1 - POST /api/sendEmail HTTP/1.1 400 33 - 5.627 ms
Mon, 13 Feb 2017 03:33:26 GMT ::1 - POST /api/sendEmail HTTP/1.1 400 33 - 9.682 ms
Mon, 13 Feb 2017 03:33:26 GMT ::1 - POST /api/sendEmail HTTP/1.1 400 33 - 5.329 ms
Mon, 13 Feb 2017 03:33:26 GMT ::1 - POST /api/sendEmail HTTP/1.1 400 33 - 5.608 ms
Mon, 13 Feb 2017 03:33:27 GMT ::1 - POST /api/sendEmail HTTP/1.1 400 33 - 4.699 ms
Mon, 13 Feb 2017 03:33:27 GMT ::1 - POST /api/sendEmail HTTP/1.1 400 33 - 5.296 ms
Mon, 13 Feb 2017 03:33:27 GMT ::1 - POST /api/sendEmail HTTP/1.1 400 33 - 4.798 ms
Mon, 13 Feb 2017 03:33:28 GMT ::1 - POST /api/sendEmail HTTP/1.1 400 33 - 8.169 ms
Mon, 13 Feb 2017 03:33:28 GMT ::1 - POST /api/sendEmail HTTP/1.1 400 33 - 10.349 ms
Mon, 13 Feb 2017 03:33:29 GMT ::1 - POST /api/sendEmail HTTP/1.1 400 33 - 4.420 ms
Mon, 13 Feb 2017 03:33:29 GMT ::1 - POST /api/sendEmail HTTP/1.1 400 33 - 4.571 ms
Mon, 13 Feb 2017 03:33:30 GMT ::1 - POST /api/sendEmail HTTP/1.1 400 33 - 6.814 ms
Mon, 13 Feb 2017 03:33:30 GMT ::1 - POST /api/sendEmail HTTP/1.1 400 33 - 8.171 ms
Mon, 13 Feb 2017 03:33:31 GMT ::1 - POST /api/sendEmail HTTP/1.1 400 33 - 5.141 ms
Mon, 13 Feb 2017 03:33:31 GMT ::1 - POST /api/sendEmail HTTP/1.1 400 33 - 7.503 ms
Mon, 13 Feb 2017 03:33:32 GMT ::1 - POST /api/sendEmail HTTP/1.1 400 33 - 9.246 ms
Mon, 13 Feb 2017 03:33:32 GMT ::1 - POST /api/sendEmail HTTP/1.1 400 33 - 4.817 ms
Mon, 13 Feb 2017 03:33:32 GMT ::1 - POST /api/sendEmail HTTP/1.1 400 33 - 9.244 ms
Mon, 13 Feb 2017 03:33:32 GMT ::1 - POST /api/sendEmail HTTP/1.1 400 33 - 4.504 ms
Mon, 13 Feb 2017 03:33:33 GMT ::1 - POST /api/sendEmail HTTP/1.1 400 33 - 5.124 ms
Mon, 13 Feb 2017 03:33:33 GMT ::1 - POST /api/sendEmail HTTP/1.1 400 33 - 4.723 ms
Mon, 13 Feb 2017 03:33:33 GMT ::1 - POST /api/sendEmail HTTP/1.1 400 33 - 5.746 ms
Mon, 13 Feb 2017 03:33:34 GMT ::1 - POST /api/sendEmail HTTP/1.1 400 33 - 4.812 ms
Mon, 13 Feb 2017 03:33:34 GMT ::1 - POST /api/sendEmail HTTP/1.1 400 33 - 35.829 ms
Mon, 13 Feb 2017 03:33:34 GMT ::1 - POST /api/sendEmail HTTP/1.1 400 33 - 6.121 ms
Mon, 13 Feb 2017 03:33:34 GMT ::1 - POST /api/sendEmail HTTP/1.1 400 33 - 22.359 ms
Mon, 13 Feb 2017 03:33:35 GMT ::1 - POST /api/sendEmail HTTP/1.1 400 33 - 8.313 ms
Mon, 13 Feb 2017 03:33:35 GMT ::1 - POST /api/sendEmail HTTP/1.1 400 33 - 7.260 ms
Mon, 13 Feb 2017 03:33:35 GMT ::1 - POST /api/sendEmail HTTP/1.1 400 33 - 6.635 ms
Mon, 13 Feb 2017 03:33:35 GMT ::1 - POST /api/sendEmail HTTP/1.1 400 33 - 7.198 ms
Mon, 13 Feb 2017 03:33:36 GMT ::1 - POST /api/sendEmail HTTP/1.1 400 33 - 5.419 ms
Mon, 13 Feb 2017 03:33:36 GMT ::1 - POST /api/sendEmail HTTP/1.1 400 33 - 5.099 ms
Mon, 13 Feb 2017 03:33:36 GMT ::1 - POST /api/sendEmail HTTP/1.1 400 33 - 4.859 ms
Mon, 13 Feb 2017 03:33:36 GMT ::1 - POST /api/sendEmail HTTP/1.1 400 33 - 4.462 ms
Mon, 13 Feb 2017 03:33:37 GMT ::1 - POST /api/sendEmail HTTP/1.1 400 33 - 8.103 ms
Mon, 13 Feb 2017 03:33:37 GMT ::1 - POST /api/sendEmail HTTP/1.1 400 33 - 4.769 ms
Mon, 13 Feb 2017 03:33:37 GMT ::1 - POST /api/sendEmail HTTP/1.1 400 33 - 5.023 ms
Mon, 13 Feb 2017 03:33:37 GMT ::1 - POST /api/sendEmail HTTP/1.1 400 33 - 4.502 ms
Mon, 13 Feb 2017 03:33:38 GMT ::1 - POST /api/sendEmail HTTP/1.1 400 33 - 4.657 ms
Mon, 13 Feb 2017 03:33:38 GMT ::1 - POST /api/sendEmail HTTP/1.1 400 33 - 6.165 ms
Mon, 13 Feb 2017 03:33:38 GMT ::1 - POST /api/sendEmail HTTP/1.1 400 33 - 4.740 ms
Mon, 13 Feb 2017 03:33:39 GMT ::1 - POST /api/sendEmail HTTP/1.1 400 33 - 9.063 ms
Mon, 13 Feb 2017 03:33:39 GMT ::1 - POST /api/sendEmail HTTP/1.1 400 33 - 6.773 ms
Mon, 13 Feb 2017 03:33:39 GMT ::1 - POST /api/sendEmail HTTP/1.1 400 33 - 4.647 ms
Mon, 13 Feb 2017 03:33:39 GMT ::1 - POST /api/sendEmail HTTP/1.1 400 33 - 5.207 ms
Mon, 13 Feb 2017 03:33:39 GMT ::1 - POST /api/sendEmail HTTP/1.1 400 33 - 4.957 ms
Mon, 13 Feb 2017 03:33:40 GMT ::1 - POST /api/sendEmail HTTP/1.1 400 33 - 4.788 ms
Mon, 13 Feb 2017 03:33:40 GMT ::1 - POST /api/sendEmail HTTP/1.1 400 33 - 4.574 ms
Mon, 13 Feb 2017 03:33:40 GMT ::1 - POST /api/sendEmail HTTP/1.1 400 33 - 4.537 ms
Mon, 13 Feb 2017 03:33:40 GMT ::1 - POST /api/sendEmail HTTP/1.1 400 33 - 4.757 ms
Mon, 13 Feb 2017 03:33:40 GMT ::1 - POST /api/sendEmail HTTP/1.1 400 33 - 7.623 ms
Mon, 13 Feb 2017 03:33:41 GMT ::1 - POST /api/sendEmail HTTP/1.1 400 33 - 4.485 ms
Mon, 13 Feb 2017 03:33:41 GMT ::1 - POST /api/sendEmail HTTP/1.1 400 33 - 4.516 ms
Mon, 13 Feb 2017 03:33:41 GMT ::1 - POST /api/sendEmail HTTP/1.1 400 33 - 5.412 ms
Mon, 13 Feb 2017 03:33:41 GMT ::1 - POST /api/sendEmail HTTP/1.1 400 33 - 4.931 ms
Mon, 13 Feb 2017 03:33:42 GMT ::1 - POST /api/sendEmail HTTP/1.1 400 33 - 7.563 ms
Mon, 13 Feb 2017 03:33:42 GMT ::1 - POST /api/sendEmail HTTP/1.1 400 33 - 5.620 ms
Mon, 13 Feb 2017 03:33:42 GMT ::1 - POST /api/sendEmail HTTP/1.1 400 33 - 8.781 ms
Mon, 13 Feb 2017 03:33:43 GMT ::1 - POST /api/sendEmail HTTP/1.1 400 33 - 6.398 ms
Mon, 13 Feb 2017 03:33:43 GMT ::1 - POST /api/sendEmail HTTP/1.1 400 33 - 4.973 ms
Mon, 13 Feb 2017 03:33:44 GMT ::1 - POST /api/sendEmail HTTP/1.1 400 33 - 7.629 ms
Mon, 13 Feb 2017 03:33:44 GMT ::1 - POST /api/sendEmail HTTP/1.1 400 33 - 4.881 ms
Mon, 13 Feb 2017 03:33:44 GMT ::1 - POST /api/sendEmail HTTP/1.1 400 33 - 4.623 ms
Mon, 13 Feb 2017 03:33:44 GMT ::1 - POST /api/sendEmail HTTP/1.1 400 33 - 5.151 ms
Mon, 13 Feb 2017 03:33:44 GMT ::1 - POST /api/sendEmail HTTP/1.1 400 33 - 5.161 ms
Mon, 13 Feb 2017 03:33:45 GMT ::1 - POST /api/sendEmail HTTP/1.1 400 33 - 5.263 ms
Mon, 13 Feb 2017 03:33:45 GMT ::1 - POST /api/sendEmail HTTP/1.1 400 33 - 4.487 ms
Mon, 13 Feb 2017 03:33:45 GMT ::1 - POST /api/sendEmail HTTP/1.1 400 33 - 5.385 ms
Mon, 13 Feb 2017 03:33:45 GMT ::1 - POST /api/sendEmail HTTP/1.1 400 33 - 4.922 ms
Mon, 13 Feb 2017 03:33:46 GMT ::1 - POST /api/sendEmail HTTP/1.1 400 33 - 5.158 ms
Mon, 13 Feb 2017 03:33:46 GMT ::1 - POST /api/sendEmail HTTP/1.1 400 33 - 5.443 ms
Mon, 13 Feb 2017 03:33:46 GMT ::1 - POST /api/sendEmail HTTP/1.1 400 33 - 59.164 ms
Mon, 13 Feb 2017 03:33:46 GMT ::1 - POST /api/sendEmail HTTP/1.1 400 33 - 6.402 ms
Mon, 13 Feb 2017 03:33:47 GMT ::1 - POST /api/sendEmail HTTP/1.1 400 33 - 7.409 ms
Mon, 13 Feb 2017 03:33:47 GMT ::1 - POST /api/sendEmail HTTP/1.1 400 33 - 30.795 ms
Mon, 13 Feb 2017 03:33:47 GMT ::1 - POST /api/sendEmail HTTP/1.1 400 33 - 12.078 ms
Mon, 13 Feb 2017 03:33:48 GMT ::1 - POST /api/sendEmail HTTP/1.1 400 33 - 5.372 ms
Mon, 13 Feb 2017 03:33:48 GMT ::1 - POST /api/sendEmail HTTP/1.1 400 33 - 4.896 ms
Mon, 13 Feb 2017 03:33:49 GMT ::1 - POST /api/sendEmail HTTP/1.1 400 33 - 5.624 ms
Mon, 13 Feb 2017 03:33:50 GMT ::1 - POST /api/sendEmail HTTP/1.1 400 33 - 5.900 ms
Mon, 13 Feb 2017 03:33:50 GMT ::1 - POST /api/sendEmail HTTP/1.1 400 33 - 53.400 ms
Mon, 13 Feb 2017 03:33:50 GMT ::1 - POST /api/sendEmail HTTP/1.1 400 33 - 4.967 ms
Mon, 13 Feb 2017 03:33:50 GMT ::1 - POST /api/sendEmail HTTP/1.1 400 33 - 4.815 ms
Mon, 13 Feb 2017 03:33:51 GMT ::1 - POST /api/sendEmail HTTP/1.1 400 33 - 4.412 ms
Mon, 13 Feb 2017 03:33:51 GMT ::1 - POST /api/sendEmail HTTP/1.1 400 33 - 5.376 ms
Mon, 13 Feb 2017 03:33:51 GMT ::1 - POST /api/sendEmail HTTP/1.1 400 33 - 4.339 ms
Mon, 13 Feb 2017 03:33:51 GMT ::1 - POST /api/sendEmail HTTP/1.1 400 33 - 4.546 ms
Mon, 13 Feb 2017 03:33:52 GMT ::1 - POST /api/sendEmail HTTP/1.1 400 33 - 4.502 ms
Mon, 13 Feb 2017 03:33:52 GMT ::1 - POST /api/sendEmail HTTP/1.1 400 33 - 10.219 ms
Mon, 13 Feb 2017 03:33:52 GMT ::1 - POST /api/sendEmail HTTP/1.1 400 33 - 4.337 ms
Mon, 13 Feb 2017 03:34:55 GMT ::1 - GET /api/regions HTTP/1.1 200 383 - 161.177 ms
Mon, 13 Feb 2017 03:34:55 GMT ::1 - GET /api/amounts HTTP/1.1 200 238 - 123.664 ms
Mon, 13 Feb 2017 03:35:12 GMT ::1 - GET /api/sports HTTP/1.1 200 406 - 15.760 ms
Mon, 13 Feb 2017 03:35:26 GMT ::1 - GET /api/houseInsuranceCategories HTTP/1.1 200 407 - 57.581 ms
Mon, 13 Feb 2017 03:35:29 GMT ::1 - GET /api/carInsuranceServices HTTP/1.1 200 478 - 21.321 ms
Mon, 13 Feb 2017 03:35:35 GMT ::1 - GET /api/amounts/589736e058fe8d16e04e62c4 HTTP/1.1 200 54 - 3877.839 ms
Mon, 13 Feb 2017 03:35:36 GMT ::1 - GET /api/regions/5897362158fe8d16e04e62bd HTTP/1.1 200 91 - 3871.298 ms
Mon, 13 Feb 2017 03:35:36 GMT ::1 - POST /api/allRules HTTP/1.1 200 79 - 3715.933 ms
Mon, 13 Feb 2017 03:35:37 GMT ::1 - POST /api/insurances HTTP/1.1 200 640 - 225.653 ms
Mon, 13 Feb 2017 03:35:37 GMT ::1 - GET /api/insurances/58a1298911740c1518412ac8 HTTP/1.1 200 336 - 19.773 ms
Mon, 13 Feb 2017 03:35:37 GMT ::1 - GET /api/users/58a1298911740c1518412ac6 HTTP/1.1 200 218 - 25.950 ms
Mon, 13 Feb 2017 03:35:37 GMT ::1 - GET /api/merchants HTTP/1.1 200 188 - 49.070 ms
Mon, 13 Feb 2017 03:35:42 GMT ::1 - GET /api/transactions/58a1298911740c1518412ac7 HTTP/1.1 200 155 - 12.477 ms
Mon, 13 Feb 2017 03:36:42 GMT ::1 - POST /api/getURL HTTP/1.1 200 74 - 13.552 ms
Mon, 13 Feb 2017 03:36:56 GMT ::1 - POST /api/sendEmail HTTP/1.1 200 38 - 1653.239 ms
Mon, 13 Feb 2017 03:37:29 GMT ::1 - POST /api/getURL HTTP/1.1 200 74 - 17.190 ms
Mon, 13 Feb 2017 03:37:38 GMT ::1 - POST /api/sendEmail HTTP/1.1 400 33 - 81.605 ms
Mon, 13 Feb 2017 03:38:54 GMT ::1 - POST /api/getURL HTTP/1.1 200 74 - 6.897 ms
Mon, 13 Feb 2017 03:39:05 GMT ::1 - POST /api/sendEmail HTTP/1.1 400 33 - 8.313 ms
Mon, 13 Feb 2017 03:39:32 GMT ::1 - POST /api/getURL HTTP/1.1 200 74 - 9.809 ms
Mon, 13 Feb 2017 03:39:40 GMT ::1 - POST /api/sendEmail HTTP/1.1 400 33 - 15.253 ms
Mon, 13 Feb 2017 03:45:59 GMT ::1 - POST /api/getURL HTTP/1.1 200 74 - 13.562 ms
Mon, 13 Feb 2017 03:46:58 GMT ::1 - POST /api/sendEmail HTTP/1.1 400 33 - 10.626 ms
Mon, 13 Feb 2017 03:46:59 GMT ::1 - POST /api/sendEmail HTTP/1.1 400 33 - 6.592 ms
Mon, 13 Feb 2017 03:47:01 GMT ::1 - POST /api/sendEmail HTTP/1.1 400 33 - 8.739 ms
Mon, 13 Feb 2017 03:47:03 GMT ::1 - POST /api/sendEmail HTTP/1.1 400 33 - 7.489 ms
Mon, 13 Feb 2017 03:47:11 GMT ::1 - POST /api/sendEmail HTTP/1.1 400 33 - 6.149 ms
Mon, 13 Feb 2017 03:47:53 GMT ::1 - POST /api/sendEmail HTTP/1.1 400 33 - 10.373 ms
Mon, 13 Feb 2017 03:47:54 GMT ::1 - POST /api/sendEmail HTTP/1.1 400 33 - 9.655 ms
Mon, 13 Feb 2017 03:47:56 GMT ::1 - POST /api/sendEmail HTTP/1.1 400 33 - 16.272 ms
Mon, 13 Feb 2017 03:47:58 GMT ::1 - POST /api/sendEmail HTTP/1.1 400 33 - 8.089 ms
Mon, 13 Feb 2017 03:48:01 GMT ::1 - POST /api/sendEmail HTTP/1.1 400 33 - 12.117 ms
Mon, 13 Feb 2017 03:49:19 GMT ::1 - POST /api/sendEmail HTTP/1.1 400 33 - 8.584 ms
Mon, 13 Feb 2017 03:49:30 GMT ::1 - POST /api/sendEmail HTTP/1.1 400 33 - 9.816 ms
Mon, 13 Feb 2017 03:49:32 GMT ::1 - POST /api/sendEmail HTTP/1.1 400 33 - 23.370 ms
Mon, 13 Feb 2017 03:49:50 GMT ::1 - POST /api/sendEmail HTTP/1.1 400 33 - 141.598 ms
Mon, 13 Feb 2017 03:51:53 GMT ::1 - GET /api/regions HTTP/1.1 200 383 - 121.061 ms
Mon, 13 Feb 2017 03:51:53 GMT ::1 - GET /api/amounts HTTP/1.1 200 238 - 18.952 ms
Mon, 13 Feb 2017 03:52:11 GMT ::1 - GET /api/sports HTTP/1.1 200 406 - 19.652 ms
Mon, 13 Feb 2017 03:52:32 GMT ::1 - GET /api/houseInsuranceCategories HTTP/1.1 200 407 - 20.636 ms
Mon, 13 Feb 2017 03:52:35 GMT ::1 - GET /api/carInsuranceServices HTTP/1.1 200 478 - 21.257 ms
Mon, 13 Feb 2017 03:52:41 GMT ::1 - GET /api/amounts/589736e058fe8d16e04e62c4 HTTP/1.1 200 54 - 47.427 ms
Mon, 13 Feb 2017 03:52:41 GMT ::1 - GET /api/regions/5897362158fe8d16e04e62bd HTTP/1.1 200 91 - 47.361 ms
Mon, 13 Feb 2017 03:52:42 GMT ::1 - POST /api/allRules HTTP/1.1 200 79 - 3944.258 ms
Mon, 13 Feb 2017 03:52:43 GMT ::1 - POST /api/insurances HTTP/1.1 200 640 - 108.095 ms
Mon, 13 Feb 2017 03:52:43 GMT ::1 - GET /api/insurances/58a12d8bbbe6331570d56dd1 HTTP/1.1 200 336 - 16.193 ms
Mon, 13 Feb 2017 03:52:43 GMT ::1 - GET /api/users/58a12d8bbbe6331570d56dcf HTTP/1.1 200 218 - 15.943 ms
Mon, 13 Feb 2017 03:52:43 GMT ::1 - GET /api/merchants HTTP/1.1 200 188 - 12.802 ms
Mon, 13 Feb 2017 03:52:47 GMT ::1 - GET /api/transactions/58a12d8bbbe6331570d56dd0 HTTP/1.1 200 155 - 10.378 ms
Mon, 13 Feb 2017 03:52:48 GMT ::1 - POST /api/insurances HTTP/1.1 - - - - ms
Mon, 13 Feb 2017 03:53:29 GMT ::1 - POST /api/getURL HTTP/1.1 200 74 - 10.020 ms
Mon, 13 Feb 2017 03:53:39 GMT ::1 - POST /api/sendEmail HTTP/1.1 200 38 - 746.716 ms
Mon, 13 Feb 2017 03:54:06 GMT ::1 - POST /api/getURL HTTP/1.1 200 74 - 13.773 ms
Mon, 13 Feb 2017 03:54:12 GMT ::1 - POST /api/sendEmail HTTP/1.1 400 33 - 20.390 ms
Mon, 13 Feb 2017 04:05:06 GMT ::1 - POST /api/getURL HTTP/1.1 200 91 - 50.773 ms
Mon, 13 Feb 2017 04:08:29 GMT ::1 - POST /api/sendEmail HTTP/1.1 400 33 - 13.981 ms
Mon, 13 Feb 2017 04:09:01 GMT ::1 - POST /api/getURL HTTP/1.1 200 74 - 7.613 ms
Mon, 13 Feb 2017 04:09:11 GMT ::1 - POST /api/sendEmail HTTP/1.1 400 33 - 9.039 ms
Mon, 13 Feb 2017 04:09:46 GMT ::1 - POST /api/getURL HTTP/1.1 200 91 - 28.838 ms
Mon, 13 Feb 2017 04:09:58 GMT ::1 - POST /api/sendEmail HTTP/1.1 400 33 - 15.921 ms
Mon, 13 Feb 2017 04:10:21 GMT ::1 - POST /api/getURL HTTP/1.1 200 74 - 7.572 ms
Mon, 13 Feb 2017 04:10:29 GMT ::1 - POST /api/sendEmail HTTP/1.1 400 33 - 18.793 ms
Mon, 13 Feb 2017 04:15:53 GMT ::1 - POST /api/sendEmail HTTP/1.1 400 33 - 13.627 ms
Mon, 13 Feb 2017 04:16:34 GMT ::1 - POST /api/getURL HTTP/1.1 200 91 - 26.490 ms
Mon, 13 Feb 2017 04:16:42 GMT ::1 - POST /api/sendEmail HTTP/1.1 400 33 - 10.022 ms
Mon, 13 Feb 2017 04:17:38 GMT ::1 - POST /api/getURL HTTP/1.1 200 74 - 13.258 ms
Mon, 13 Feb 2017 04:17:48 GMT ::1 - POST /api/sendEmail HTTP/1.1 400 33 - 12.382 ms
Mon, 13 Feb 2017 04:18:52 GMT ::1 - GET /api/regions HTTP/1.1 200 383 - 73.009 ms
Mon, 13 Feb 2017 04:18:52 GMT ::1 - GET /api/amounts HTTP/1.1 200 238 - 53.723 ms
Mon, 13 Feb 2017 04:19:05 GMT ::1 - GET /api/sports HTTP/1.1 200 406 - 18.026 ms
Mon, 13 Feb 2017 04:19:19 GMT ::1 - GET /api/houseInsuranceCategories HTTP/1.1 200 407 - 43.740 ms
Mon, 13 Feb 2017 04:19:21 GMT ::1 - GET /api/carInsuranceServices HTTP/1.1 200 478 - 11.719 ms
Mon, 13 Feb 2017 04:19:24 GMT ::1 - GET /api/amounts/589736e058fe8d16e04e62c4 HTTP/1.1 200 54 - 14.693 ms
Mon, 13 Feb 2017 04:19:28 GMT ::1 - GET /api/regions/5897361058fe8d16e04e62bc HTTP/1.1 200 93 - 16.455 ms
Mon, 13 Feb 2017 04:19:28 GMT ::1 - POST /api/allRules HTTP/1.1 200 79 - 3849.660 ms
Mon, 13 Feb 2017 04:19:29 GMT ::1 - POST /api/insurances HTTP/1.1 200 641 - 136.460 ms
Mon, 13 Feb 2017 04:19:29 GMT ::1 - GET /api/insurances/58a133d1bbe6331570d56dd4 HTTP/1.1 200 336 - 16.013 ms
Mon, 13 Feb 2017 04:19:29 GMT ::1 - GET /api/merchants HTTP/1.1 200 188 - 15.023 ms
Mon, 13 Feb 2017 04:19:29 GMT ::1 - GET /api/users/58a133d1bbe6331570d56dd2 HTTP/1.1 200 219 - 55.443 ms
Mon, 13 Feb 2017 04:19:34 GMT ::1 - GET /api/transactions/58a133d1bbe6331570d56dd3 HTTP/1.1 200 155 - 11.660 ms
Mon, 13 Feb 2017 04:20:19 GMT ::1 - POST /api/getURL HTTP/1.1 200 74 - 7.428 ms
Mon, 13 Feb 2017 04:20:28 GMT ::1 - POST /api/sendEmail HTTP/1.1 200 38 - 83.249 ms
Mon, 13 Feb 2017 04:22:03 GMT ::1 - POST /api/sendEmail HTTP/1.1 400 33 - 30.712 ms
Mon, 13 Feb 2017 20:20:53 GMT ::1 - GET /api/regions HTTP/1.1 200 383 - 739.110 ms
Mon, 13 Feb 2017 20:20:53 GMT ::1 - GET /api/amounts HTTP/1.1 200 238 - 778.525 ms
Mon, 13 Feb 2017 20:50:53 GMT ::1 - GET /api/regions HTTP/1.1 200 383 - 924.113 ms
Mon, 13 Feb 2017 20:50:53 GMT ::1 - GET /api/amounts HTTP/1.1 200 238 - 953.289 ms
Mon, 13 Feb 2017 20:51:21 GMT ::1 - GET /api/regions HTTP/1.1 200 383 - 10.028 ms
Mon, 13 Feb 2017 20:51:21 GMT ::1 - GET /api/amounts HTTP/1.1 200 238 - 14.072 ms
Mon, 13 Feb 2017 20:52:03 GMT ::1 - GET /api/sports HTTP/1.1 200 406 - 38.413 ms
Mon, 13 Feb 2017 20:52:32 GMT ::1 - GET /api/houseInsuranceCategories HTTP/1.1 200 407 - 73.816 ms
Mon, 13 Feb 2017 20:52:44 GMT ::1 - GET /api/carInsuranceServices HTTP/1.1 200 478 - 32.711 ms
Mon, 13 Feb 2017 20:52:55 GMT ::1 - GET /api/amounts/589736e058fe8d16e04e62c4 HTTP/1.1 200 54 - 6306.953 ms
Mon, 13 Feb 2017 20:52:55 GMT ::1 - GET /api/regions/5897362158fe8d16e04e62bd HTTP/1.1 200 91 - 37.465 ms
Mon, 13 Feb 2017 20:52:56 GMT ::1 - POST /api/allRules HTTP/1.1 200 77 - 5963.257 ms
Mon, 13 Feb 2017 20:53:01 GMT ::1 - POST /api/insurances HTTP/1.1 200 640 - 326.346 ms
Mon, 13 Feb 2017 20:53:01 GMT ::1 - GET /api/insurances/58a21cada85e5d0f6ce89346 HTTP/1.1 200 336 - 18.619 ms
Mon, 13 Feb 2017 20:53:01 GMT ::1 - GET /api/users/58a21caca85e5d0f6ce89344 HTTP/1.1 200 218 - 42.492 ms
Mon, 13 Feb 2017 20:53:01 GMT ::1 - GET /api/merchants HTTP/1.1 200 188 - 35.010 ms
Mon, 13 Feb 2017 20:53:05 GMT ::1 - GET /api/transactions/58a21caca85e5d0f6ce89345 HTTP/1.1 200 155 - 11.352 ms
Mon, 13 Feb 2017 20:53:07 GMT ::1 - POST /api/insurances HTTP/1.1 - - - - ms
Mon, 13 Feb 2017 20:54:36 GMT ::1 - POST /api/getURL HTTP/1.1 200 74 - 19.865 ms
Mon, 13 Feb 2017 20:54:53 GMT ::1 - POST /api/sendEmail HTTP/1.1 200 38 - 2048.821 ms
Mon, 13 Feb 2017 20:55:25 GMT ::1 - POST /api/getURL HTTP/1.1 200 74 - 16.496 ms
Mon, 13 Feb 2017 20:55:35 GMT ::1 - POST /api/sendEmail HTTP/1.1 400 33 - 30.478 ms
Mon, 13 Feb 2017 21:03:05 GMT ::1 - POST /api/getURL HTTP/1.1 200 74 - 8.803 ms
